<?xml version="1.0" encoding="UTF-8"?>
<coverage generated="1780256661514" clover="3.2.0">
  <project timestamp="1780256661514" name="All files">
    <metrics statements="669" coveredstatements="417" conditionals="457" coveredconditionals="244" methods="233" coveredmethods="134" elements="1359" coveredelements="795" complexity="0" loc="669" ncloc="669" packages="10" files="40" classes="40"/>
    <package name="entities.category">
      <metrics statements="22" coveredstatements="15" conditionals="19" coveredconditionals="1" methods="12" coveredmethods="9"/>
      <file name="model.ts" path="E:\git-my\finance-app\src\entities\category\model.ts">
        <metrics statements="0" coveredstatements="0" conditionals="0" coveredconditionals="0" methods="0" coveredmethods="0"/>
      </file>
      <file name="store.ts" path="E:\git-my\finance-app\src\entities\category\store.ts">
        <metrics statements="22" coveredstatements="15" conditionals="19" coveredconditionals="1" methods="12" coveredmethods="9"/>
        <line num="9" count="9" type="stmt"/>
        <line num="10" count="9" type="stmt"/>
        <line num="22" count="0" type="cond" truecount="0" falsecount="4"/>
        <line num="23" count="0" type="stmt"/>
        <line num="24" count="0" type="cond" truecount="0" falsecount="2"/>
        <line num="28" count="0" type="cond" truecount="0" falsecount="4"/>
        <line num="29" count="0" type="stmt"/>
        <line num="30" count="0" type="stmt"/>
        <line num="40" count="9" type="stmt"/>
        <line num="42" count="9" type="stmt"/>
        <line num="45" count="9" type="stmt"/>
        <line num="47" count="3" type="stmt"/>
        <line num="52" count="3" type="stmt"/>
        <line num="56" count="3" type="stmt"/>
        <line num="62" count="53" type="stmt"/>
        <line num="63" count="9" type="stmt"/>
        <line num="64" count="9" type="cond" truecount="1" falsecount="1"/>
        <line num="65" count="0" type="stmt"/>
        <line num="67" count="9" type="stmt"/>
        <line num="73" count="9" type="stmt"/>
        <line num="74" count="61" type="stmt"/>
        <line num="75" count="9" type="stmt"/>
      </file>
    </package>
    <package name="entities.transaction">
      <metrics statements="61" coveredstatements="51" conditionals="37" coveredconditionals="18" methods="30" coveredmethods="27"/>
      <file name="model.ts" path="E:\git-my\finance-app\src\entities\transaction\model.ts">
        <metrics statements="29" coveredstatements="28" conditionals="15" coveredconditionals="14" methods="9" coveredmethods="8"/>
        <line num="49" count="0" type="stmt"/>
        <line num="83" count="16" type="stmt"/>
        <line num="87" count="2" type="stmt"/>
        <line num="91" count="4" type="stmt"/>
        <line num="93" count="7" type="cond" truecount="2" falsecount="0"/>
        <line num="94" count="3" type="stmt"/>
        <line num="96" count="4" type="stmt"/>
        <line num="99" count="7" type="stmt"/>
        <line num="101" count="7" type="stmt"/>
        <line num="108" count="2" type="stmt"/>
        <line num="110" count="2" type="stmt"/>
        <line num="111" count="3" type="stmt"/>
        <line num="112" count="3" type="stmt"/>
        <line num="114" count="3" type="cond" truecount="2" falsecount="0"/>
        <line num="115" count="1" type="stmt"/>
        <line num="116" count="1" type="cond" truecount="1" falsecount="1"/>
        <line num="117" count="1" type="stmt"/>
        <line num="120" count="2" type="stmt"/>
        <line num="127" count="2" type="stmt"/>
        <line num="134" count="3" type="stmt"/>
        <line num="136" count="3" type="stmt"/>
        <line num="137" count="6" type="cond" truecount="4" falsecount="0"/>
        <line num="138" count="2" type="stmt"/>
        <line num="141" count="4" type="stmt"/>
        <line num="143" count="4" type="cond" truecount="2" falsecount="0"/>
        <line num="144" count="1" type="stmt"/>
        <line num="145" count="1" type="stmt"/>
        <line num="148" count="3" type="stmt"/>
        <line num="155" count="3" type="stmt"/>
      </file>
      <file name="store.ts" path="E:\git-my\finance-app\src\entities\transaction\store.ts">
        <metrics statements="32" coveredstatements="23" conditionals="22" coveredconditionals="4" methods="21" coveredmethods="19"/>
        <line num="12" count="3" type="stmt"/>
        <line num="13" count="3" type="stmt"/>
        <line num="27" count="0" type="cond" truecount="0" falsecount="4"/>
        <line num="28" count="0" type="stmt"/>
        <line num="29" count="0" type="cond" truecount="0" falsecount="2"/>
        <line num="33" count="0" type="cond" truecount="0" falsecount="4"/>
        <line num="34" count="0" type="stmt"/>
        <line num="35" count="0" type="stmt"/>
        <line num="45" count="1009" type="stmt"/>
        <line num="46" count="1009" type="cond" truecount="1" falsecount="1"/>
        <line num="47" count="1009" type="stmt"/>
        <line num="51" count="0" type="stmt"/>
        <line num="52" count="0" type="stmt"/>
        <line num="55" count="3" type="stmt"/>
        <line num="57" count="3" type="stmt"/>
        <line num="60" count="3" type="stmt"/>
        <line num="62" count="1009" type="stmt"/>
        <line num="64" count="1009" type="stmt"/>
        <line num="68" count="1009" type="stmt"/>
        <line num="71" count="4" type="stmt"/>
        <line num="73" count="4" type="cond" truecount="2" falsecount="0"/>
        <line num="78" count="3" type="stmt"/>
        <line num="79" count="4" type="stmt"/>
        <line num="86" count="1064" type="stmt"/>
        <line num="87" count="3" type="stmt"/>
        <line num="88" count="3" type="cond" truecount="1" falsecount="1"/>
        <line num="89" count="0" type="stmt"/>
        <line num="91" count="3" type="stmt"/>
        <line num="97" count="8" type="stmt"/>
        <line num="98" count="12" type="stmt"/>
        <line num="99" count="3" type="stmt"/>
        <line num="100" count="3" type="stmt"/>
      </file>
    </package>
    <package name="features.add-transaction.model">
      <metrics statements="94" coveredstatements="93" conditionals="68" coveredconditionals="64" methods="30" coveredmethods="29"/>
      <file name="category-selection.ts" path="E:\git-my\finance-app\src\features\add-transaction\model\category-selection.ts">
        <metrics statements="11" coveredstatements="10" conditionals="0" coveredconditionals="0" methods="9" coveredmethods="8"/>
        <line num="10" count="1" type="stmt"/>
        <line num="12" count="1" type="stmt"/>
        <line num="15" count="9" type="stmt"/>
        <line num="19" count="9" type="stmt"/>
        <line num="20" count="9" type="stmt"/>
        <line num="24" count="5" type="stmt"/>
        <line num="28" count="7" type="stmt"/>
        <line num="30" count="7" type="stmt"/>
        <line num="32" count="7" type="stmt"/>
        <line num="34" count="24" type="stmt"/>
        <line num="35" count="0" type="stmt"/>
      </file>
      <file name="use-transaction-form.ts" path="E:\git-my\finance-app\src\features\add-transaction\model\use-transaction-form.ts">
        <metrics statements="83" coveredstatements="83" conditionals="68" coveredconditionals="64" methods="21" coveredmethods="21"/>
        <line num="21" count="1" type="stmt"/>
        <line num="22" count="1" type="stmt"/>
        <line num="23" count="1" type="stmt"/>
        <line num="45" count="115" type="cond" truecount="2" falsecount="0"/>
        <line num="46" count="97" type="stmt"/>
        <line num="56" count="18" type="stmt"/>
        <line num="67" count="97" type="stmt"/>
        <line num="74" count="97" type="stmt"/>
        <line num="75" count="97" type="stmt"/>
        <line num="76" count="97" type="stmt"/>
        <line num="78" count="97" type="cond" truecount="5" falsecount="0"/>
        <line num="79" count="60" type="stmt"/>
        <line num="80" count="37" type="cond" truecount="2" falsecount="0"/>
        <line num="81" count="3" type="stmt"/>
        <line num="84" count="97" type="cond" truecount="2" falsecount="0"/>
        <line num="85" count="47" type="stmt"/>
        <line num="88" count="97" type="cond" truecount="2" falsecount="0"/>
        <line num="89" count="3" type="stmt"/>
        <line num="90" count="94" type="cond" truecount="2" falsecount="0"/>
        <line num="91" count="3" type="stmt"/>
        <line num="94" count="97" type="cond" truecount="5" falsecount="0"/>
        <line num="95" count="68" type="stmt"/>
        <line num="98" count="29" type="stmt"/>
        <line num="112" count="83" type="stmt"/>
        <line num="113" count="83" type="stmt"/>
        <line num="114" count="83" type="stmt"/>
        <line num="115" count="78" type="stmt"/>
        <line num="116" count="78" type="stmt"/>
        <line num="117" count="78" type="stmt"/>
        <line num="122" count="78" type="stmt"/>
        <line num="124" count="78" type="stmt"/>
        <line num="125" count="21" type="stmt"/>
        <line num="128" count="78" type="stmt"/>
        <line num="129" count="32" type="cond" truecount="4" falsecount="0"/>
        <line num="130" count="1" type="stmt"/>
        <line num="134" count="78" type="stmt"/>
        <line num="137" count="35" type="stmt"/>
        <line num="139" count="35" type="cond" truecount="2" falsecount="0"/>
        <line num="140" count="6" type="stmt"/>
        <line num="141" count="6" type="stmt"/>
        <line num="146" count="13" type="stmt"/>
        <line num="148" count="13" type="stmt"/>
        <line num="149" count="13" type="stmt"/>
        <line num="151" count="13" type="cond" truecount="2" falsecount="0"/>
        <line num="152" count="7" type="stmt"/>
        <line num="155" count="6" type="stmt"/>
        <line num="156" count="6" type="cond" truecount="2" falsecount="0"/>
        <line num="157" count="4" type="stmt"/>
        <line num="162" count="4" type="cond" truecount="4" falsecount="0"/>
        <line num="163" count="2" type="cond" truecount="1" falsecount="1"/>
        <line num="164" count="4" type="cond" truecount="1" falsecount="1"/>
        <line num="167" count="2" type="stmt"/>
        <line num="170" count="2" type="stmt"/>
        <line num="172" count="2" type="stmt"/>
        <line num="177" count="4" type="stmt"/>
        <line num="180" count="2" type="cond" truecount="2" falsecount="0"/>
        <line num="185" count="2" type="stmt"/>
        <line num="186" count="2" type="cond" truecount="2" falsecount="0"/>
        <line num="187" count="1" type="stmt"/>
        <line num="193" count="4" type="cond" truecount="2" falsecount="0"/>
        <line num="194" count="1" type="stmt"/>
        <line num="197" count="3" type="stmt"/>
        <line num="199" count="3" type="cond" truecount="2" falsecount="0"/>
        <line num="200" count="1" type="stmt"/>
        <line num="204" count="1" type="stmt"/>
        <line num="207" count="2" type="stmt"/>
        <line num="214" count="2" type="cond" truecount="4" falsecount="0"/>
        <line num="215" count="1" type="stmt"/>
        <line num="218" count="1" type="stmt"/>
        <line num="222" count="1" type="stmt"/>
        <line num="224" count="3" type="stmt"/>
        <line num="229" count="3" type="cond" truecount="2" falsecount="0"/>
        <line num="230" count="1" type="stmt"/>
        <line num="233" count="2" type="stmt"/>
        <line num="239" count="1" type="cond" truecount="1" falsecount="1"/>
        <line num="240" count="1" type="stmt"/>
        <line num="241" count="1" type="stmt"/>
        <line num="250" count="78" type="stmt"/>
        <line num="251" count="26" type="cond" truecount="2" falsecount="0"/>
        <line num="252" count="5" type="stmt"/>
        <line num="257" count="78" type="cond" truecount="2" falsecount="0"/>
        <line num="258" count="78" type="stmt"/>
        <line num="260" count="78" type="stmt"/>
      </file>
    </package>
    <package name="features.add-transaction.ui">
      <metrics statements="76" coveredstatements="12" conditionals="75" coveredconditionals="24" methods="35" coveredmethods="7"/>
      <file name="category-picker.tsx" path="E:\git-my\finance-app\src\features\add-transaction\ui\category-picker.tsx">
        <metrics statements="12" coveredstatements="12" conditionals="26" coveredconditionals="24" methods="7" coveredmethods="7"/>
        <line num="28" count="1" type="stmt"/>
        <line num="42" count="22" type="cond" truecount="2" falsecount="0"/>
        <line num="49" count="5" type="cond" truecount="2" falsecount="0"/>
        <line num="51" count="21" type="stmt"/>
        <line num="52" count="5" type="cond" truecount="2" falsecount="0"/>
        <line num="53" count="5" type="cond" truecount="2" falsecount="0"/>
        <line num="56" count="1" type="stmt"/>
        <line num="65" count="5" type="stmt"/>
        <line num="70" count="18" type="stmt"/>
        <line num="72" count="18" type="stmt"/>
        <line num="73" count="1" type="stmt"/>
        <line num="129" count="1" type="stmt"/>
      </file>
      <file name="date-field.tsx" path="E:\git-my\finance-app\src\features\add-transaction\ui\date-field.tsx">
        <metrics statements="28" coveredstatements="0" conditionals="22" coveredconditionals="0" methods="10" coveredmethods="0"/>
        <line num="16" count="0" type="stmt"/>
        <line num="17" count="0" type="stmt"/>
        <line num="18" count="0" type="stmt"/>
        <line num="21" count="0" type="cond" truecount="0" falsecount="2"/>
        <line num="22" count="0" type="stmt"/>
        <line num="23" count="0" type="stmt"/>
        <line num="25" count="0" type="stmt"/>
        <line num="29" count="0" type="stmt"/>
        <line num="30" count="0" type="stmt"/>
        <line num="31" count="0" type="stmt"/>
        <line num="33" count="0" type="stmt"/>
        <line num="37" count="0" type="stmt"/>
        <line num="38" count="0" type="stmt"/>
        <line num="39" count="0" type="stmt"/>
        <line num="42" count="0" type="cond" truecount="0" falsecount="2"/>
        <line num="45" count="0" type="cond" truecount="0" falsecount="2"/>
        <line num="46" count="0" type="stmt"/>
        <line num="49" count="0" type="cond" truecount="0" falsecount="4"/>
        <line num="50" count="0" type="stmt"/>
        <line num="53" count="0" type="stmt"/>
        <line num="63" count="0" type="stmt"/>
        <line num="66" count="0" type="stmt"/>
        <line num="70" count="0" type="stmt"/>
        <line num="71" count="0" type="stmt"/>
        <line num="73" count="0" type="stmt"/>
        <line num="76" count="0" type="stmt"/>
        <line num="85" count="0" type="stmt"/>
        <line num="125" count="0" type="stmt"/>
      </file>
      <file name="transaction-form.tsx" path="E:\git-my\finance-app\src\features\add-transaction\ui\transaction-form.tsx">
        <metrics statements="31" coveredstatements="0" conditionals="21" coveredconditionals="0" methods="15" coveredmethods="0"/>
        <line num="29" count="0" type="stmt"/>
        <line num="30" count="0" type="stmt"/>
        <line num="31" count="0" type="stmt"/>
        <line num="32" count="0" type="stmt"/>
        <line num="47" count="0" type="stmt"/>
        <line num="48" count="0" type="stmt"/>
        <line num="49" count="0" type="stmt"/>
        <line num="51" count="0" type="stmt"/>
        <line num="52" count="0" type="stmt"/>
        <line num="60" count="0" type="stmt"/>
        <line num="66" count="0" type="stmt"/>
        <line num="68" count="0" type="stmt"/>
        <line num="69" count="0" type="cond" truecount="0" falsecount="2"/>
        <line num="70" count="0" type="stmt"/>
        <line num="73" count="0" type="cond" truecount="0" falsecount="2"/>
        <line num="74" count="0" type="stmt"/>
        <line num="77" count="0" type="cond" truecount="0" falsecount="2"/>
        <line num="78" count="0" type="stmt"/>
        <line num="81" count="0" type="stmt"/>
        <line num="87" count="0" type="stmt"/>
        <line num="89" count="0" type="stmt"/>
        <line num="108" count="0" type="stmt"/>
        <line num="115" count="0" type="stmt"/>
        <line num="128" count="0" type="stmt"/>
        <line num="137" count="0" type="stmt"/>
        <line num="145" count="0" type="stmt"/>
        <line num="157" count="0" type="stmt"/>
        <line num="159" count="0" type="stmt"/>
        <line num="166" count="0" type="stmt"/>
        <line num="177" count="0" type="stmt"/>
        <line num="192" count="0" type="stmt"/>
      </file>
      <file name="type-switch.tsx" path="E:\git-my\finance-app\src\features\add-transaction\ui\type-switch.tsx">
        <metrics statements="5" coveredstatements="0" conditionals="6" coveredconditionals="0" methods="3" coveredmethods="0"/>
        <line num="13" count="0" type="stmt"/>
        <line num="16" count="0" type="stmt"/>
        <line num="18" count="0" type="stmt"/>
        <line num="21" count="0" type="stmt"/>
        <line num="34" count="0" type="stmt"/>
      </file>
    </package>
    <package name="features.transaction-list.ui">
      <metrics statements="26" coveredstatements="23" conditionals="28" coveredconditionals="22" methods="8" coveredmethods="7"/>
      <file name="day-section-header.tsx" path="E:\git-my\finance-app\src\features\transaction-list\ui\day-section-header.tsx">
        <metrics statements="2" coveredstatements="0" conditionals="4" coveredconditionals="0" methods="1" coveredmethods="0"/>
        <line num="14" count="0" type="stmt"/>
        <line num="25" count="0" type="stmt"/>
      </file>
      <file name="transaction-list.tsx" path="E:\git-my\finance-app\src\features\transaction-list\ui\transaction-list.tsx">
        <metrics statements="17" coveredstatements="16" conditionals="12" coveredconditionals="10" methods="6" coveredmethods="6"/>
        <line num="29" count="8" type="stmt"/>
        <line num="30" count="8" type="stmt"/>
        <line num="31" count="8" type="stmt"/>
        <line num="33" count="8" type="stmt"/>
        <line num="34" count="4" type="cond" truecount="4" falsecount="0"/>
        <line num="35" count="1" type="stmt"/>
        <line num="38" count="3" type="cond" truecount="2" falsecount="2"/>
        <line num="39" count="0" type="stmt"/>
        <line num="42" count="3" type="stmt"/>
        <line num="47" count="8" type="cond" truecount="2" falsecount="0"/>
        <line num="48" count="5" type="stmt"/>
        <line num="51" count="3" type="cond" truecount="2" falsecount="0"/>
        <line num="52" count="1" type="stmt"/>
        <line num="62" count="2" type="stmt"/>
        <line num="66" count="5" type="stmt"/>
        <line num="68" count="3" type="stmt"/>
        <line num="75" count="1" type="stmt"/>
      </file>
      <file name="transaction-row.tsx" path="E:\git-my\finance-app\src\features\transaction-list\ui\transaction-row.tsx">
        <metrics statements="7" coveredstatements="7" conditionals="12" coveredconditionals="12" methods="1" coveredmethods="1"/>
        <line num="21" count="2" type="stmt"/>
        <line num="22" count="2" type="stmt"/>
        <line num="25" count="9" type="stmt"/>
        <line num="26" count="9" type="stmt"/>
        <line num="29" count="9" type="cond" truecount="4" falsecount="0"/>
        <line num="31" count="9" type="stmt"/>
        <line num="73" count="2" type="stmt"/>
      </file>
    </package>
    <package name="screens">
      <metrics statements="150" coveredstatements="0" conditionals="90" coveredconditionals="0" methods="58" coveredmethods="0"/>
      <file name="category.tsx" path="E:\git-my\finance-app\src\screens\category.tsx">
        <metrics statements="16" coveredstatements="0" conditionals="6" coveredconditionals="0" methods="6" coveredmethods="0"/>
        <line num="21" count="0" type="stmt"/>
        <line num="25" count="0" type="stmt"/>
        <line num="28" count="0" type="cond" truecount="0" falsecount="2"/>
        <line num="31" count="0" type="stmt"/>
        <line num="32" count="0" type="stmt"/>
        <line num="36" count="0" type="stmt"/>
        <line num="37" count="0" type="stmt"/>
        <line num="40" count="0" type="stmt"/>
        <line num="42" count="0" type="cond" truecount="0" falsecount="2"/>
        <line num="43" count="0" type="stmt"/>
        <line num="49" count="0" type="stmt"/>
        <line num="50" count="0" type="stmt"/>
        <line num="54" count="0" type="stmt"/>
        <line num="62" count="0" type="stmt"/>
        <line num="69" count="0" type="stmt"/>
        <line num="97" count="0" type="stmt"/>
      </file>
      <file name="create-category.tsx" path="E:\git-my\finance-app\src\screens\create-category.tsx">
        <metrics statements="55" coveredstatements="0" conditionals="31" coveredconditionals="0" methods="17" coveredmethods="0"/>
        <line num="14" count="0" type="stmt"/>
        <line num="47" count="0" type="stmt"/>
        <line num="76" count="0" type="stmt"/>
        <line num="78" count="0" type="stmt"/>
        <line num="81" count="0" type="stmt"/>
        <line num="90" count="0" type="cond" truecount="0" falsecount="2"/>
        <line num="91" count="0" type="stmt"/>
        <line num="92" count="0" type="stmt"/>
        <line num="94" count="0" type="stmt"/>
        <line num="95" count="0" type="stmt"/>
        <line num="96" count="0" type="stmt"/>
        <line num="99" count="0" type="stmt"/>
        <line num="103" count="0" type="stmt"/>
        <line num="104" count="0" type="stmt"/>
        <line num="107" count="0" type="stmt"/>
        <line num="108" count="0" type="stmt"/>
        <line num="111" count="0" type="stmt"/>
        <line num="112" count="0" type="stmt"/>
        <line num="113" count="0" type="stmt"/>
        <line num="114" count="0" type="stmt"/>
        <line num="115" count="0" type="stmt"/>
        <line num="116" count="0" type="stmt"/>
        <line num="117" count="0" type="stmt"/>
        <line num="118" count="0" type="cond" truecount="0" falsecount="2"/>
        <line num="120" count="0" type="stmt"/>
        <line num="121" count="0" type="cond" truecount="0" falsecount="2"/>
        <line num="122" count="0" type="stmt"/>
        <line num="126" count="0" type="stmt"/>
        <line num="128" count="0" type="stmt"/>
        <line num="132" count="0" type="cond" truecount="0" falsecount="2"/>
        <line num="135" count="0" type="cond" truecount="0" falsecount="2"/>
        <line num="136" count="0" type="stmt"/>
        <line num="137" count="0" type="stmt"/>
        <line num="140" count="0" type="cond" truecount="0" falsecount="2"/>
        <line num="141" count="0" type="stmt"/>
        <line num="142" count="0" type="stmt"/>
        <line num="145" count="0" type="stmt"/>
        <line num="148" count="0" type="stmt"/>
        <line num="151" count="0" type="stmt"/>
        <line num="158" count="0" type="stmt"/>
        <line num="159" count="0" type="stmt"/>
        <line num="162" count="0" type="stmt"/>
        <line num="169" count="0" type="stmt"/>
        <line num="186" count="0" type="stmt"/>
        <line num="187" count="0" type="cond" truecount="0" falsecount="2"/>
        <line num="188" count="0" type="stmt"/>
        <line num="206" count="0" type="stmt"/>
        <line num="208" count="0" type="stmt"/>
        <line num="209" count="0" type="stmt"/>
        <line num="227" count="0" type="stmt"/>
        <line num="233" count="0" type="stmt"/>
        <line num="235" count="0" type="stmt"/>
        <line num="238" count="0" type="stmt"/>
        <line num="253" count="0" type="stmt"/>
        <line num="265" count="0" type="stmt"/>
      </file>
      <file name="home.tsx" path="E:\git-my\finance-app\src\screens\home.tsx">
        <metrics statements="45" coveredstatements="0" conditionals="35" coveredconditionals="0" methods="17" coveredmethods="0"/>
        <line num="25" count="0" type="stmt"/>
        <line num="26" count="0" type="stmt"/>
        <line num="27" count="0" type="stmt"/>
        <line num="28" count="0" type="stmt"/>
        <line num="29" count="0" type="stmt"/>
        <line num="30" count="0" type="stmt"/>
        <line num="31" count="0" type="stmt"/>
        <line num="32" count="0" type="stmt"/>
        <line num="33" count="0" type="stmt"/>
        <line num="34" count="0" type="stmt"/>
        <line num="35" count="0" type="stmt"/>
        <line num="43" count="0" type="stmt"/>
        <line num="50" count="0" type="cond" truecount="0" falsecount="2"/>
        <line num="51" count="0" type="stmt"/>
        <line num="52" count="0" type="stmt"/>
        <line num="54" count="0" type="stmt"/>
        <line num="66" count="0" type="stmt"/>
        <line num="67" count="0" type="cond" truecount="0" falsecount="2"/>
        <line num="68" count="0" type="stmt"/>
        <line num="70" count="0" type="stmt"/>
        <line num="72" count="0" type="stmt"/>
        <line num="101" count="0" type="stmt"/>
        <line num="102" count="0" type="stmt"/>
        <line num="103" count="0" type="stmt"/>
        <line num="104" count="0" type="stmt"/>
        <line num="105" count="0" type="stmt"/>
        <line num="106" count="0" type="stmt"/>
        <line num="109" count="0" type="stmt"/>
        <line num="111" count="0" type="stmt"/>
        <line num="113" count="0" type="stmt"/>
        <line num="117" count="0" type="stmt"/>
        <line num="119" count="0" type="stmt"/>
        <line num="121" count="0" type="cond" truecount="0" falsecount="2"/>
        <line num="122" count="0" type="stmt"/>
        <line num="128" count="0" type="stmt"/>
        <line num="133" count="0" type="cond" truecount="0" falsecount="2"/>
        <line num="136" count="0" type="stmt"/>
        <line num="140" count="0" type="stmt"/>
        <line num="143" count="0" type="stmt"/>
        <line num="182" count="0" type="stmt"/>
        <line num="193" count="0" type="stmt"/>
        <line num="205" count="0" type="cond" truecount="0" falsecount="2"/>
        <line num="247" count="0" type="stmt"/>
        <line num="249" count="0" type="stmt"/>
        <line num="281" count="0" type="stmt"/>
      </file>
      <file name="transaction.tsx" path="E:\git-my\finance-app\src\screens\transaction.tsx">
        <metrics statements="8" coveredstatements="0" conditionals="8" coveredconditionals="0" methods="4" coveredmethods="0"/>
        <line num="9" count="0" type="stmt"/>
        <line num="10" count="0" type="stmt"/>
        <line num="11" count="0" type="stmt"/>
        <line num="12" count="0" type="cond" truecount="0" falsecount="2"/>
        <line num="14" count="0" type="stmt"/>
        <line num="27" count="0" type="stmt"/>
        <line num="34" count="0" type="stmt"/>
        <line num="35" count="0" type="stmt"/>
      </file>
      <file name="transactions.tsx" path="E:\git-my\finance-app\src\screens\transactions.tsx">
        <metrics statements="26" coveredstatements="0" conditionals="10" coveredconditionals="0" methods="14" coveredmethods="0"/>
        <line num="12" count="0" type="stmt"/>
        <line num="15" count="0" type="stmt"/>
        <line num="16" count="0" type="stmt"/>
        <line num="17" count="0" type="stmt"/>
        <line num="20" count="0" type="stmt"/>
        <line num="21" count="0" type="stmt"/>
        <line num="22" count="0" type="stmt"/>
        <line num="24" count="0" type="stmt"/>
        <line num="25" count="0" type="stmt"/>
        <line num="27" count="0" type="stmt"/>
        <line num="28" count="0" type="stmt"/>
        <line num="29" count="0" type="stmt"/>
        <line num="30" count="0" type="stmt"/>
        <line num="31" count="0" type="stmt"/>
        <line num="35" count="0" type="stmt"/>
        <line num="40" count="0" type="stmt"/>
        <line num="54" count="0" type="stmt"/>
        <line num="67" count="0" type="stmt"/>
        <line num="81" count="0" type="stmt"/>
        <line num="83" count="0" type="stmt"/>
        <line num="84" count="0" type="cond" truecount="0" falsecount="2"/>
        <line num="97" count="0" type="stmt"/>
        <line num="108" count="0" type="stmt"/>
        <line num="118" count="0" type="stmt"/>
        <line num="120" count="0" type="stmt"/>
        <line num="130" count="0" type="stmt"/>
      </file>
    </package>
    <package name="shared.config">
      <metrics statements="44" coveredstatements="43" conditionals="6" coveredconditionals="5" methods="14" coveredmethods="14"/>
      <file name="i18n.ts" path="E:\git-my\finance-app\src\shared\config\i18n.ts">
        <metrics statements="8" coveredstatements="7" conditionals="2" coveredconditionals="1" methods="1" coveredmethods="1"/>
        <line num="10" count="10" type="stmt"/>
        <line num="13" count="10" type="stmt"/>
        <line num="14" count="10" type="stmt"/>
        <line num="15" count="10" type="cond" truecount="1" falsecount="1"/>
        <line num="17" count="0" type="stmt"/>
        <line num="22" count="10" type="stmt"/>
        <line num="25" count="10" type="stmt"/>
        <line num="28" count="10" type="stmt"/>
      </file>
      <file name="strings.ts" path="E:\git-my\finance-app\src\shared\config\strings.ts">
        <metrics statements="1" coveredstatements="1" conditionals="0" coveredconditionals="0" methods="0" coveredmethods="0"/>
        <line num="15" count="7" type="stmt"/>
      </file>
      <file name="theme.ts" path="E:\git-my\finance-app\src\shared\config\theme.ts">
        <metrics statements="19" coveredstatements="19" conditionals="0" coveredconditionals="0" methods="0" coveredmethods="0"/>
        <line num="4" count="8" type="stmt"/>
        <line num="13" count="8" type="stmt"/>
        <line num="39" count="8" type="stmt"/>
        <line num="53" count="8" type="stmt"/>
        <line num="64" count="8" type="stmt"/>
        <line num="75" count="8" type="stmt"/>
        <line num="83" count="8" type="stmt"/>
        <line num="84" count="8" type="stmt"/>
        <line num="85" count="8" type="stmt"/>
        <line num="86" count="8" type="stmt"/>
        <line num="87" count="8" type="stmt"/>
        <line num="88" count="8" type="stmt"/>
        <line num="89" count="8" type="stmt"/>
        <line num="90" count="8" type="stmt"/>
        <line num="91" count="8" type="stmt"/>
        <line num="92" count="8" type="stmt"/>
        <line num="94" count="8" type="stmt"/>
        <line num="129" count="8" type="stmt"/>
        <line num="142" count="8" type="stmt"/>
      </file>
      <file name="transaction-categories.ts" path="E:\git-my\finance-app\src\shared\config\transaction-categories.ts">
        <metrics statements="16" coveredstatements="16" conditionals="4" coveredconditionals="4" methods="13" coveredmethods="13"/>
        <line num="19" count="8" type="stmt"/>
        <line num="31" count="8" type="stmt"/>
        <line num="40" count="8" type="stmt"/>
        <line num="43" count="8" type="stmt"/>
        <line num="46" count="5" type="stmt"/>
        <line num="56" count="390" type="stmt"/>
        <line num="60" count="26" type="stmt"/>
        <line num="64" count="35" type="stmt"/>
        <line num="68" count="83" type="stmt"/>
        <line num="70" count="83" type="stmt"/>
        <line num="74" count="2" type="cond" truecount="2" falsecount="0"/>
        <line num="81" count="35" type="stmt"/>
        <line num="82" count="35" type="cond" truecount="2" falsecount="0"/>
        <line num="83" count="116" type="stmt"/>
        <line num="87" count="20" type="stmt"/>
        <line num="88" count="20" type="stmt"/>
      </file>
    </package>
    <package name="shared.hooks">
      <metrics statements="15" coveredstatements="14" conditionals="12" coveredconditionals="10" methods="5" coveredmethods="5"/>
      <file name="use-color-scheme.ts" path="E:\git-my\finance-app\src\shared\hooks\use-color-scheme.ts">
        <metrics statements="0" coveredstatements="0" conditionals="0" coveredconditionals="0" methods="0" coveredmethods="0"/>
      </file>
      <file name="use-color-scheme.web.ts" path="E:\git-my\finance-app\src\shared\hooks\use-color-scheme.web.ts">
        <metrics statements="0" coveredstatements="0" conditionals="0" coveredconditionals="0" methods="0" coveredmethods="0"/>
      </file>
      <file name="use-theme-color.ts" path="E:\git-my\finance-app\src\shared\hooks\use-theme-color.ts">
        <metrics statements="5" coveredstatements="4" conditionals="4" coveredconditionals="2" methods="1" coveredmethods="1"/>
        <line num="8" count="150" type="cond" truecount="1" falsecount="1"/>
        <line num="9" count="150" type="stmt"/>
        <line num="11" count="150" type="cond" truecount="1" falsecount="1"/>
        <line num="12" count="0" type="stmt"/>
        <line num="15" count="150" type="stmt"/>
      </file>
      <file name="use-typed-search-params.ts" path="E:\git-my\finance-app\src\shared\hooks\use-typed-search-params.ts">
        <metrics statements="10" coveredstatements="10" conditionals="8" coveredconditionals="8" methods="4" coveredmethods="4"/>
        <line num="9" count="8" type="cond" truecount="2" falsecount="0"/>
        <line num="10" count="6" type="cond" truecount="2" falsecount="0"/>
        <line num="11" count="6" type="cond" truecount="4" falsecount="0"/>
        <line num="26" count="2" type="stmt"/>
        <line num="28" count="2" type="stmt"/>
        <line num="29" count="2" type="stmt"/>
        <line num="30" count="2" type="stmt"/>
        <line num="31" count="3" type="stmt"/>
        <line num="33" count="2" type="stmt"/>
        <line num="36" count="3" type="stmt"/>
      </file>
    </package>
    <package name="shared.lib">
      <metrics statements="123" coveredstatements="114" conditionals="72" coveredconditionals="61" methods="27" coveredmethods="24"/>
      <file name="crash-logger.ts" path="E:\git-my\finance-app\src\shared\lib\crash-logger.ts">
        <metrics statements="2" coveredstatements="0" conditionals="6" coveredconditionals="0" methods="1" coveredmethods="0"/>
        <line num="26" count="0" type="stmt"/>
        <line num="35" count="0" type="stmt"/>
      </file>
      <file name="currency.ts" path="E:\git-my\finance-app\src\shared\lib\currency.ts">
        <metrics statements="2" coveredstatements="2" conditionals="0" coveredconditionals="0" methods="1" coveredmethods="1"/>
        <line num="3" count="1" type="stmt"/>
        <line num="11" count="6" type="stmt"/>
      </file>
      <file name="date.ts" path="E:\git-my\finance-app\src\shared\lib\date.ts">
        <metrics statements="33" coveredstatements="31" conditionals="20" coveredconditionals="20" methods="7" coveredmethods="5"/>
        <line num="4" count="127" type="stmt"/>
        <line num="5" count="127" type="stmt"/>
        <line num="6" count="127" type="stmt"/>
        <line num="7" count="127" type="stmt"/>
        <line num="9" count="127" type="stmt"/>
        <line num="13" count="119" type="stmt"/>
        <line num="15" count="119" type="cond" truecount="2" falsecount="0"/>
        <line num="16" count="9" type="stmt"/>
        <line num="19" count="110" type="stmt"/>
        <line num="20" count="110" type="stmt"/>
        <line num="21" count="110" type="stmt"/>
        <line num="22" count="110" type="stmt"/>
        <line num="24" count="110" type="cond" truecount="7" falsecount="0"/>
        <line num="25" count="4" type="stmt"/>
        <line num="28" count="106" type="stmt"/>
        <line num="30" count="106" type="cond" truecount="2" falsecount="0"/>
        <line num="35" count="3" type="stmt"/>
        <line num="38" count="103" type="stmt"/>
        <line num="42" count="10" type="stmt"/>
        <line num="46" count="4" type="stmt"/>
        <line num="48" count="4" type="cond" truecount="2" falsecount="0"/>
        <line num="49" count="1" type="stmt"/>
        <line num="52" count="3" type="stmt"/>
        <line num="53" count="3" type="stmt"/>
        <line num="54" count="3" type="stmt"/>
        <line num="56" count="3" type="cond" truecount="2" falsecount="0"/>
        <line num="57" count="1" type="stmt"/>
        <line num="60" count="2" type="cond" truecount="2" falsecount="0"/>
        <line num="61" count="1" type="stmt"/>
        <line num="64" count="1" type="stmt"/>
        <line num="72" count="0" type="stmt"/>
        <line num="79" count="9" type="stmt"/>
        <line num="86" count="0" type="stmt"/>
      </file>
      <file name="receipt-storage.ts" path="E:\git-my\finance-app\src\shared\lib\receipt-storage.ts">
        <metrics statements="55" coveredstatements="51" conditionals="35" coveredconditionals="30" methods="13" coveredmethods="13"/>
        <line num="4" count="2" type="cond" truecount="1" falsecount="1"/>
        <line num="8" count="2" type="stmt"/>
        <line num="9" count="2" type="stmt"/>
        <line num="15" count="8" type="stmt"/>
        <line num="16" count="8" type="stmt"/>
        <line num="17" count="8" type="stmt"/>
        <line num="22" count="12" type="cond" truecount="1" falsecount="1"/>
        <line num="23" count="12" type="stmt"/>
        <line num="25" count="12" type="cond" truecount="3" falsecount="1"/>
        <line num="26" count="0" type="stmt"/>
        <line num="29" count="12" type="stmt"/>
        <line num="33" count="6" type="cond" truecount="3" falsecount="1"/>
        <line num="34" count="0" type="stmt"/>
        <line num="37" count="6" type="stmt"/>
        <line num="39" count="6" type="cond" truecount="2" falsecount="0"/>
        <line num="40" count="1" type="stmt"/>
        <line num="45" count="23" type="cond" truecount="2" falsecount="0"/>
        <line num="49" count="14" type="cond" truecount="5" falsecount="0"/>
        <line num="50" count="2" type="stmt"/>
        <line num="53" count="12" type="stmt"/>
        <line num="55" count="12" type="cond" truecount="2" falsecount="0"/>
        <line num="56" count="2" type="stmt"/>
        <line num="60" count="10" type="stmt"/>
        <line num="61" count="10" type="stmt"/>
        <line num="63" count="2" type="stmt"/>
        <line num="66" count="8" type="cond" truecount="2" falsecount="0"/>
        <line num="67" count="1" type="stmt"/>
        <line num="70" count="7" type="cond" truecount="4" falsecount="0"/>
        <line num="71" count="1" type="stmt"/>
        <line num="77" count="6" type="stmt"/>
        <line num="78" count="6" type="stmt"/>
        <line num="80" count="0" type="stmt"/>
        <line num="83" count="6" type="stmt"/>
        <line num="85" count="6" type="stmt"/>
        <line num="86" count="6" type="stmt"/>
        <line num="88" count="1" type="stmt"/>
        <line num="91" count="5" type="stmt"/>
        <line num="100" count="3" type="stmt"/>
        <line num="102" count="3" type="stmt"/>
        <line num="103" count="3" type="stmt"/>
        <line num="104" count="6" type="stmt"/>
        <line num="105" count="4" type="stmt"/>
        <line num="108" count="2" type="stmt"/>
        <line num="110" count="2" type="stmt"/>
        <line num="112" count="2" type="stmt"/>
        <line num="113" count="1" type="stmt"/>
        <line num="115" count="2" type="stmt"/>
        <line num="120" count="6" type="cond" truecount="4" falsecount="0"/>
        <line num="121" count="1" type="stmt"/>
        <line num="124" count="5" type="stmt"/>
        <line num="125" count="5" type="stmt"/>
        <line num="128" count="2" type="stmt"/>
        <line num="133" count="2" type="stmt"/>
        <line num="137" count="3" type="cond" truecount="1" falsecount="1"/>
        <line num="138" count="0" type="stmt"/>
      </file>
      <file name="storage.ts" path="E:\git-my\finance-app\src\shared\lib\storage.ts">
        <metrics statements="31" coveredstatements="30" conditionals="11" coveredconditionals="11" methods="5" coveredmethods="5"/>
        <line num="3" count="11" type="stmt"/>
        <line num="4" count="11" type="stmt"/>
        <line num="25" count="20" type="stmt"/>
        <line num="28" count="18" type="stmt"/>
        <line num="29" count="18" type="stmt"/>
        <line num="31" count="1" type="stmt"/>
        <line num="32" count="1" type="stmt"/>
        <line num="35" count="17" type="cond" truecount="2" falsecount="0"/>
        <line num="36" count="13" type="stmt"/>
        <line num="40" count="4" type="stmt"/>
        <line num="41" count="4" type="stmt"/>
        <line num="43" count="1" type="stmt"/>
        <line num="44" count="1" type="stmt"/>
        <line num="45" count="1" type="stmt"/>
        <line num="48" count="3" type="cond" truecount="2" falsecount="0"/>
        <line num="53" count="1" type="stmt"/>
        <line num="54" count="1" type="stmt"/>
        <line num="55" count="1" type="stmt"/>
        <line num="58" count="2" type="stmt"/>
        <line num="60" count="2" type="cond" truecount="4" falsecount="0"/>
        <line num="61" count="1" type="stmt"/>
        <line num="62" count="1" type="stmt"/>
        <line num="63" count="1" type="stmt"/>
        <line num="66" count="1" type="stmt"/>
        <line num="70" count="1119" type="stmt"/>
        <line num="71" count="1119" type="stmt"/>
        <line num="73" count="1" type="stmt"/>
        <line num="78" count="1" type="stmt"/>
        <line num="84" count="4" type="stmt"/>
        <line num="85" count="4" type="stmt"/>
        <line num="87" count="0" type="stmt"/>
      </file>
    </package>
    <package name="shared.ui">
      <metrics statements="58" coveredstatements="52" conditionals="50" coveredconditionals="39" methods="14" coveredmethods="12"/>
      <file name="button.tsx" path="E:\git-my\finance-app\src\shared\ui\button.tsx">
        <metrics statements="12" coveredstatements="12" conditionals="17" coveredconditionals="15" methods="2" coveredmethods="2"/>
        <line num="19" count="4" type="stmt"/>
        <line num="20" count="4" type="stmt"/>
        <line num="30" count="7" type="stmt"/>
        <line num="31" count="7" type="stmt"/>
        <line num="32" count="7" type="stmt"/>
        <line num="33" count="7" type="stmt"/>
        <line num="34" count="7" type="stmt"/>
        <line num="37" count="7" type="cond" truecount="2" falsecount="0"/>
        <line num="45" count="7" type="cond" truecount="4" falsecount="0"/>
        <line num="47" count="7" type="stmt"/>
        <line num="52" count="7" type="stmt"/>
        <line num="65" count="4" type="stmt"/>
      </file>
      <file name="card.tsx" path="E:\git-my\finance-app\src\shared\ui\card.tsx">
        <metrics statements="6" coveredstatements="6" conditionals="0" coveredconditionals="0" methods="1" coveredmethods="1"/>
        <line num="12" count="3" type="stmt"/>
        <line num="13" count="3" type="stmt"/>
        <line num="16" count="6" type="stmt"/>
        <line num="17" count="6" type="stmt"/>
        <line num="19" count="6" type="stmt"/>
        <line num="22" count="3" type="stmt"/>
      </file>
      <file name="empty-state.tsx" path="E:\git-my\finance-app\src\shared\ui\empty-state.tsx">
        <metrics statements="2" coveredstatements="2" conditionals="4" coveredconditionals="3" methods="1" coveredmethods="1"/>
        <line num="16" count="1" type="stmt"/>
        <line num="27" count="3" type="stmt"/>
      </file>
      <file name="error-boundary.tsx" path="E:\git-my\finance-app\src\shared\ui\error-boundary.tsx">
        <metrics statements="11" coveredstatements="11" conditionals="6" coveredconditionals="4" methods="5" coveredmethods="5"/>
        <line num="16" count="5" type="stmt"/>
        <line num="19" count="4" type="stmt"/>
        <line num="23" count="2" type="stmt"/>
        <line num="29" count="5" type="stmt"/>
        <line num="30" count="1" type="stmt"/>
        <line num="34" count="11" type="stmt"/>
        <line num="36" count="11" type="cond" truecount="2" falsecount="0"/>
        <line num="37" count="6" type="stmt"/>
        <line num="40" count="5" type="stmt"/>
        <line num="48" count="5" type="cond" truecount="1" falsecount="1"/>
        <line num="57" count="4" type="stmt"/>
      </file>
      <file name="loading-state.tsx" path="E:\git-my\finance-app\src\shared\ui\loading-state.tsx">
        <metrics statements="3" coveredstatements="3" conditionals="1" coveredconditionals="0" methods="1" coveredmethods="1"/>
        <line num="13" count="5" type="stmt"/>
        <line num="15" count="5" type="stmt"/>
        <line num="25" count="3" type="stmt"/>
      </file>
      <file name="screen.tsx" path="E:\git-my\finance-app\src\shared\ui\screen.tsx">
        <metrics statements="9" coveredstatements="5" conditionals="3" coveredconditionals="0" methods="1" coveredmethods="0"/>
        <line num="15" count="3" type="stmt"/>
        <line num="16" count="3" type="stmt"/>
        <line num="17" count="3" type="stmt"/>
        <line num="18" count="3" type="stmt"/>
        <line num="21" count="0" type="stmt"/>
        <line num="23" count="0" type="cond" truecount="0" falsecount="2"/>
        <line num="24" count="0" type="stmt"/>
        <line num="36" count="0" type="stmt"/>
        <line num="43" count="3" type="stmt"/>
      </file>
      <file name="text-field.tsx" path="E:\git-my\finance-app\src\shared\ui\text-field.tsx">
        <metrics statements="10" coveredstatements="10" conditionals="8" coveredconditionals="8" methods="1" coveredmethods="1"/>
        <line num="14" count="4" type="stmt"/>
        <line num="15" count="4" type="stmt"/>
        <line num="16" count="4" type="stmt"/>
        <line num="19" count="3" type="stmt"/>
        <line num="20" count="3" type="stmt"/>
        <line num="21" count="3" type="stmt"/>
        <line num="22" count="3" type="stmt"/>
        <line num="23" count="3" type="stmt"/>
        <line num="25" count="3" type="stmt"/>
        <line num="47" count="4" type="stmt"/>
      </file>
      <file name="themed-text.tsx" path="E:\git-my\finance-app\src\shared\ui\themed-text.tsx">
        <metrics statements="3" coveredstatements="3" conditionals="11" coveredconditionals="9" methods="1" coveredmethods="1"/>
        <line num="19" count="83" type="stmt"/>
        <line num="21" count="83" type="stmt"/>
        <line num="37" count="5" type="stmt"/>
      </file>
      <file name="themed-view.tsx" path="E:\git-my\finance-app\src\shared\ui\themed-view.tsx">
        <metrics statements="2" coveredstatements="0" conditionals="0" coveredconditionals="0" methods="1" coveredmethods="0"/>
        <line num="11" count="0" type="stmt"/>
        <line num="13" count="0" type="stmt"/>
      </file>
    </package>
  </project>
</coverage>
