{"E:\\git-my\\finance-app\\src\\entities\\category\\model.ts": {"path":"E:\\git-my\\finance-app\\src\\entities\\category\\model.ts","statementMap":{},"fnMap":{},"branchMap":{},"s":{},"f":{},"b":{},"_coverageSchema":"1a1c01bbd47fc00a2c39e90264f33305004495a9","hash":"099625fd7913439116029b2d915701ae499ec0c0"}
,"E:\\git-my\\finance-app\\src\\entities\\category\\store.ts": {"path":"E:\\git-my\\finance-app\\src\\entities\\category\\store.ts","statementMap":{"0":{"start":{"line":9,"column":19},"end":{"line":9,"column":52}},"1":{"start":{"line":10,"column":20},"end":{"line":10,"column":74}},"2":{"start":{"line":22,"column":2},"end":{"line":22,"column":56}},"3":{"start":{"line":22,"column":43},"end":{"line":22,"column":56}},"4":{"start":{"line":23,"column":20},"end":{"line":23,"column":66}},"5":{"start":{"line":24,"column":2},"end":{"line":24,"column":71}},"6":{"start":{"line":28,"column":2},"end":{"line":28,"column":56}},"7":{"start":{"line":28,"column":43},"end":{"line":28,"column":56}},"8":{"start":{"line":29,"column":12},"end":{"line":29,"column":44}},"9":{"start":{"line":30,"column":2},"end":{"line":37,"column":4}},"10":{"start":{"line":40,"column":38},"end":{"line":71,"column":1}},"11":{"start":{"line":42,"column":14},"end":{"line":58,"column":5}},"12":{"start":{"line":45,"column":33},"end":{"line":45,"column":50}},"13":{"start":{"line":47,"column":29},"end":{"line":50,"column":34}},"14":{"start":{"line":52,"column":8},"end":{"line":54,"column":12}},"15":{"start":{"line":52,"column":24},"end":{"line":54,"column":9}},"16":{"start":{"line":56,"column":8},"end":{"line":56,"column":28}},"17":{"start":{"line":62,"column":30},"end":{"line":62,"column":62}},"18":{"start":{"line":63,"column":32},"end":{"line":68,"column":7}},"19":{"start":{"line":64,"column":8},"end":{"line":66,"column":9}},"20":{"start":{"line":65,"column":10},"end":{"line":65,"column":73}},"21":{"start":{"line":67,"column":8},"end":{"line":67,"column":33}},"22":{"start":{"line":73,"column":46},"end":{"line":73,"column":92}},"23":{"start":{"line":73,"column":78},"end":{"line":73,"column":92}},"24":{"start":{"line":74,"column":38},"end":{"line":74,"column":86}},"25":{"start":{"line":74,"column":70},"end":{"line":74,"column":86}},"26":{"start":{"line":75,"column":39},"end":{"line":75,"column":88}},"27":{"start":{"line":75,"column":71},"end":{"line":75,"column":88}}},"fnMap":{"0":{"name":"isPersistedCustomCategoryState","decl":{"start":{"line":21,"column":9},"end":{"line":21,"column":39}},"loc":{"start":{"line":21,"column":95},"end":{"line":25,"column":1}},"line":21},"1":{"name":"isCustomCategory","decl":{"start":{"line":27,"column":9},"end":{"line":27,"column":25}},"loc":{"start":{"line":27,"column":67},"end":{"line":38,"column":1}},"line":27},"2":{"name":"(anonymous_2)","decl":{"start":{"line":42,"column":4},"end":{"line":42,"column":5}},"loc":{"start":{"line":42,"column":14},"end":{"line":58,"column":5}},"line":42},"3":{"name":"(anonymous_3)","decl":{"start":{"line":45,"column":19},"end":{"line":45,"column":20}},"loc":{"start":{"line":45,"column":33},"end":{"line":45,"column":50}},"line":45},"4":{"name":"(anonymous_4)","decl":{"start":{"line":46,"column":19},"end":{"line":46,"column":20}},"loc":{"start":{"line":46,"column":33},"end":{"line":57,"column":7}},"line":46},"5":{"name":"(anonymous_5)","decl":{"start":{"line":52,"column":12},"end":{"line":52,"column":13}},"loc":{"start":{"line":52,"column":24},"end":{"line":54,"column":9}},"line":52},"6":{"name":"(anonymous_6)","decl":{"start":{"line":62,"column":18},"end":{"line":62,"column":19}},"loc":{"start":{"line":62,"column":30},"end":{"line":62,"column":62}},"line":62},"7":{"name":"(anonymous_7)","decl":{"start":{"line":63,"column":26},"end":{"line":63,"column":27}},"loc":{"start":{"line":63,"column":32},"end":{"line":68,"column":7}},"line":63},"8":{"name":"(anonymous_8)","decl":{"start":{"line":63,"column":32},"end":{"line":63,"column":33}},"loc":{"start":{"line":63,"column":50},"end":{"line":68,"column":7}},"line":63},"9":{"name":"(anonymous_9)","decl":{"start":{"line":73,"column":46},"end":{"line":73,"column":47}},"loc":{"start":{"line":73,"column":78},"end":{"line":73,"column":92}},"line":73},"10":{"name":"(anonymous_10)","decl":{"start":{"line":74,"column":38},"end":{"line":74,"column":39}},"loc":{"start":{"line":74,"column":70},"end":{"line":74,"column":86}},"line":74},"11":{"name":"(anonymous_11)","decl":{"start":{"line":75,"column":39},"end":{"line":75,"column":40}},"loc":{"start":{"line":75,"column":71},"end":{"line":75,"column":88}},"line":75}},"branchMap":{"0":{"loc":{"start":{"line":22,"column":2},"end":{"line":22,"column":56}},"type":"if","locations":[{"start":{"line":22,"column":2},"end":{"line":22,"column":56}},{"start":{},"end":{}}],"line":22},"1":{"loc":{"start":{"line":22,"column":6},"end":{"line":22,"column":41}},"type":"binary-expr","locations":[{"start":{"line":22,"column":6},"end":{"line":22,"column":12}},{"start":{"line":22,"column":16},"end":{"line":22,"column":41}}],"line":22},"2":{"loc":{"start":{"line":24,"column":9},"end":{"line":24,"column":70}},"type":"binary-expr","locations":[{"start":{"line":24,"column":9},"end":{"line":24,"column":33}},{"start":{"line":24,"column":37},"end":{"line":24,"column":70}}],"line":24},"3":{"loc":{"start":{"line":28,"column":2},"end":{"line":28,"column":56}},"type":"if","locations":[{"start":{"line":28,"column":2},"end":{"line":28,"column":56}},{"start":{},"end":{}}],"line":28},"4":{"loc":{"start":{"line":28,"column":6},"end":{"line":28,"column":41}},"type":"binary-expr","locations":[{"start":{"line":28,"column":6},"end":{"line":28,"column":12}},{"start":{"line":28,"column":16},"end":{"line":28,"column":41}}],"line":28},"5":{"loc":{"start":{"line":31,"column":4},"end":{"line":36,"column":35}},"type":"binary-expr","locations":[{"start":{"line":31,"column":4},"end":{"line":31,"column":28}},{"start":{"line":32,"column":4},"end":{"line":32,"column":31}},{"start":{"line":33,"column":5},"end":{"line":33,"column":24}},{"start":{"line":33,"column":28},"end":{"line":33,"column":48}},{"start":{"line":34,"column":4},"end":{"line":34,"column":30}},{"start":{"line":35,"column":4},"end":{"line":35,"column":31}},{"start":{"line":36,"column":4},"end":{"line":36,"column":35}}],"line":31},"6":{"loc":{"start":{"line":64,"column":8},"end":{"line":66,"column":9}},"type":"if","locations":[{"start":{"line":64,"column":8},"end":{"line":66,"column":9}},{"start":{},"end":{}}],"line":64}},"s":{"0":9,"1":9,"2":0,"3":0,"4":0,"5":0,"6":0,"7":0,"8":0,"9":0,"10":9,"11":9,"12":9,"13":3,"14":3,"15":3,"16":3,"17":53,"18":9,"19":9,"20":0,"21":9,"22":9,"23":2,"24":9,"25":61,"26":9,"27":0},"f":{"0":0,"1":0,"2":9,"3":9,"4":3,"5":3,"6":53,"7":9,"8":9,"9":2,"10":61,"11":0},"b":{"0":[0,0],"1":[0,0],"2":[0,0],"3":[0,0],"4":[0,0],"5":[0,0,0,0,0,0,0],"6":[0,9]},"_coverageSchema":"1a1c01bbd47fc00a2c39e90264f33305004495a9","hash":"04033dfd56429eb069c9635da5737e0da1c1fa10"}
,"E:\\git-my\\finance-app\\src\\entities\\transaction\\model.ts": {"path":"E:\\git-my\\finance-app\\src\\entities\\transaction\\model.ts","statementMap":{"0":{"start":{"line":49,"column":2},"end":{"line":49,"column":38}},"1":{"start":{"line":83,"column":2},"end":{"line":83,"column":73}},"2":{"start":{"line":83,"column":49},"end":{"line":83,"column":71}},"3":{"start":{"line":87,"column":2},"end":{"line":87,"column":66}},"4":{"start":{"line":91,"column":2},"end":{"line":104,"column":4}},"5":{"start":{"line":93,"column":6},"end":{"line":97,"column":7}},"6":{"start":{"line":94,"column":8},"end":{"line":94,"column":44}},"7":{"start":{"line":96,"column":8},"end":{"line":96,"column":45}},"8":{"start":{"line":99,"column":6},"end":{"line":99,"column":54}},"9":{"start":{"line":101,"column":6},"end":{"line":101,"column":20}},"10":{"start":{"line":108,"column":19},"end":{"line":108,"column":56}},"11":{"start":{"line":110,"column":2},"end":{"line":125,"column":3}},"12":{"start":{"line":111,"column":19},"end":{"line":111,"column":46}},"13":{"start":{"line":112,"column":21},"end":{"line":112,"column":41}},"14":{"start":{"line":114,"column":4},"end":{"line":118,"column":5}},"15":{"start":{"line":115,"column":6},"end":{"line":115,"column":38}},"16":{"start":{"line":116,"column":6},"end":{"line":116,"column":100}},"17":{"start":{"line":117,"column":6},"end":{"line":117,"column":15}},"18":{"start":{"line":120,"column":4},"end":{"line":124,"column":7}},"19":{"start":{"line":127,"column":2},"end":{"line":127,"column":32}},"20":{"start":{"line":134,"column":17},"end":{"line":134,"column":62}},"21":{"start":{"line":136,"column":2},"end":{"line":153,"column":3}},"22":{"start":{"line":137,"column":4},"end":{"line":139,"column":5}},"23":{"start":{"line":138,"column":6},"end":{"line":138,"column":15}},"24":{"start":{"line":141,"column":20},"end":{"line":141,"column":52}},"25":{"start":{"line":143,"column":4},"end":{"line":146,"column":5}},"26":{"start":{"line":144,"column":6},"end":{"line":144,"column":42}},"27":{"start":{"line":145,"column":6},"end":{"line":145,"column":15}},"28":{"start":{"line":148,"column":4},"end":{"line":152,"column":7}},"29":{"start":{"line":155,"column":2},"end":{"line":155,"column":78}},"30":{"start":{"line":155,"column":52},"end":{"line":155,"column":76}}},"fnMap":{"0":{"name":"asTransactionCategory","decl":{"start":{"line":48,"column":16},"end":{"line":48,"column":37}},"loc":{"start":{"line":48,"column":74},"end":{"line":50,"column":1}},"line":48},"1":{"name":"sortTransactionsByDateDesc","decl":{"start":{"line":82,"column":16},"end":{"line":82,"column":42}},"loc":{"start":{"line":82,"column":72},"end":{"line":84,"column":1}},"line":82},"2":{"name":"(anonymous_2)","decl":{"start":{"line":83,"column":32},"end":{"line":83,"column":33}},"loc":{"start":{"line":83,"column":49},"end":{"line":83,"column":71}},"line":83},"3":{"name":"getRecentTransactions","decl":{"start":{"line":86,"column":16},"end":{"line":86,"column":37}},"loc":{"start":{"line":86,"column":78},"end":{"line":88,"column":1}},"line":86},"4":{"name":"calculateTransactionTotals","decl":{"start":{"line":90,"column":16},"end":{"line":90,"column":42}},"loc":{"start":{"line":90,"column":91},"end":{"line":105,"column":1}},"line":90},"5":{"name":"(anonymous_5)","decl":{"start":{"line":92,"column":4},"end":{"line":92,"column":5}},"loc":{"start":{"line":92,"column":29},"end":{"line":102,"column":5}},"line":92},"6":{"name":"groupTransactionsByDay","decl":{"start":{"line":107,"column":16},"end":{"line":107,"column":38}},"loc":{"start":{"line":107,"column":68},"end":{"line":128,"column":1}},"line":107},"7":{"name":"calculateCategoryTotals","decl":{"start":{"line":130,"column":16},"end":{"line":130,"column":39}},"loc":{"start":{"line":133,"column":19},"end":{"line":156,"column":1}},"line":133},"8":{"name":"(anonymous_8)","decl":{"start":{"line":155,"column":35},"end":{"line":155,"column":36}},"loc":{"start":{"line":155,"column":52},"end":{"line":155,"column":76}},"line":155}},"branchMap":{"0":{"loc":{"start":{"line":86,"column":67},"end":{"line":86,"column":76}},"type":"default-arg","locations":[{"start":{"line":86,"column":75},"end":{"line":86,"column":76}}],"line":86},"1":{"loc":{"start":{"line":93,"column":6},"end":{"line":97,"column":7}},"type":"if","locations":[{"start":{"line":93,"column":6},"end":{"line":97,"column":7}},{"start":{"line":95,"column":13},"end":{"line":97,"column":7}}],"line":93},"2":{"loc":{"start":{"line":114,"column":4},"end":{"line":118,"column":5}},"type":"if","locations":[{"start":{"line":114,"column":4},"end":{"line":118,"column":5}},{"start":{},"end":{}}],"line":114},"3":{"loc":{"start":{"line":116,"column":27},"end":{"line":116,"column":99}},"type":"cond-expr","locations":[{"start":{"line":116,"column":59},"end":{"line":116,"column":77}},{"start":{"line":116,"column":80},"end":{"line":116,"column":99}}],"line":116},"4":{"loc":{"start":{"line":122,"column":16},"end":{"line":122,"column":88}},"type":"cond-expr","locations":[{"start":{"line":122,"column":48},"end":{"line":122,"column":66}},{"start":{"line":122,"column":69},"end":{"line":122,"column":88}}],"line":122},"5":{"loc":{"start":{"line":137,"column":4},"end":{"line":139,"column":5}},"type":"if","locations":[{"start":{"line":137,"column":4},"end":{"line":139,"column":5}},{"start":{},"end":{}}],"line":137},"6":{"loc":{"start":{"line":137,"column":8},"end":{"line":137,"column":41}},"type":"binary-expr","locations":[{"start":{"line":137,"column":8},"end":{"line":137,"column":12}},{"start":{"line":137,"column":16},"end":{"line":137,"column":41}}],"line":137},"7":{"loc":{"start":{"line":143,"column":4},"end":{"line":146,"column":5}},"type":"if","locations":[{"start":{"line":143,"column":4},"end":{"line":146,"column":5}},{"start":{},"end":{}}],"line":143}},"s":{"0":0,"1":6,"2":16,"3":2,"4":4,"5":7,"6":3,"7":4,"8":7,"9":7,"10":2,"11":2,"12":3,"13":3,"14":3,"15":1,"16":1,"17":1,"18":2,"19":2,"20":3,"21":3,"22":6,"23":2,"24":4,"25":4,"26":1,"27":1,"28":3,"29":3,"30":1},"f":{"0":0,"1":6,"2":16,"3":2,"4":4,"5":7,"6":2,"7":3,"8":1},"b":{"0":[1],"1":[3,4],"2":[1,2],"3":[1,0],"4":[1,1],"5":[2,4],"6":[6,3],"7":[1,3]},"_coverageSchema":"1a1c01bbd47fc00a2c39e90264f33305004495a9","hash":"853c75fb1716faddb32dabb31a39e365878e78f5"}
,"E:\\git-my\\finance-app\\src\\entities\\transaction\\store.ts": {"path":"E:\\git-my\\finance-app\\src\\entities\\transaction\\store.ts","statementMap":{"0":{"start":{"line":12,"column":19},"end":{"line":12,"column":52}},"1":{"start":{"line":13,"column":20},"end":{"line":13,"column":74}},"2":{"start":{"line":27,"column":2},"end":{"line":27,"column":56}},"3":{"start":{"line":27,"column":43},"end":{"line":27,"column":56}},"4":{"start":{"line":28,"column":20},"end":{"line":28,"column":70}},"5":{"start":{"line":29,"column":2},"end":{"line":29,"column":68}},"6":{"start":{"line":33,"column":2},"end":{"line":33,"column":56}},"7":{"start":{"line":33,"column":43},"end":{"line":33,"column":56}},"8":{"start":{"line":34,"column":12},"end":{"line":34,"column":44}},"9":{"start":{"line":35,"column":2},"end":{"line":41,"column":4}},"10":{"start":{"line":45,"column":20},"end":{"line":45,"column":85}},"11":{"start":{"line":46,"column":2},"end":{"line":48,"column":3}},"12":{"start":{"line":47,"column":4},"end":{"line":47,"column":34}},"13":{"start":{"line":51,"column":17},"end":{"line":51,"column":103}},"14":{"start":{"line":52,"column":2},"end":{"line":52,"column":48}},"15":{"start":{"line":55,"column":35},"end":{"line":95,"column":1}},"16":{"start":{"line":57,"column":14},"end":{"line":82,"column":5}},"17":{"start":{"line":60,"column":33},"end":{"line":60,"column":50}},"18":{"start":{"line":62,"column":19},"end":{"line":62,"column":40}},"19":{"start":{"line":64,"column":8},"end":{"line":66,"column":12}},"20":{"start":{"line":64,"column":24},"end":{"line":66,"column":9}},"21":{"start":{"line":68,"column":8},"end":{"line":68,"column":18}},"22":{"start":{"line":71,"column":8},"end":{"line":75,"column":12}},"23":{"start":{"line":71,"column":24},"end":{"line":75,"column":9}},"24":{"start":{"line":73,"column":12},"end":{"line":73,"column":64}},"25":{"start":{"line":78,"column":8},"end":{"line":80,"column":12}},"26":{"start":{"line":78,"column":24},"end":{"line":80,"column":9}},"27":{"start":{"line":79,"column":67},"end":{"line":79,"column":88}},"28":{"start":{"line":86,"column":30},"end":{"line":86,"column":66}},"29":{"start":{"line":87,"column":32},"end":{"line":92,"column":7}},"30":{"start":{"line":88,"column":8},"end":{"line":90,"column":9}},"31":{"start":{"line":89,"column":10},"end":{"line":89,"column":69}},"32":{"start":{"line":91,"column":8},"end":{"line":91,"column":33}},"33":{"start":{"line":97,"column":30},"end":{"line":97,"column":73}},"34":{"start":{"line":97,"column":59},"end":{"line":97,"column":73}},"35":{"start":{"line":98,"column":34},"end":{"line":98,"column":81}},"36":{"start":{"line":98,"column":63},"end":{"line":98,"column":81}},"37":{"start":{"line":99,"column":37},"end":{"line":100,"column":65}},"38":{"start":{"line":99,"column":54},"end":{"line":100,"column":65}},"39":{"start":{"line":100,"column":2},"end":{"line":100,"column":65}},"40":{"start":{"line":100,"column":43},"end":{"line":100,"column":64}}},"fnMap":{"0":{"name":"isPersistedTransactionState","decl":{"start":{"line":26,"column":9},"end":{"line":26,"column":36}},"loc":{"start":{"line":26,"column":89},"end":{"line":30,"column":1}},"line":26},"1":{"name":"isTransaction","decl":{"start":{"line":32,"column":9},"end":{"line":32,"column":22}},"loc":{"start":{"line":32,"column":61},"end":{"line":42,"column":1}},"line":32},"2":{"name":"createTransactionId","decl":{"start":{"line":44,"column":9},"end":{"line":44,"column":28}},"loc":{"start":{"line":44,"column":31},"end":{"line":53,"column":1}},"line":44},"3":{"name":"(anonymous_3)","decl":{"start":{"line":57,"column":4},"end":{"line":57,"column":5}},"loc":{"start":{"line":57,"column":14},"end":{"line":82,"column":5}},"line":57},"4":{"name":"(anonymous_4)","decl":{"start":{"line":60,"column":19},"end":{"line":60,"column":20}},"loc":{"start":{"line":60,"column":33},"end":{"line":60,"column":50}},"line":60},"5":{"name":"(anonymous_5)","decl":{"start":{"line":61,"column":22},"end":{"line":61,"column":23}},"loc":{"start":{"line":61,"column":39},"end":{"line":69,"column":7}},"line":61},"6":{"name":"(anonymous_6)","decl":{"start":{"line":64,"column":12},"end":{"line":64,"column":13}},"loc":{"start":{"line":64,"column":24},"end":{"line":66,"column":9}},"line":64},"7":{"name":"(anonymous_7)","decl":{"start":{"line":70,"column":25},"end":{"line":70,"column":26}},"loc":{"start":{"line":70,"column":46},"end":{"line":76,"column":7}},"line":70},"8":{"name":"(anonymous_8)","decl":{"start":{"line":71,"column":12},"end":{"line":71,"column":13}},"loc":{"start":{"line":71,"column":24},"end":{"line":75,"column":9}},"line":71},"9":{"name":"(anonymous_9)","decl":{"start":{"line":72,"column":47},"end":{"line":72,"column":48}},"loc":{"start":{"line":73,"column":12},"end":{"line":73,"column":64}},"line":73},"10":{"name":"(anonymous_10)","decl":{"start":{"line":77,"column":25},"end":{"line":77,"column":26}},"loc":{"start":{"line":77,"column":33},"end":{"line":81,"column":7}},"line":77},"11":{"name":"(anonymous_11)","decl":{"start":{"line":78,"column":12},"end":{"line":78,"column":13}},"loc":{"start":{"line":78,"column":24},"end":{"line":80,"column":9}},"line":78},"12":{"name":"(anonymous_12)","decl":{"start":{"line":79,"column":50},"end":{"line":79,"column":51}},"loc":{"start":{"line":79,"column":67},"end":{"line":79,"column":88}},"line":79},"13":{"name":"(anonymous_13)","decl":{"start":{"line":86,"column":18},"end":{"line":86,"column":19}},"loc":{"start":{"line":86,"column":30},"end":{"line":86,"column":66}},"line":86},"14":{"name":"(anonymous_14)","decl":{"start":{"line":87,"column":26},"end":{"line":87,"column":27}},"loc":{"start":{"line":87,"column":32},"end":{"line":92,"column":7}},"line":87},"15":{"name":"(anonymous_15)","decl":{"start":{"line":87,"column":32},"end":{"line":87,"column":33}},"loc":{"start":{"line":87,"column":50},"end":{"line":92,"column":7}},"line":87},"16":{"name":"(anonymous_16)","decl":{"start":{"line":97,"column":30},"end":{"line":97,"column":31}},"loc":{"start":{"line":97,"column":59},"end":{"line":97,"column":73}},"line":97},"17":{"name":"(anonymous_17)","decl":{"start":{"line":98,"column":34},"end":{"line":98,"column":35}},"loc":{"start":{"line":98,"column":63},"end":{"line":98,"column":81}},"line":98},"18":{"name":"(anonymous_18)","decl":{"start":{"line":99,"column":37},"end":{"line":99,"column":38}},"loc":{"start":{"line":99,"column":54},"end":{"line":100,"column":65}},"line":99},"19":{"name":"(anonymous_19)","decl":{"start":{"line":99,"column":54},"end":{"line":99,"column":55}},"loc":{"start":{"line":100,"column":2},"end":{"line":100,"column":65}},"line":100},"20":{"name":"(anonymous_20)","decl":{"start":{"line":100,"column":26},"end":{"line":100,"column":27}},"loc":{"start":{"line":100,"column":43},"end":{"line":100,"column":64}},"line":100}},"branchMap":{"0":{"loc":{"start":{"line":27,"column":2},"end":{"line":27,"column":56}},"type":"if","locations":[{"start":{"line":27,"column":2},"end":{"line":27,"column":56}},{"start":{},"end":{}}],"line":27},"1":{"loc":{"start":{"line":27,"column":6},"end":{"line":27,"column":41}},"type":"binary-expr","locations":[{"start":{"line":27,"column":6},"end":{"line":27,"column":12}},{"start":{"line":27,"column":16},"end":{"line":27,"column":41}}],"line":27},"2":{"loc":{"start":{"line":29,"column":9},"end":{"line":29,"column":67}},"type":"binary-expr","locations":[{"start":{"line":29,"column":9},"end":{"line":29,"column":33}},{"start":{"line":29,"column":37},"end":{"line":29,"column":67}}],"line":29},"3":{"loc":{"start":{"line":33,"column":2},"end":{"line":33,"column":56}},"type":"if","locations":[{"start":{"line":33,"column":2},"end":{"line":33,"column":56}},{"start":{},"end":{}}],"line":33},"4":{"loc":{"start":{"line":33,"column":6},"end":{"line":33,"column":41}},"type":"binary-expr","locations":[{"start":{"line":33,"column":6},"end":{"line":33,"column":12}},{"start":{"line":33,"column":16},"end":{"line":33,"column":41}}],"line":33},"5":{"loc":{"start":{"line":36,"column":4},"end":{"line":40,"column":30}},"type":"binary-expr","locations":[{"start":{"line":36,"column":4},"end":{"line":36,"column":28}},{"start":{"line":37,"column":4},"end":{"line":37,"column":32}},{"start":{"line":38,"column":5},"end":{"line":38,"column":24}},{"start":{"line":38,"column":28},"end":{"line":38,"column":48}},{"start":{"line":39,"column":4},"end":{"line":39,"column":34}},{"start":{"line":40,"column":4},"end":{"line":40,"column":30}}],"line":36},"6":{"loc":{"start":{"line":46,"column":2},"end":{"line":48,"column":3}},"type":"if","locations":[{"start":{"line":46,"column":2},"end":{"line":48,"column":3}},{"start":{},"end":{}}],"line":46},"7":{"loc":{"start":{"line":73,"column":12},"end":{"line":73,"column":64}},"type":"cond-expr","locations":[{"start":{"line":73,"column":32},"end":{"line":73,"column":54}},{"start":{"line":73,"column":57},"end":{"line":73,"column":64}}],"line":73},"8":{"loc":{"start":{"line":88,"column":8},"end":{"line":90,"column":9}},"type":"if","locations":[{"start":{"line":88,"column":8},"end":{"line":90,"column":9}},{"start":{},"end":{}}],"line":88}},"s":{"0":3,"1":3,"2":0,"3":0,"4":0,"5":0,"6":0,"7":0,"8":0,"9":0,"10":1009,"11":1009,"12":1009,"13":0,"14":0,"15":3,"16":3,"17":3,"18":1009,"19":1009,"20":1009,"21":1009,"22":4,"23":4,"24":4,"25":3,"26":3,"27":4,"28":1064,"29":3,"30":3,"31":0,"32":3,"33":3,"34":8,"35":3,"36":12,"37":3,"38":3,"39":3,"40":1},"f":{"0":0,"1":0,"2":1009,"3":3,"4":3,"5":1009,"6":1009,"7":4,"8":4,"9":4,"10":3,"11":3,"12":4,"13":1064,"14":3,"15":3,"16":8,"17":12,"18":3,"19":3,"20":1},"b":{"0":[0,0],"1":[0,0],"2":[0,0],"3":[0,0],"4":[0,0],"5":[0,0,0,0,0,0],"6":[1009,0],"7":[3,1],"8":[0,3]},"_coverageSchema":"1a1c01bbd47fc00a2c39e90264f33305004495a9","hash":"55e81a2ffd7e2831186cb27b8a30a01a65599d0b"}
,"E:\\git-my\\finance-app\\src\\features\\add-transaction\\model\\category-selection.ts": {"path":"E:\\git-my\\finance-app\\src\\features\\add-transaction\\model\\category-selection.ts","statementMap":{"0":{"start":{"line":10,"column":48},"end":{"line":10,"column":52}},"1":{"start":{"line":12,"column":18},"end":{"line":12,"column":39}},"2":{"start":{"line":15,"column":2},"end":{"line":15,"column":46}},"3":{"start":{"line":15,"column":34},"end":{"line":15,"column":44}},"4":{"start":{"line":19,"column":2},"end":{"line":19,"column":23}},"5":{"start":{"line":20,"column":2},"end":{"line":20,"column":15}},"6":{"start":{"line":24,"column":2},"end":{"line":24,"column":36}},"7":{"start":{"line":28,"column":2},"end":{"line":36,"column":4}},"8":{"start":{"line":30,"column":6},"end":{"line":30,"column":30}},"9":{"start":{"line":32,"column":6},"end":{"line":32,"column":46}},"10":{"start":{"line":32,"column":19},"end":{"line":32,"column":45}},"11":{"start":{"line":34,"column":10},"end":{"line":34,"column":18}},"12":{"start":{"line":35,"column":10},"end":{"line":35,"column":18}}},"fnMap":{"0":{"name":"emitChange","decl":{"start":{"line":14,"column":9},"end":{"line":14,"column":19}},"loc":{"start":{"line":14,"column":22},"end":{"line":16,"column":1}},"line":14},"1":{"name":"(anonymous_1)","decl":{"start":{"line":15,"column":20},"end":{"line":15,"column":21}},"loc":{"start":{"line":15,"column":34},"end":{"line":15,"column":44}},"line":15},"2":{"name":"setPendingCategorySelection","decl":{"start":{"line":18,"column":16},"end":{"line":18,"column":43}},"loc":{"start":{"line":18,"column":88},"end":{"line":21,"column":1}},"line":18},"3":{"name":"clearPendingCategorySelection","decl":{"start":{"line":23,"column":16},"end":{"line":23,"column":45}},"loc":{"start":{"line":23,"column":48},"end":{"line":25,"column":1}},"line":23},"4":{"name":"usePendingCategorySelection","decl":{"start":{"line":27,"column":16},"end":{"line":27,"column":43}},"loc":{"start":{"line":27,"column":46},"end":{"line":37,"column":1}},"line":27},"5":{"name":"(anonymous_5)","decl":{"start":{"line":29,"column":4},"end":{"line":29,"column":5}},"loc":{"start":{"line":29,"column":18},"end":{"line":33,"column":5}},"line":29},"6":{"name":"(anonymous_6)","decl":{"start":{"line":32,"column":13},"end":{"line":32,"column":14}},"loc":{"start":{"line":32,"column":19},"end":{"line":32,"column":45}},"line":32},"7":{"name":"(anonymous_7)","decl":{"start":{"line":34,"column":4},"end":{"line":34,"column":5}},"loc":{"start":{"line":34,"column":10},"end":{"line":34,"column":18}},"line":34},"8":{"name":"(anonymous_8)","decl":{"start":{"line":35,"column":4},"end":{"line":35,"column":5}},"loc":{"start":{"line":35,"column":10},"end":{"line":35,"column":18}},"line":35}},"branchMap":{},"s":{"0":1,"1":1,"2":9,"3":3,"4":9,"5":9,"6":5,"7":7,"8":7,"9":7,"10":7,"11":24,"12":0},"f":{"0":9,"1":3,"2":9,"3":5,"4":7,"5":7,"6":7,"7":24,"8":0},"b":{},"_coverageSchema":"1a1c01bbd47fc00a2c39e90264f33305004495a9","hash":"569a490f71f2f26581479fdfee6172522fc11f40"}
,"E:\\git-my\\finance-app\\src\\features\\add-transaction\\model\\use-transaction-form.ts": {"path":"E:\\git-my\\finance-app\\src\\features\\add-transaction\\model\\use-transaction-form.ts","statementMap":{"0":{"start":{"line":21,"column":31},"end":{"line":21,"column":32}},"1":{"start":{"line":22,"column":31},"end":{"line":22,"column":44}},"2":{"start":{"line":23,"column":33},"end":{"line":23,"column":52}},"3":{"start":{"line":45,"column":2},"end":{"line":54,"column":3}},"4":{"start":{"line":46,"column":4},"end":{"line":53,"column":6}},"5":{"start":{"line":56,"column":2},"end":{"line":63,"column":4}},"6":{"start":{"line":67,"column":2},"end":{"line":67,"column":49}},"7":{"start":{"line":74,"column":17},"end":{"line":74,"column":47}},"8":{"start":{"line":75,"column":21},"end":{"line":75,"column":53}},"9":{"start":{"line":76,"column":40},"end":{"line":76,"column":42}},"10":{"start":{"line":78,"column":2},"end":{"line":82,"column":3}},"11":{"start":{"line":79,"column":4},"end":{"line":79,"column":64}},"12":{"start":{"line":80,"column":9},"end":{"line":82,"column":3}},"13":{"start":{"line":81,"column":4},"end":{"line":81,"column":64}},"14":{"start":{"line":84,"column":2},"end":{"line":86,"column":3}},"15":{"start":{"line":85,"column":4},"end":{"line":85,"column":68}},"16":{"start":{"line":88,"column":2},"end":{"line":92,"column":3}},"17":{"start":{"line":89,"column":4},"end":{"line":89,"column":63}},"18":{"start":{"line":90,"column":9},"end":{"line":92,"column":3}},"19":{"start":{"line":91,"column":4},"end":{"line":91,"column":63}},"20":{"start":{"line":94,"column":2},"end":{"line":96,"column":3}},"21":{"start":{"line":95,"column":4},"end":{"line":95,"column":22}},"22":{"start":{"line":98,"column":2},"end":{"line":108,"column":4}},"23":{"start":{"line":112,"column":25},"end":{"line":112,"column":77}},"24":{"start":{"line":112,"column":56},"end":{"line":112,"column":76}},"25":{"start":{"line":113,"column":28},"end":{"line":113,"column":83}},"26":{"start":{"line":113,"column":59},"end":{"line":113,"column":82}},"27":{"start":{"line":114,"column":28},"end":{"line":114,"column":83}},"28":{"start":{"line":114,"column":59},"end":{"line":114,"column":82}},"29":{"start":{"line":115,"column":30},"end":{"line":115,"column":101}},"30":{"start":{"line":115,"column":68},"end":{"line":115,"column":100}},"31":{"start":{"line":116,"column":30},"end":{"line":116,"column":65}},"32":{"start":{"line":117,"column":48},"end":{"line":117,"column":63}},"33":{"start":{"line":122,"column":36},"end":{"line":122,"column":51}},"34":{"start":{"line":124,"column":2},"end":{"line":126,"column":20}},"35":{"start":{"line":125,"column":4},"end":{"line":125,"column":48}},"36":{"start":{"line":128,"column":2},"end":{"line":132,"column":37}},"37":{"start":{"line":129,"column":4},"end":{"line":131,"column":5}},"38":{"start":{"line":130,"column":6},"end":{"line":130,"column":68}},"39":{"start":{"line":130,"column":30},"end":{"line":130,"column":65}},"40":{"start":{"line":134,"column":21},"end":{"line":134,"column":53}},"41":{"start":{"line":137,"column":4},"end":{"line":137,"column":61}},"42":{"start":{"line":137,"column":28},"end":{"line":137,"column":58}},"43":{"start":{"line":139,"column":4},"end":{"line":142,"column":5}},"44":{"start":{"line":140,"column":25},"end":{"line":140,"column":77}},"45":{"start":{"line":141,"column":6},"end":{"line":141,"column":35}},"46":{"start":{"line":146,"column":4},"end":{"line":146,"column":29}},"47":{"start":{"line":148,"column":23},"end":{"line":148,"column":52}},"48":{"start":{"line":149,"column":4},"end":{"line":149,"column":33}},"49":{"start":{"line":151,"column":4},"end":{"line":153,"column":5}},"50":{"start":{"line":152,"column":6},"end":{"line":152,"column":13}},"51":{"start":{"line":155,"column":4},"end":{"line":189,"column":5}},"52":{"start":{"line":156,"column":30},"end":{"line":156,"column":91}},"53":{"start":{"line":157,"column":30},"end":{"line":160,"column":34}},"54":{"start":{"line":162,"column":6},"end":{"line":173,"column":7}},"55":{"start":{"line":163,"column":30},"end":{"line":165,"column":9}},"56":{"start":{"line":164,"column":24},"end":{"line":164,"column":74}},"57":{"start":{"line":167,"column":8},"end":{"line":167,"column":59}},"58":{"start":{"line":170,"column":8},"end":{"line":170,"column":62}},"59":{"start":{"line":172,"column":8},"end":{"line":172,"column":40}},"60":{"start":{"line":177,"column":6},"end":{"line":177,"column":25}},"61":{"start":{"line":180,"column":8},"end":{"line":182,"column":58}},"62":{"start":{"line":185,"column":6},"end":{"line":185,"column":73}},"63":{"start":{"line":186,"column":6},"end":{"line":188,"column":7}},"64":{"start":{"line":187,"column":8},"end":{"line":187,"column":84}},"65":{"start":{"line":193,"column":4},"end":{"line":195,"column":5}},"66":{"start":{"line":194,"column":6},"end":{"line":194,"column":13}},"67":{"start":{"line":197,"column":23},"end":{"line":197,"column":78}},"68":{"start":{"line":199,"column":4},"end":{"line":205,"column":5}},"69":{"start":{"line":200,"column":6},"end":{"line":203,"column":8}},"70":{"start":{"line":204,"column":6},"end":{"line":204,"column":13}},"71":{"start":{"line":207,"column":19},"end":{"line":212,"column":6}},"72":{"start":{"line":214,"column":4},"end":{"line":216,"column":5}},"73":{"start":{"line":215,"column":6},"end":{"line":215,"column":13}},"74":{"start":{"line":218,"column":4},"end":{"line":218,"column":65}},"75":{"start":{"line":222,"column":4},"end":{"line":225,"column":6}},"76":{"start":{"line":224,"column":43},"end":{"line":224,"column":61}},"77":{"start":{"line":229,"column":4},"end":{"line":231,"column":5}},"78":{"start":{"line":230,"column":6},"end":{"line":230,"column":13}},"79":{"start":{"line":233,"column":4},"end":{"line":244,"column":7}},"80":{"start":{"line":239,"column":10},"end":{"line":239,"column":76}},"81":{"start":{"line":240,"column":10},"end":{"line":240,"column":44}},"82":{"start":{"line":241,"column":10},"end":{"line":241,"column":29}},"83":{"start":{"line":250,"column":2},"end":{"line":254,"column":31}},"84":{"start":{"line":251,"column":4},"end":{"line":253,"column":5}},"85":{"start":{"line":252,"column":6},"end":{"line":252,"column":22}},"86":{"start":{"line":257,"column":4},"end":{"line":257,"column":93}},"87":{"start":{"line":258,"column":18},"end":{"line":258,"column":54}},"88":{"start":{"line":260,"column":2},"end":{"line":271,"column":4}}},"fnMap":{"0":{"name":"createInitialValues","decl":{"start":{"line":44,"column":9},"end":{"line":44,"column":28}},"loc":{"start":{"line":44,"column":79},"end":{"line":64,"column":1}},"line":44},"1":{"name":"normalizeAmount","decl":{"start":{"line":66,"column":9},"end":{"line":66,"column":24}},"loc":{"start":{"line":66,"column":40},"end":{"line":68,"column":1}},"line":66},"2":{"name":"buildTransactionInput","decl":{"start":{"line":70,"column":9},"end":{"line":70,"column":30}},"loc":{"start":{"line":73,"column":2},"end":{"line":109,"column":1}},"line":73},"3":{"name":"useTransactionForm","decl":{"start":{"line":111,"column":16},"end":{"line":111,"column":34}},"loc":{"start":{"line":111,"column":98},"end":{"line":272,"column":1}},"line":111},"4":{"name":"(anonymous_4)","decl":{"start":{"line":112,"column":45},"end":{"line":112,"column":46}},"loc":{"start":{"line":112,"column":56},"end":{"line":112,"column":76}},"line":112},"5":{"name":"(anonymous_5)","decl":{"start":{"line":113,"column":48},"end":{"line":113,"column":49}},"loc":{"start":{"line":113,"column":59},"end":{"line":113,"column":82}},"line":113},"6":{"name":"(anonymous_6)","decl":{"start":{"line":114,"column":48},"end":{"line":114,"column":49}},"loc":{"start":{"line":114,"column":59},"end":{"line":114,"column":82}},"line":114},"7":{"name":"(anonymous_7)","decl":{"start":{"line":115,"column":62},"end":{"line":115,"column":63}},"loc":{"start":{"line":115,"column":68},"end":{"line":115,"column":100}},"line":115},"8":{"name":"(anonymous_8)","decl":{"start":{"line":124,"column":12},"end":{"line":124,"column":13}},"loc":{"start":{"line":124,"column":18},"end":{"line":126,"column":3}},"line":124},"9":{"name":"(anonymous_9)","decl":{"start":{"line":128,"column":12},"end":{"line":128,"column":13}},"loc":{"start":{"line":128,"column":18},"end":{"line":132,"column":3}},"line":128},"10":{"name":"(anonymous_10)","decl":{"start":{"line":130,"column":16},"end":{"line":130,"column":17}},"loc":{"start":{"line":130,"column":30},"end":{"line":130,"column":65}},"line":130},"11":{"name":"setField","decl":{"start":{"line":136,"column":11},"end":{"line":136,"column":19}},"loc":{"start":{"line":136,"column":108},"end":{"line":143,"column":3}},"line":136},"12":{"name":"(anonymous_12)","decl":{"start":{"line":137,"column":14},"end":{"line":137,"column":15}},"loc":{"start":{"line":137,"column":28},"end":{"line":137,"column":58}},"line":137},"13":{"name":"handleSubmit","decl":{"start":{"line":145,"column":17},"end":{"line":145,"column":29}},"loc":{"start":{"line":145,"column":32},"end":{"line":190,"column":3}},"line":145},"14":{"name":"(anonymous_14)","decl":{"start":{"line":164,"column":10},"end":{"line":164,"column":11}},"loc":{"start":{"line":164,"column":24},"end":{"line":164,"column":74}},"line":164},"15":{"name":"handleAddPhoto","decl":{"start":{"line":192,"column":17},"end":{"line":192,"column":31}},"loc":{"start":{"line":192,"column":34},"end":{"line":219,"column":3}},"line":192},"16":{"name":"handleRemovePhoto","decl":{"start":{"line":221,"column":11},"end":{"line":221,"column":28}},"loc":{"start":{"line":221,"column":42},"end":{"line":226,"column":3}},"line":221},"17":{"name":"(anonymous_17)","decl":{"start":{"line":224,"column":27},"end":{"line":224,"column":28}},"loc":{"start":{"line":224,"column":43},"end":{"line":224,"column":61}},"line":224},"18":{"name":"handleDelete","decl":{"start":{"line":228,"column":11},"end":{"line":228,"column":23}},"loc":{"start":{"line":228,"column":26},"end":{"line":245,"column":3}},"line":228},"19":{"name":"(anonymous_19)","decl":{"start":{"line":238,"column":17},"end":{"line":238,"column":18}},"loc":{"start":{"line":238,"column":29},"end":{"line":242,"column":9}},"line":238},"20":{"name":"(anonymous_20)","decl":{"start":{"line":250,"column":12},"end":{"line":250,"column":13}},"loc":{"start":{"line":250,"column":18},"end":{"line":254,"column":3}},"line":250}},"branchMap":{"0":{"loc":{"start":{"line":45,"column":2},"end":{"line":54,"column":3}},"type":"if","locations":[{"start":{"line":45,"column":2},"end":{"line":54,"column":3}},{"start":{},"end":{}}],"line":45},"1":{"loc":{"start":{"line":61,"column":10},"end":{"line":61,"column":32}},"type":"binary-expr","locations":[{"start":{"line":61,"column":10},"end":{"line":61,"column":26}},{"start":{"line":61,"column":30},"end":{"line":61,"column":32}}],"line":61},"2":{"loc":{"start":{"line":62,"column":12},"end":{"line":62,"column":36}},"type":"binary-expr","locations":[{"start":{"line":62,"column":12},"end":{"line":62,"column":30}},{"start":{"line":62,"column":34},"end":{"line":62,"column":36}}],"line":62},"3":{"loc":{"start":{"line":78,"column":2},"end":{"line":82,"column":3}},"type":"if","locations":[{"start":{"line":78,"column":2},"end":{"line":82,"column":3}},{"start":{"line":80,"column":9},"end":{"line":82,"column":3}}],"line":78},"4":{"loc":{"start":{"line":78,"column":6},"end":{"line":78,"column":66}},"type":"binary-expr","locations":[{"start":{"line":78,"column":6},"end":{"line":78,"column":27}},{"start":{"line":78,"column":31},"end":{"line":78,"column":51}},{"start":{"line":78,"column":55},"end":{"line":78,"column":66}}],"line":78},"5":{"loc":{"start":{"line":80,"column":9},"end":{"line":82,"column":3}},"type":"if","locations":[{"start":{"line":80,"column":9},"end":{"line":82,"column":3}},{"start":{},"end":{}}],"line":80},"6":{"loc":{"start":{"line":84,"column":2},"end":{"line":86,"column":3}},"type":"if","locations":[{"start":{"line":84,"column":2},"end":{"line":86,"column":3}},{"start":{},"end":{}}],"line":84},"7":{"loc":{"start":{"line":88,"column":2},"end":{"line":92,"column":3}},"type":"if","locations":[{"start":{"line":88,"column":2},"end":{"line":92,"column":3}},{"start":{"line":90,"column":9},"end":{"line":92,"column":3}}],"line":88},"8":{"loc":{"start":{"line":90,"column":9},"end":{"line":92,"column":3}},"type":"if","locations":[{"start":{"line":90,"column":9},"end":{"line":92,"column":3}},{"start":{},"end":{}}],"line":90},"9":{"loc":{"start":{"line":94,"column":2},"end":{"line":96,"column":3}},"type":"if","locations":[{"start":{"line":94,"column":2},"end":{"line":96,"column":3}},{"start":{},"end":{}}],"line":94},"10":{"loc":{"start":{"line":94,"column":6},"end":{"line":94,"column":71}},"type":"binary-expr","locations":[{"start":{"line":94,"column":6},"end":{"line":94,"column":36}},{"start":{"line":94,"column":40},"end":{"line":94,"column":56}},{"start":{"line":94,"column":60},"end":{"line":94,"column":71}}],"line":94},"11":{"loc":{"start":{"line":104,"column":12},"end":{"line":104,"column":63}},"type":"cond-expr","locations":[{"start":{"line":104,"column":33},"end":{"line":104,"column":51}},{"start":{"line":104,"column":54},"end":{"line":104,"column":63}}],"line":104},"12":{"loc":{"start":{"line":105,"column":14},"end":{"line":105,"column":66}},"type":"cond-expr","locations":[{"start":{"line":105,"column":41},"end":{"line":105,"column":54}},{"start":{"line":105,"column":57},"end":{"line":105,"column":66}}],"line":105},"13":{"loc":{"start":{"line":129,"column":4},"end":{"line":131,"column":5}},"type":"if","locations":[{"start":{"line":129,"column":4},"end":{"line":131,"column":5}},{"start":{},"end":{}}],"line":129},"14":{"loc":{"start":{"line":129,"column":8},"end":{"line":129,"column":80}},"type":"binary-expr","locations":[{"start":{"line":129,"column":8},"end":{"line":129,"column":23}},{"start":{"line":129,"column":27},"end":{"line":129,"column":80}}],"line":129},"15":{"loc":{"start":{"line":139,"column":4},"end":{"line":142,"column":5}},"type":"if","locations":[{"start":{"line":139,"column":4},"end":{"line":142,"column":5}},{"start":{},"end":{}}],"line":139},"16":{"loc":{"start":{"line":151,"column":4},"end":{"line":153,"column":5}},"type":"if","locations":[{"start":{"line":151,"column":4},"end":{"line":153,"column":5}},{"start":{},"end":{}}],"line":151},"17":{"loc":{"start":{"line":156,"column":62},"end":{"line":156,"column":90}},"type":"binary-expr","locations":[{"start":{"line":156,"column":62},"end":{"line":156,"column":84}},{"start":{"line":156,"column":88},"end":{"line":156,"column":90}}],"line":156},"18":{"loc":{"start":{"line":159,"column":16},"end":{"line":159,"column":72}},"type":"cond-expr","locations":[{"start":{"line":159,"column":45},"end":{"line":159,"column":60}},{"start":{"line":159,"column":63},"end":{"line":159,"column":72}}],"line":159},"19":{"loc":{"start":{"line":162,"column":6},"end":{"line":173,"column":7}},"type":"if","locations":[{"start":{"line":162,"column":6},"end":{"line":173,"column":7}},{"start":{"line":171,"column":13},"end":{"line":173,"column":7}}],"line":162},"20":{"loc":{"start":{"line":162,"column":10},"end":{"line":162,"column":40}},"type":"binary-expr","locations":[{"start":{"line":162,"column":10},"end":{"line":162,"column":25}},{"start":{"line":162,"column":29},"end":{"line":162,"column":40}}],"line":162},"21":{"loc":{"start":{"line":163,"column":31},"end":{"line":163,"column":55}},"type":"binary-expr","locations":[{"start":{"line":163,"column":31},"end":{"line":163,"column":49}},{"start":{"line":163,"column":53},"end":{"line":163,"column":55}}],"line":163},"22":{"loc":{"start":{"line":164,"column":26},"end":{"line":164,"column":54}},"type":"binary-expr","locations":[{"start":{"line":164,"column":26},"end":{"line":164,"column":48}},{"start":{"line":164,"column":52},"end":{"line":164,"column":54}}],"line":164},"23":{"loc":{"start":{"line":180,"column":8},"end":{"line":182,"column":58}},"type":"cond-expr","locations":[{"start":{"line":181,"column":12},"end":{"line":181,"column":25}},{"start":{"line":182,"column":12},"end":{"line":182,"column":58}}],"line":180},"24":{"loc":{"start":{"line":186,"column":6},"end":{"line":188,"column":7}},"type":"if","locations":[{"start":{"line":186,"column":6},"end":{"line":188,"column":7}},{"start":{},"end":{}}],"line":186},"25":{"loc":{"start":{"line":193,"column":4},"end":{"line":195,"column":5}},"type":"if","locations":[{"start":{"line":193,"column":4},"end":{"line":195,"column":5}},{"start":{},"end":{}}],"line":193},"26":{"loc":{"start":{"line":199,"column":4},"end":{"line":205,"column":5}},"type":"if","locations":[{"start":{"line":199,"column":4},"end":{"line":205,"column":5}},{"start":{},"end":{}}],"line":199},"27":{"loc":{"start":{"line":214,"column":4},"end":{"line":216,"column":5}},"type":"if","locations":[{"start":{"line":214,"column":4},"end":{"line":216,"column":5}},{"start":{},"end":{}}],"line":214},"28":{"loc":{"start":{"line":214,"column":8},"end":{"line":214,"column":49}},"type":"binary-expr","locations":[{"start":{"line":214,"column":8},"end":{"line":214,"column":23}},{"start":{"line":214,"column":27},"end":{"line":214,"column":49}}],"line":214},"29":{"loc":{"start":{"line":229,"column":4},"end":{"line":231,"column":5}},"type":"if","locations":[{"start":{"line":229,"column":4},"end":{"line":231,"column":5}},{"start":{},"end":{}}],"line":229},"30":{"loc":{"start":{"line":239,"column":50},"end":{"line":239,"column":74}},"type":"binary-expr","locations":[{"start":{"line":239,"column":50},"end":{"line":239,"column":68}},{"start":{"line":239,"column":72},"end":{"line":239,"column":74}}],"line":239},"31":{"loc":{"start":{"line":251,"column":4},"end":{"line":253,"column":5}},"type":"if","locations":[{"start":{"line":251,"column":4},"end":{"line":253,"column":5}},{"start":{},"end":{}}],"line":251},"32":{"loc":{"start":{"line":257,"column":4},"end":{"line":257,"column":93}},"type":"binary-expr","locations":[{"start":{"line":257,"column":4},"end":{"line":257,"column":14}},{"start":{"line":257,"column":18},"end":{"line":257,"column":93}}],"line":257}},"s":{"0":1,"1":1,"2":1,"3":115,"4":97,"5":18,"6":97,"7":97,"8":97,"9":97,"10":97,"11":60,"12":37,"13":3,"14":97,"15":47,"16":97,"17":3,"18":94,"19":3,"20":97,"21":68,"22":29,"23":78,"24":83,"25":78,"26":83,"27":78,"28":83,"29":78,"30":21,"31":78,"32":78,"33":78,"34":78,"35":21,"36":78,"37":32,"38":1,"39":1,"40":78,"41":35,"42":35,"43":35,"44":6,"45":6,"46":13,"47":13,"48":13,"49":13,"50":7,"51":6,"52":6,"53":4,"54":4,"55":2,"56":4,"57":2,"58":2,"59":2,"60":4,"61":2,"62":2,"63":2,"64":1,"65":4,"66":1,"67":3,"68":3,"69":1,"70":1,"71":2,"72":2,"73":1,"74":1,"75":1,"76":3,"77":3,"78":1,"79":2,"80":1,"81":1,"82":1,"83":78,"84":26,"85":5,"86":78,"87":78,"88":78},"f":{"0":115,"1":97,"2":97,"3":78,"4":83,"5":83,"6":83,"7":21,"8":21,"9":32,"10":1,"11":35,"12":35,"13":13,"14":4,"15":4,"16":1,"17":3,"18":3,"19":1,"20":26},"b":{"0":[97,18],"1":[18,18],"2":[18,0],"3":[60,37],"4":[97,51,47],"5":[3,34],"6":[47,50],"7":[3,94],"8":[3,91],"9":[68,29],"10":[97,29,29],"11":[3,26],"12":[24,5],"13":[1,31],"14":[32,14],"15":[6,29],"16":[7,6],"17":[6,1],"18":[3,1],"19":[2,2],"20":[4,2],"21":[2,0],"22":[4,0],"23":[1,1],"24":[1,1],"25":[1,3],"26":[1,2],"27":[1,1],"28":[2,1],"29":[1,2],"30":[1,0],"31":[5,21],"32":[78,73]},"_coverageSchema":"1a1c01bbd47fc00a2c39e90264f33305004495a9","hash":"698165dabad9992d0c8a1f1ea1543e6a23e5c92c"}
,"E:\\git-my\\finance-app\\src\\features\\add-transaction\\ui\\category-picker.tsx": {"path":"E:\\git-my\\finance-app\\src\\features\\add-transaction\\ui\\category-picker.tsx","statementMap":{"0":{"start":{"line":28,"column":31},"end":{"line":28,"column":32}},"1":{"start":{"line":42,"column":4},"end":{"line":48,"column":15}},"2":{"start":{"line":42,"column":34},"end":{"line":42,"column":66}},"3":{"start":{"line":49,"column":28},"end":{"line":51,"column":107}},"4":{"start":{"line":51,"column":38},"end":{"line":51,"column":73}},"5":{"start":{"line":52,"column":23},"end":{"line":52,"column":79}},"6":{"start":{"line":53,"column":25},"end":{"line":53,"column":96}},"7":{"start":{"line":53,"column":74},"end":{"line":53,"column":95}},"8":{"start":{"line":56,"column":4},"end":{"line":62,"column":7}},"9":{"start":{"line":65,"column":2},"end":{"line":126,"column":4}},"10":{"start":{"line":70,"column":25},"end":{"line":70,"column":46}},"11":{"start":{"line":72,"column":10},"end":{"line":90,"column":12}},"12":{"start":{"line":73,"column":56},"end":{"line":73,"column":77}},"13":{"start":{"line":129,"column":15},"end":{"line":180,"column":2}}},"fnMap":{"0":{"name":"CategoryPicker","decl":{"start":{"line":30,"column":16},"end":{"line":30,"column":30}},"loc":{"start":{"line":40,"column":24},"end":{"line":127,"column":1}},"line":40},"1":{"name":"(anonymous_1)","decl":{"start":{"line":42,"column":20},"end":{"line":42,"column":21}},"loc":{"start":{"line":42,"column":34},"end":{"line":42,"column":66}},"line":42},"2":{"name":"(anonymous_2)","decl":{"start":{"line":51,"column":24},"end":{"line":51,"column":25}},"loc":{"start":{"line":51,"column":38},"end":{"line":51,"column":73}},"line":51},"3":{"name":"(anonymous_3)","decl":{"start":{"line":53,"column":60},"end":{"line":53,"column":61}},"loc":{"start":{"line":53,"column":74},"end":{"line":53,"column":95}},"line":53},"4":{"name":"openCategoryScreen","decl":{"start":{"line":55,"column":11},"end":{"line":55,"column":29}},"loc":{"start":{"line":55,"column":32},"end":{"line":63,"column":3}},"line":55},"5":{"name":"(anonymous_5)","decl":{"start":{"line":69,"column":31},"end":{"line":69,"column":32}},"loc":{"start":{"line":69,"column":45},"end":{"line":91,"column":9}},"line":69},"6":{"name":"(anonymous_6)","decl":{"start":{"line":73,"column":50},"end":{"line":73,"column":51}},"loc":{"start":{"line":73,"column":56},"end":{"line":73,"column":77}},"line":73}},"branchMap":{"0":{"loc":{"start":{"line":35,"column":2},"end":{"line":35,"column":18}},"type":"default-arg","locations":[{"start":{"line":35,"column":14},"end":{"line":35,"column":18}}],"line":35},"1":{"loc":{"start":{"line":37,"column":2},"end":{"line":37,"column":17}},"type":"default-arg","locations":[{"start":{"line":37,"column":12},"end":{"line":37,"column":17}}],"line":37},"2":{"loc":{"start":{"line":38,"column":2},"end":{"line":38,"column":24}},"type":"default-arg","locations":[{"start":{"line":38,"column":19},"end":{"line":38,"column":24}}],"line":38},"3":{"loc":{"start":{"line":42,"column":4},"end":{"line":48,"column":15}},"type":"binary-expr","locations":[{"start":{"line":42,"column":4},"end":{"line":42,"column":67}},{"start":{"line":43,"column":5},"end":{"line":48,"column":14}}],"line":42},"4":{"loc":{"start":{"line":49,"column":28},"end":{"line":51,"column":107}},"type":"cond-expr","locations":[{"start":{"line":50,"column":6},"end":{"line":50,"column":16}},{"start":{"line":51,"column":6},"end":{"line":51,"column":107}}],"line":49},"5":{"loc":{"start":{"line":52,"column":23},"end":{"line":52,"column":79}},"type":"binary-expr","locations":[{"start":{"line":52,"column":23},"end":{"line":52,"column":31}},{"start":{"line":52,"column":35},"end":{"line":52,"column":79}}],"line":52},"6":{"loc":{"start":{"line":53,"column":25},"end":{"line":53,"column":96}},"type":"binary-expr","locations":[{"start":{"line":53,"column":25},"end":{"line":53,"column":32}},{"start":{"line":53,"column":36},"end":{"line":53,"column":96}}],"line":53},"7":{"loc":{"start":{"line":67,"column":7},"end":{"line":67,"column":80}},"type":"cond-expr","locations":[{"start":{"line":67,"column":19},"end":{"line":67,"column":73}},{"start":{"line":67,"column":76},"end":{"line":67,"column":80}}],"line":67},"8":{"loc":{"start":{"line":79,"column":20},"end":{"line":79,"column":60}},"type":"cond-expr","locations":[{"start":{"line":79,"column":29},"end":{"line":79,"column":48}},{"start":{"line":79,"column":51},"end":{"line":79,"column":60}}],"line":79},"9":{"loc":{"start":{"line":93,"column":9},"end":{"line":111,"column":16}},"type":"cond-expr","locations":[{"start":{"line":94,"column":10},"end":{"line":110,"column":22}},{"start":{"line":111,"column":12},"end":{"line":111,"column":16}}],"line":93},"10":{"loc":{"start":{"line":100,"column":18},"end":{"line":100,"column":66}},"type":"cond-expr","locations":[{"start":{"line":100,"column":35},"end":{"line":100,"column":54}},{"start":{"line":100,"column":57},"end":{"line":100,"column":66}}],"line":100},"11":{"loc":{"start":{"line":113,"column":9},"end":{"line":122,"column":16}},"type":"cond-expr","locations":[{"start":{"line":114,"column":10},"end":{"line":121,"column":22}},{"start":{"line":122,"column":12},"end":{"line":122,"column":16}}],"line":113},"12":{"loc":{"start":{"line":113,"column":9},"end":{"line":113,"column":46}},"type":"binary-expr","locations":[{"start":{"line":113,"column":9},"end":{"line":113,"column":16}},{"start":{"line":113,"column":20},"end":{"line":113,"column":34}},{"start":{"line":113,"column":38},"end":{"line":113,"column":46}}],"line":113},"13":{"loc":{"start":{"line":124,"column":7},"end":{"line":124,"column":75}},"type":"cond-expr","locations":[{"start":{"line":124,"column":15},"end":{"line":124,"column":68}},{"start":{"line":124,"column":71},"end":{"line":124,"column":75}}],"line":124}},"s":{"0":1,"1":5,"2":22,"3":5,"4":21,"5":5,"6":5,"7":1,"8":1,"9":5,"10":18,"11":18,"12":1,"13":1},"f":{"0":5,"1":22,"2":21,"3":1,"4":1,"5":18,"6":1},"b":{"0":[5],"1":[4],"2":[4],"3":[5,3],"4":[1,4],"5":[5,4],"6":[5,1],"7":[5,0],"8":[1,17],"9":[2,3],"10":[0,2],"11":[1,4],"12":[5,1,1],"13":[1,4]},"_coverageSchema":"1a1c01bbd47fc00a2c39e90264f33305004495a9","hash":"3443fbc0ab5486cc4f5649683f1a6f56354d3ed4"}
,"E:\\git-my\\finance-app\\src\\features\\add-transaction\\ui\\date-field.tsx": {"path":"E:\\git-my\\finance-app\\src\\features\\add-transaction\\ui\\date-field.tsx","statementMap":{"0":{"start":{"line":16,"column":17},"end":{"line":16,"column":43}},"1":{"start":{"line":17,"column":18},"end":{"line":17,"column":40}},"2":{"start":{"line":18,"column":19},"end":{"line":18,"column":45}},"3":{"start":{"line":21,"column":15},"end":{"line":21,"column":50}},"4":{"start":{"line":22,"column":15},"end":{"line":22,"column":29}},"5":{"start":{"line":23,"column":2},"end":{"line":23,"column":39}},"6":{"start":{"line":25,"column":2},"end":{"line":25,"column":24}},"7":{"start":{"line":29,"column":15},"end":{"line":29,"column":34}},"8":{"start":{"line":30,"column":14},"end":{"line":30,"column":50}},"9":{"start":{"line":31,"column":16},"end":{"line":31,"column":57}},"10":{"start":{"line":33,"column":2},"end":{"line":33,"column":27}},"11":{"start":{"line":37,"column":34},"end":{"line":37,"column":49}},"12":{"start":{"line":38,"column":16},"end":{"line":41,"column":3}},"13":{"start":{"line":39,"column":10},"end":{"line":39,"column":72}},"14":{"start":{"line":42,"column":23},"end":{"line":42,"column":92}},"15":{"start":{"line":42,"column":37},"end":{"line":42,"column":82}},"16":{"start":{"line":45,"column":4},"end":{"line":47,"column":5}},"17":{"start":{"line":46,"column":6},"end":{"line":46,"column":25}},"18":{"start":{"line":49,"column":4},"end":{"line":51,"column":5}},"19":{"start":{"line":50,"column":6},"end":{"line":50,"column":13}},"20":{"start":{"line":53,"column":23},"end":{"line":61,"column":5}},"21":{"start":{"line":63,"column":4},"end":{"line":63,"column":52}},"22":{"start":{"line":66,"column":2},"end":{"line":122,"column":4}},"23":{"start":{"line":70,"column":28},"end":{"line":70,"column":54}},"24":{"start":{"line":71,"column":25},"end":{"line":71,"column":44}},"25":{"start":{"line":73,"column":10},"end":{"line":82,"column":12}},"26":{"start":{"line":76,"column":29},"end":{"line":76,"column":48}},"27":{"start":{"line":85,"column":34},"end":{"line":85,"column":68}},"28":{"start":{"line":85,"column":59},"end":{"line":85,"column":67}},"29":{"start":{"line":125,"column":15},"end":{"line":191,"column":2}}},"fnMap":{"0":{"name":"shiftDay","decl":{"start":{"line":20,"column":9},"end":{"line":20,"column":17}},"loc":{"start":{"line":20,"column":48},"end":{"line":26,"column":1}},"line":20},"1":{"name":"formatDateChip","decl":{"start":{"line":28,"column":9},"end":{"line":28,"column":23}},"loc":{"start":{"line":28,"column":43},"end":{"line":34,"column":1}},"line":28},"2":{"name":"DateField","decl":{"start":{"line":36,"column":16},"end":{"line":36,"column":25}},"loc":{"start":{"line":36,"column":70},"end":{"line":123,"column":1}},"line":36},"3":{"name":"(anonymous_3)","decl":{"start":{"line":39,"column":4},"end":{"line":39,"column":5}},"loc":{"start":{"line":39,"column":10},"end":{"line":39,"column":72}},"line":39},"4":{"name":"(anonymous_4)","decl":{"start":{"line":42,"column":31},"end":{"line":42,"column":32}},"loc":{"start":{"line":42,"column":37},"end":{"line":42,"column":82}},"line":42},"5":{"name":"handleNativeChange","decl":{"start":{"line":44,"column":11},"end":{"line":44,"column":29}},"loc":{"start":{"line":44,"column":75},"end":{"line":64,"column":3}},"line":44},"6":{"name":"(anonymous_6)","decl":{"start":{"line":69,"column":19},"end":{"line":69,"column":20}},"loc":{"start":{"line":69,"column":41},"end":{"line":83,"column":9}},"line":69},"7":{"name":"(anonymous_7)","decl":{"start":{"line":76,"column":23},"end":{"line":76,"column":24}},"loc":{"start":{"line":76,"column":29},"end":{"line":76,"column":48}},"line":76},"8":{"name":"(anonymous_8)","decl":{"start":{"line":85,"column":28},"end":{"line":85,"column":29}},"loc":{"start":{"line":85,"column":34},"end":{"line":85,"column":68}},"line":85},"9":{"name":"(anonymous_9)","decl":{"start":{"line":85,"column":46},"end":{"line":85,"column":47}},"loc":{"start":{"line":85,"column":59},"end":{"line":85,"column":67}},"line":85}},"branchMap":{"0":{"loc":{"start":{"line":21,"column":15},"end":{"line":21,"column":50}},"type":"binary-expr","locations":[{"start":{"line":21,"column":15},"end":{"line":21,"column":36}},{"start":{"line":21,"column":40},"end":{"line":21,"column":50}}],"line":21},"1":{"loc":{"start":{"line":42,"column":46},"end":{"line":42,"column":81}},"type":"binary-expr","locations":[{"start":{"line":42,"column":46},"end":{"line":42,"column":67}},{"start":{"line":42,"column":71},"end":{"line":42,"column":81}}],"line":42},"2":{"loc":{"start":{"line":45,"column":4},"end":{"line":47,"column":5}},"type":"if","locations":[{"start":{"line":45,"column":4},"end":{"line":47,"column":5}},{"start":{},"end":{}}],"line":45},"3":{"loc":{"start":{"line":49,"column":4},"end":{"line":51,"column":5}},"type":"if","locations":[{"start":{"line":49,"column":4},"end":{"line":51,"column":5}},{"start":{},"end":{}}],"line":49},"4":{"loc":{"start":{"line":49,"column":8},"end":{"line":49,"column":47}},"type":"binary-expr","locations":[{"start":{"line":49,"column":8},"end":{"line":49,"column":34}},{"start":{"line":49,"column":38},"end":{"line":49,"column":47}}],"line":49},"5":{"loc":{"start":{"line":77,"column":35},"end":{"line":77,"column":73}},"type":"cond-expr","locations":[{"start":{"line":77,"column":44},"end":{"line":77,"column":61}},{"start":{"line":77,"column":64},"end":{"line":77,"column":73}}],"line":77},"6":{"loc":{"start":{"line":78,"column":33},"end":{"line":78,"column":81}},"type":"cond-expr","locations":[{"start":{"line":78,"column":42},"end":{"line":78,"column":63}},{"start":{"line":78,"column":66},"end":{"line":78,"column":81}}],"line":78},"7":{"loc":{"start":{"line":90,"column":7},"end":{"line":118,"column":14}},"type":"cond-expr","locations":[{"start":{"line":91,"column":8},"end":{"line":117,"column":9}},{"start":{"line":118,"column":10},"end":{"line":118,"column":14}}],"line":90},"8":{"loc":{"start":{"line":91,"column":8},"end":{"line":117,"column":9}},"type":"cond-expr","locations":[{"start":{"line":92,"column":10},"end":{"line":104,"column":17}},{"start":{"line":106,"column":10},"end":{"line":116,"column":17}}],"line":91},"9":{"loc":{"start":{"line":110,"column":23},"end":{"line":110,"column":67}},"type":"cond-expr","locations":[{"start":{"line":110,"column":47},"end":{"line":110,"column":55}},{"start":{"line":110,"column":58},"end":{"line":110,"column":67}}],"line":110},"10":{"loc":{"start":{"line":120,"column":7},"end":{"line":120,"column":75}},"type":"cond-expr","locations":[{"start":{"line":120,"column":15},"end":{"line":120,"column":68}},{"start":{"line":120,"column":71},"end":{"line":120,"column":75}}],"line":120}},"s":{"0":0,"1":0,"2":0,"3":0,"4":0,"5":0,"6":0,"7":0,"8":0,"9":0,"10":0,"11":0,"12":0,"13":0,"14":0,"15":0,"16":0,"17":0,"18":0,"19":0,"20":0,"21":0,"22":0,"23":0,"24":0,"25":0,"26":0,"27":0,"28":0,"29":0},"f":{"0":0,"1":0,"2":0,"3":0,"4":0,"5":0,"6":0,"7":0,"8":0,"9":0},"b":{"0":[0,0],"1":[0,0],"2":[0,0],"3":[0,0],"4":[0,0],"5":[0,0],"6":[0,0],"7":[0,0],"8":[0,0],"9":[0,0],"10":[0,0]}}
,"E:\\git-my\\finance-app\\src\\features\\add-transaction\\ui\\transaction-form.tsx": {"path":"E:\\git-my\\finance-app\\src\\features\\add-transaction\\ui\\transaction-form.tsx","statementMap":{"0":{"start":{"line":29,"column":19},"end":{"line":29,"column":45}},"1":{"start":{"line":30,"column":17},"end":{"line":30,"column":43}},"2":{"start":{"line":31,"column":24},"end":{"line":31,"column":50}},"3":{"start":{"line":32,"column":19},"end":{"line":32,"column":45}},"4":{"start":{"line":47,"column":4},"end":{"line":47,"column":58}},"5":{"start":{"line":48,"column":35},"end":{"line":48,"column":64}},"6":{"start":{"line":49,"column":21},"end":{"line":49,"column":36}},"7":{"start":{"line":51,"column":2},"end":{"line":64,"column":5}},"8":{"start":{"line":52,"column":4},"end":{"line":63,"column":6}},"9":{"start":{"line":60,"column":25},"end":{"line":60,"column":57}},"10":{"start":{"line":66,"column":21},"end":{"line":66,"column":58}},"11":{"start":{"line":68,"column":2},"end":{"line":82,"column":73}},"12":{"start":{"line":69,"column":4},"end":{"line":71,"column":5}},"13":{"start":{"line":70,"column":6},"end":{"line":70,"column":13}},"14":{"start":{"line":73,"column":4},"end":{"line":75,"column":5}},"15":{"start":{"line":74,"column":6},"end":{"line":74,"column":54}},"16":{"start":{"line":77,"column":4},"end":{"line":79,"column":5}},"17":{"start":{"line":78,"column":6},"end":{"line":78,"column":62}},"18":{"start":{"line":81,"column":4},"end":{"line":81,"column":36}},"19":{"start":{"line":87,"column":2},"end":{"line":87,"column":61}},"20":{"start":{"line":87,"column":18},"end":{"line":87,"column":55}},"21":{"start":{"line":87,"column":24},"end":{"line":87,"column":55}},"22":{"start":{"line":89,"column":2},"end":{"line":189,"column":4}},"23":{"start":{"line":108,"column":59},"end":{"line":108,"column":82}},"24":{"start":{"line":115,"column":37},"end":{"line":115,"column":62}},"25":{"start":{"line":128,"column":29},"end":{"line":128,"column":56}},"26":{"start":{"line":137,"column":31},"end":{"line":137,"column":59}},"27":{"start":{"line":145,"column":35},"end":{"line":145,"column":58}},"28":{"start":{"line":157,"column":12},"end":{"line":162,"column":19}},"29":{"start":{"line":159,"column":40},"end":{"line":159,"column":67}},"30":{"start":{"line":166,"column":12},"end":{"line":168,"column":24}},"31":{"start":{"line":177,"column":32},"end":{"line":181,"column":9}},"32":{"start":{"line":192,"column":15},"end":{"line":338,"column":2}}},"fnMap":{"0":{"name":"TransactionForm","decl":{"start":{"line":34,"column":16},"end":{"line":34,"column":31}},"loc":{"start":{"line":34,"column":100},"end":{"line":190,"column":1}},"line":34},"1":{"name":"(anonymous_1)","decl":{"start":{"line":51,"column":28},"end":{"line":51,"column":29}},"loc":{"start":{"line":51,"column":42},"end":{"line":64,"column":3}},"line":51},"2":{"name":"(anonymous_2)","decl":{"start":{"line":60,"column":19},"end":{"line":60,"column":20}},"loc":{"start":{"line":60,"column":25},"end":{"line":60,"column":57}},"line":60},"3":{"name":"(anonymous_3)","decl":{"start":{"line":68,"column":12},"end":{"line":68,"column":13}},"loc":{"start":{"line":68,"column":18},"end":{"line":82,"column":3}},"line":68},"4":{"name":"(anonymous_4)","decl":{"start":{"line":87,"column":12},"end":{"line":87,"column":13}},"loc":{"start":{"line":87,"column":18},"end":{"line":87,"column":55}},"line":87},"5":{"name":"(anonymous_5)","decl":{"start":{"line":87,"column":18},"end":{"line":87,"column":19}},"loc":{"start":{"line":87,"column":24},"end":{"line":87,"column":55}},"line":87},"6":{"name":"(anonymous_6)","decl":{"start":{"line":108,"column":48},"end":{"line":108,"column":49}},"loc":{"start":{"line":108,"column":59},"end":{"line":108,"column":82}},"line":108},"7":{"name":"(anonymous_7)","decl":{"start":{"line":115,"column":26},"end":{"line":115,"column":27}},"loc":{"start":{"line":115,"column":37},"end":{"line":115,"column":62}},"line":115},"8":{"name":"(anonymous_8)","decl":{"start":{"line":128,"column":18},"end":{"line":128,"column":19}},"loc":{"start":{"line":128,"column":29},"end":{"line":128,"column":56}},"line":128},"9":{"name":"(anonymous_9)","decl":{"start":{"line":137,"column":20},"end":{"line":137,"column":21}},"loc":{"start":{"line":137,"column":31},"end":{"line":137,"column":59}},"line":137},"10":{"name":"(anonymous_10)","decl":{"start":{"line":145,"column":24},"end":{"line":145,"column":25}},"loc":{"start":{"line":145,"column":35},"end":{"line":145,"column":58}},"line":145},"11":{"name":"(anonymous_11)","decl":{"start":{"line":156,"column":29},"end":{"line":156,"column":30}},"loc":{"start":{"line":157,"column":12},"end":{"line":162,"column":19}},"line":157},"12":{"name":"(anonymous_12)","decl":{"start":{"line":159,"column":34},"end":{"line":159,"column":35}},"loc":{"start":{"line":159,"column":40},"end":{"line":159,"column":67}},"line":159},"13":{"name":"(anonymous_13)","decl":{"start":{"line":165,"column":50},"end":{"line":165,"column":51}},"loc":{"start":{"line":166,"column":12},"end":{"line":168,"column":24}},"line":166},"14":{"name":"(anonymous_14)","decl":{"start":{"line":177,"column":15},"end":{"line":177,"column":16}},"loc":{"start":{"line":177,"column":32},"end":{"line":181,"column":9}},"line":177}},"branchMap":{"0":{"loc":{"start":{"line":69,"column":4},"end":{"line":71,"column":5}},"type":"if","locations":[{"start":{"line":69,"column":4},"end":{"line":71,"column":5}},{"start":{},"end":{}}],"line":69},"1":{"loc":{"start":{"line":73,"column":4},"end":{"line":75,"column":5}},"type":"if","locations":[{"start":{"line":73,"column":4},"end":{"line":75,"column":5}},{"start":{},"end":{}}],"line":73},"2":{"loc":{"start":{"line":77,"column":4},"end":{"line":79,"column":5}},"type":"if","locations":[{"start":{"line":77,"column":4},"end":{"line":79,"column":5}},{"start":{},"end":{}}],"line":77},"3":{"loc":{"start":{"line":103,"column":13},"end":{"line":103,"column":102}},"type":"cond-expr","locations":[{"start":{"line":103,"column":31},"end":{"line":103,"column":64}},{"start":{"line":103,"column":67},"end":{"line":103,"column":102}}],"line":103},"4":{"loc":{"start":{"line":111,"column":42},"end":{"line":111,"column":93}},"type":"cond-expr","locations":[{"start":{"line":111,"column":58},"end":{"line":111,"column":81}},{"start":{"line":111,"column":84},"end":{"line":111,"column":93}}],"line":111},"5":{"loc":{"start":{"line":122,"column":9},"end":{"line":122,"column":97}},"type":"cond-expr","locations":[{"start":{"line":122,"column":25},"end":{"line":122,"column":90}},{"start":{"line":122,"column":93},"end":{"line":122,"column":97}}],"line":122},"6":{"loc":{"start":{"line":179,"column":10},"end":{"line":179,"column":49}},"type":"binary-expr","locations":[{"start":{"line":179,"column":10},"end":{"line":179,"column":18}},{"start":{"line":179,"column":22},"end":{"line":179,"column":49}}],"line":179},"7":{"loc":{"start":{"line":180,"column":10},"end":{"line":180,"column":58}},"type":"binary-expr","locations":[{"start":{"line":180,"column":10},"end":{"line":180,"column":17}},{"start":{"line":180,"column":21},"end":{"line":180,"column":28}},{"start":{"line":180,"column":32},"end":{"line":180,"column":58}}],"line":180},"8":{"loc":{"start":{"line":182,"column":48},"end":{"line":182,"column":80}},"type":"cond-expr","locations":[{"start":{"line":182,"column":66},"end":{"line":182,"column":72}},{"start":{"line":182,"column":75},"end":{"line":182,"column":80}}],"line":182},"9":{"loc":{"start":{"line":185,"column":7},"end":{"line":187,"column":14}},"type":"cond-expr","locations":[{"start":{"line":186,"column":8},"end":{"line":186,"column":85}},{"start":{"line":187,"column":10},"end":{"line":187,"column":14}}],"line":185}},"s":{"0":0,"1":0,"2":0,"3":0,"4":0,"5":0,"6":0,"7":0,"8":0,"9":0,"10":0,"11":0,"12":0,"13":0,"14":0,"15":0,"16":0,"17":0,"18":0,"19":0,"20":0,"21":0,"22":0,"23":0,"24":0,"25":0,"26":0,"27":0,"28":0,"29":0,"30":0,"31":0,"32":0},"f":{"0":0,"1":0,"2":0,"3":0,"4":0,"5":0,"6":0,"7":0,"8":0,"9":0,"10":0,"11":0,"12":0,"13":0,"14":0},"b":{"0":[0,0],"1":[0,0],"2":[0,0],"3":[0,0],"4":[0,0],"5":[0,0],"6":[0,0],"7":[0,0,0],"8":[0,0],"9":[0,0]}}
,"E:\\git-my\\finance-app\\src\\features\\add-transaction\\ui\\type-switch.tsx": {"path":"E:\\git-my\\finance-app\\src\\features\\add-transaction\\ui\\type-switch.tsx","statementMap":{"0":{"start":{"line":13,"column":2},"end":{"line":31,"column":4}},"1":{"start":{"line":16,"column":23},"end":{"line":16,"column":37}},"2":{"start":{"line":18,"column":8},"end":{"line":28,"column":10}},"3":{"start":{"line":21,"column":27},"end":{"line":21,"column":41}},"4":{"start":{"line":34,"column":15},"end":{"line":65,"column":2}}},"fnMap":{"0":{"name":"TypeSwitch","decl":{"start":{"line":12,"column":16},"end":{"line":12,"column":26}},"loc":{"start":{"line":12,"column":65},"end":{"line":32,"column":1}},"line":12},"1":{"name":"(anonymous_1)","decl":{"start":{"line":15,"column":44},"end":{"line":15,"column":45}},"loc":{"start":{"line":15,"column":54},"end":{"line":29,"column":7}},"line":15},"2":{"name":"(anonymous_2)","decl":{"start":{"line":21,"column":21},"end":{"line":21,"column":22}},"loc":{"start":{"line":21,"column":27},"end":{"line":21,"column":41}},"line":21}},"branchMap":{"0":{"loc":{"start":{"line":23,"column":31},"end":{"line":23,"column":83}},"type":"cond-expr","locations":[{"start":{"line":23,"column":40},"end":{"line":23,"column":63}},{"start":{"line":23,"column":66},"end":{"line":23,"column":83}}],"line":23},"1":{"loc":{"start":{"line":24,"column":15},"end":{"line":24,"column":57}},"type":"cond-expr","locations":[{"start":{"line":24,"column":36},"end":{"line":24,"column":46}},{"start":{"line":24,"column":49},"end":{"line":24,"column":57}}],"line":24},"2":{"loc":{"start":{"line":26,"column":44},"end":{"line":26,"column":87}},"type":"cond-expr","locations":[{"start":{"line":26,"column":53},"end":{"line":26,"column":75}},{"start":{"line":26,"column":78},"end":{"line":26,"column":87}}],"line":26}},"s":{"0":0,"1":0,"2":0,"3":0,"4":0},"f":{"0":0,"1":0,"2":0},"b":{"0":[0,0],"1":[0,0],"2":[0,0]}}
,"E:\\git-my\\finance-app\\src\\features\\transaction-list\\ui\\day-section-header.tsx": {"path":"E:\\git-my\\finance-app\\src\\features\\transaction-list\\ui\\day-section-header.tsx","statementMap":{"0":{"start":{"line":14,"column":2},"end":{"line":22,"column":4}},"1":{"start":{"line":25,"column":15},"end":{"line":40,"column":2}}},"fnMap":{"0":{"name":"DaySectionHeader","decl":{"start":{"line":13,"column":16},"end":{"line":13,"column":32}},"loc":{"start":{"line":13,"column":78},"end":{"line":23,"column":1}},"line":13}},"branchMap":{"0":{"loc":{"start":{"line":17,"column":25},"end":{"line":17,"column":74}},"type":"cond-expr","locations":[{"start":{"line":17,"column":41},"end":{"line":17,"column":56}},{"start":{"line":17,"column":59},"end":{"line":17,"column":74}}],"line":17},"1":{"loc":{"start":{"line":18,"column":9},"end":{"line":18,"column":33}},"type":"cond-expr","locations":[{"start":{"line":18,"column":25},"end":{"line":18,"column":28}},{"start":{"line":18,"column":31},"end":{"line":18,"column":33}}],"line":18}},"s":{"0":0,"1":0},"f":{"0":0},"b":{"0":[0,0],"1":[0,0]}}
,"E:\\git-my\\finance-app\\src\\features\\transaction-list\\ui\\transaction-list.tsx": {"path":"E:\\git-my\\finance-app\\src\\features\\transaction-list\\ui\\transaction-list.tsx","statementMap":{"0":{"start":{"line":29,"column":19},"end":{"line":29,"column":54}},"1":{"start":{"line":30,"column":23},"end":{"line":30,"column":62}},"2":{"start":{"line":31,"column":31},"end":{"line":45,"column":3}},"3":{"start":{"line":33,"column":6},"end":{"line":43,"column":8}},"4":{"start":{"line":34,"column":8},"end":{"line":36,"column":9}},"5":{"start":{"line":35,"column":10},"end":{"line":35,"column":23}},"6":{"start":{"line":38,"column":8},"end":{"line":40,"column":9}},"7":{"start":{"line":39,"column":10},"end":{"line":39,"column":23}},"8":{"start":{"line":42,"column":8},"end":{"line":42,"column":20}},"9":{"start":{"line":47,"column":2},"end":{"line":49,"column":3}},"10":{"start":{"line":48,"column":4},"end":{"line":48,"column":74}},"11":{"start":{"line":51,"column":2},"end":{"line":60,"column":3}},"12":{"start":{"line":52,"column":4},"end":{"line":59,"column":6}},"13":{"start":{"line":62,"column":2},"end":{"line":72,"column":4}},"14":{"start":{"line":66,"column":30},"end":{"line":66,"column":37}},"15":{"start":{"line":68,"column":8},"end":{"line":68,"column":87}},"16":{"start":{"line":68,"column":58},"end":{"line":68,"column":83}},"17":{"start":{"line":75,"column":15},"end":{"line":82,"column":2}}},"fnMap":{"0":{"name":"TransactionList","decl":{"start":{"line":23,"column":16},"end":{"line":23,"column":31}},"loc":{"start":{"line":28,"column":25},"end":{"line":73,"column":1}},"line":28},"1":{"name":"(anonymous_1)","decl":{"start":{"line":32,"column":4},"end":{"line":32,"column":5}},"loc":{"start":{"line":33,"column":6},"end":{"line":43,"column":8}},"line":33},"2":{"name":"(anonymous_2)","decl":{"start":{"line":33,"column":26},"end":{"line":33,"column":27}},"loc":{"start":{"line":33,"column":43},"end":{"line":43,"column":7}},"line":33},"3":{"name":"(anonymous_3)","decl":{"start":{"line":66,"column":20},"end":{"line":66,"column":21}},"loc":{"start":{"line":66,"column":30},"end":{"line":66,"column":37}},"line":66},"4":{"name":"(anonymous_4)","decl":{"start":{"line":67,"column":18},"end":{"line":67,"column":19}},"loc":{"start":{"line":68,"column":8},"end":{"line":68,"column":87}},"line":68},"5":{"name":"(anonymous_5)","decl":{"start":{"line":68,"column":52},"end":{"line":68,"column":53}},"loc":{"start":{"line":68,"column":58},"end":{"line":68,"column":83}},"line":68}},"branchMap":{"0":{"loc":{"start":{"line":34,"column":8},"end":{"line":36,"column":9}},"type":"if","locations":[{"start":{"line":34,"column":8},"end":{"line":36,"column":9}},{"start":{},"end":{}}],"line":34},"1":{"loc":{"start":{"line":34,"column":12},"end":{"line":34,"column":57}},"type":"binary-expr","locations":[{"start":{"line":34,"column":12},"end":{"line":34,"column":22}},{"start":{"line":34,"column":26},"end":{"line":34,"column":57}}],"line":34},"2":{"loc":{"start":{"line":38,"column":8},"end":{"line":40,"column":9}},"type":"if","locations":[{"start":{"line":38,"column":8},"end":{"line":40,"column":9}},{"start":{},"end":{}}],"line":38},"3":{"loc":{"start":{"line":38,"column":12},"end":{"line":38,"column":76}},"type":"binary-expr","locations":[{"start":{"line":38,"column":12},"end":{"line":38,"column":26}},{"start":{"line":38,"column":30},"end":{"line":38,"column":76}}],"line":38},"4":{"loc":{"start":{"line":47,"column":2},"end":{"line":49,"column":3}},"type":"if","locations":[{"start":{"line":47,"column":2},"end":{"line":49,"column":3}},{"start":{},"end":{}}],"line":47},"5":{"loc":{"start":{"line":51,"column":2},"end":{"line":60,"column":3}},"type":"if","locations":[{"start":{"line":51,"column":2},"end":{"line":60,"column":3}},{"start":{},"end":{}}],"line":51}},"s":{"0":8,"1":8,"2":8,"3":8,"4":4,"5":1,"6":3,"7":0,"8":3,"9":8,"10":5,"11":3,"12":1,"13":2,"14":5,"15":3,"16":1,"17":1},"f":{"0":8,"1":8,"2":4,"3":5,"4":3,"5":1},"b":{"0":[1,3],"1":[4,2],"2":[0,3],"3":[3,0],"4":[5,3],"5":[1,2]},"_coverageSchema":"1a1c01bbd47fc00a2c39e90264f33305004495a9","hash":"da0f72c4964b6efcf98605c4bee0e4093b4642cd"}
,"E:\\git-my\\finance-app\\src\\features\\transaction-list\\ui\\transaction-row.tsx": {"path":"E:\\git-my\\finance-app\\src\\features\\transaction-list\\ui\\transaction-row.tsx","statementMap":{"0":{"start":{"line":21,"column":25},"end":{"line":21,"column":51}},"1":{"start":{"line":22,"column":27},"end":{"line":22,"column":37}},"2":{"start":{"line":25,"column":19},"end":{"line":25,"column":62}},"3":{"start":{"line":26,"column":22},"end":{"line":28,"column":4}},"4":{"start":{"line":29,"column":29},"end":{"line":29,"column":164}},"5":{"start":{"line":31,"column":2},"end":{"line":70,"column":4}},"6":{"start":{"line":73,"column":15},"end":{"line":148,"column":2}}},"fnMap":{"0":{"name":"TransactionRow","decl":{"start":{"line":24,"column":16},"end":{"line":24,"column":30}},"loc":{"start":{"line":24,"column":78},"end":{"line":71,"column":1}},"line":24}},"branchMap":{"0":{"loc":{"start":{"line":29,"column":32},"end":{"line":29,"column":71}},"type":"binary-expr","locations":[{"start":{"line":29,"column":32},"end":{"line":29,"column":47}},{"start":{"line":29,"column":51},"end":{"line":29,"column":71}}],"line":29},"1":{"loc":{"start":{"line":29,"column":76},"end":{"line":29,"column":128}},"type":"cond-expr","locations":[{"start":{"line":29,"column":108},"end":{"line":29,"column":116}},{"start":{"line":29,"column":119},"end":{"line":29,"column":128}}],"line":29},"2":{"loc":{"start":{"line":40,"column":61},"end":{"line":40,"column":101}},"type":"binary-expr","locations":[{"start":{"line":40,"column":61},"end":{"line":40,"column":76}},{"start":{"line":40,"column":80},"end":{"line":40,"column":101}}],"line":40},"3":{"loc":{"start":{"line":43,"column":20},"end":{"line":43,"column":91}},"type":"binary-expr","locations":[{"start":{"line":43,"column":21},"end":{"line":43,"column":74}},{"start":{"line":43,"column":79},"end":{"line":43,"column":91}}],"line":43},"4":{"loc":{"start":{"line":48,"column":13},"end":{"line":48,"column":52}},"type":"binary-expr","locations":[{"start":{"line":48,"column":13},"end":{"line":48,"column":28}},{"start":{"line":48,"column":32},"end":{"line":48,"column":52}}],"line":48},"5":{"loc":{"start":{"line":61,"column":7},"end":{"line":67,"column":14}},"type":"cond-expr","locations":[{"start":{"line":62,"column":8},"end":{"line":66,"column":15}},{"start":{"line":67,"column":10},"end":{"line":67,"column":14}}],"line":61}},"s":{"0":2,"1":2,"2":9,"3":9,"4":9,"5":9,"6":2},"f":{"0":9},"b":{"0":[9,1],"1":[1,8],"2":[9,1],"3":[9,1],"4":[9,1],"5":[1,8]},"_coverageSchema":"1a1c01bbd47fc00a2c39e90264f33305004495a9","hash":"5adc5d139f53887d30e9d61cd4afd3720a43b927"}
,"E:\\git-my\\finance-app\\src\\screens\\category.tsx": {"path":"E:\\git-my\\finance-app\\src\\screens\\category.tsx","statementMap":{"0":{"start":{"line":21,"column":59},"end":{"line":24,"column":13}},"1":{"start":{"line":25,"column":42},"end":{"line":27,"column":3}},"2":{"start":{"line":28,"column":60},"end":{"line":30,"column":15}},"3":{"start":{"line":31,"column":35},"end":{"line":31,"column":64}},"4":{"start":{"line":32,"column":21},"end":{"line":32,"column":54}},"5":{"start":{"line":36,"column":2},"end":{"line":38,"column":9}},"6":{"start":{"line":37,"column":4},"end":{"line":37,"column":36}},"7":{"start":{"line":40,"column":2},"end":{"line":46,"column":4}},"8":{"start":{"line":42,"column":6},"end":{"line":44,"column":7}},"9":{"start":{"line":43,"column":8},"end":{"line":43,"column":22}},"10":{"start":{"line":49,"column":4},"end":{"line":49,"column":66}},"11":{"start":{"line":50,"column":4},"end":{"line":50,"column":18}},"12":{"start":{"line":54,"column":4},"end":{"line":59,"column":7}},"13":{"start":{"line":62,"column":2},"end":{"line":94,"column":4}},"14":{"start":{"line":69,"column":25},"end":{"line":69,"column":38}},"15":{"start":{"line":97,"column":15},"end":{"line":118,"column":2}}},"fnMap":{"0":{"name":"CategoryScreen","decl":{"start":{"line":20,"column":16},"end":{"line":20,"column":30}},"loc":{"start":{"line":20,"column":33},"end":{"line":95,"column":1}},"line":20},"1":{"name":"(anonymous_1)","decl":{"start":{"line":36,"column":12},"end":{"line":36,"column":13}},"loc":{"start":{"line":36,"column":18},"end":{"line":38,"column":3}},"line":36},"2":{"name":"(anonymous_2)","decl":{"start":{"line":41,"column":16},"end":{"line":41,"column":17}},"loc":{"start":{"line":41,"column":22},"end":{"line":45,"column":5}},"line":41},"3":{"name":"handleSelect","decl":{"start":{"line":48,"column":11},"end":{"line":48,"column":23}},"loc":{"start":{"line":48,"column":55},"end":{"line":51,"column":3}},"line":48},"4":{"name":"handleCreate","decl":{"start":{"line":53,"column":11},"end":{"line":53,"column":23}},"loc":{"start":{"line":53,"column":26},"end":{"line":60,"column":3}},"line":53},"5":{"name":"(anonymous_5)","decl":{"start":{"line":69,"column":19},"end":{"line":69,"column":20}},"loc":{"start":{"line":69,"column":25},"end":{"line":69,"column":38}},"line":69}},"branchMap":{"0":{"loc":{"start":{"line":26,"column":4},"end":{"line":26,"column":51}},"type":"cond-expr","locations":[{"start":{"line":26,"column":31},"end":{"line":26,"column":39}},{"start":{"line":26,"column":42},"end":{"line":26,"column":51}}],"line":26},"1":{"loc":{"start":{"line":28,"column":60},"end":{"line":30,"column":15}},"type":"cond-expr","locations":[{"start":{"line":29,"column":6},"end":{"line":29,"column":44}},{"start":{"line":30,"column":6},"end":{"line":30,"column":15}}],"line":28},"2":{"loc":{"start":{"line":42,"column":6},"end":{"line":44,"column":7}},"type":"if","locations":[{"start":{"line":42,"column":6},"end":{"line":44,"column":7}},{"start":{},"end":{}}],"line":42}},"s":{"0":0,"1":0,"2":0,"3":0,"4":0,"5":0,"6":0,"7":0,"8":0,"9":0,"10":0,"11":0,"12":0,"13":0,"14":0,"15":0},"f":{"0":0,"1":0,"2":0,"3":0,"4":0,"5":0},"b":{"0":[0,0],"1":[0,0],"2":[0,0]}}
[...]
10":{"start":{"line":41,"column":8},"end":{"line":41,"column":33}},"11":{"start":{"line":43,"column":8},"end":{"line":43,"column":79}},"12":{"start":{"line":44,"column":8},"end":{"line":44,"column":31}},"13":{"start":{"line":45,"column":8},"end":{"line":45,"column":20}},"14":{"start":{"line":48,"column":6},"end":{"line":56,"column":7}},"15":{"start":{"line":53,"column":8},"end":{"line":53,"column":79}},"16":{"start":{"line":54,"column":8},"end":{"line":54,"column":31}},"17":{"start":{"line":55,"column":8},"end":{"line":55,"column":20}},"18":{"start":{"line":58,"column":23},"end":{"line":58,"column":56}},"19":{"start":{"line":60,"column":6},"end":{"line":64,"column":7}},"20":{"start":{"line":61,"column":8},"end":{"line":61,"column":84}},"21":{"start":{"line":62,"column":8},"end":{"line":62,"column":31}},"22":{"start":{"line":63,"column":8},"end":{"line":63,"column":20}},"23":{"start":{"line":66,"column":6},"end":{"line":66,"column":48}},"24":{"start":{"line":70,"column":6},"end":{"line":74,"column":7}},"25":{"start":{"line":71,"column":8},"end":{"line":71,"column":64}},"26":{"start":{"line":73,"column":8},"end":{"line":73,"column":68}},"27":{"start":{"line":78,"column":6},"end":{"line":78,"column":29}},"28":{"start":{"line":84,"column":2},"end":{"line":88,"column":3}},"29":{"start":{"line":85,"column":4},"end":{"line":85,"column":40}},"30":{"start":{"line":87,"column":4},"end":{"line":87,"column":65}}},"fnMap":{"0":{"name":"createSafeStorage","decl":{"start":{"line":22,"column":16},"end":{"line":22,"column":33}},"loc":{"start":{"line":24,"column":30},"end":{"line":81,"column":1}},"line":24},"1":{"name":"(anonymous_1)","decl":{"start":{"line":26,"column":4},"end":{"line":26,"column":5}},"loc":{"start":{"line":26,"column":24},"end":{"line":67,"column":5}},"line":26},"2":{"name":"(anonymous_2)","decl":{"start":{"line":69,"column":4},"end":{"line":69,"column":5}},"loc":{"start":{"line":69,"column":31},"end":{"line":75,"column":5}},"line":69},"3":{"name":"(anonymous_3)","decl":{"start":{"line":77,"column":4},"end":{"line":77,"column":5}},"loc":{"start":{"line":77,"column":27},"end":{"line":79,"column":5}},"line":77},"4":{"name":"safeRemove","decl":{"start":{"line":83,"column":15},"end":{"line":83,"column":25}},"loc":{"start":{"line":83,"column":40},"end":{"line":89,"column":1}},"line":83}},"branchMap":{"0":{"loc":{"start":{"line":35,"column":6},"end":{"line":37,"column":7}},"type":"if","locations":[{"start":{"line":35,"column":6},"end":{"line":37,"column":7}},{"start":{},"end":{}}],"line":35},"1":{"loc":{"start":{"line":48,"column":6},"end":{"line":56,"column":7}},"type":"if","locations":[{"start":{"line":48,"column":6},"end":{"line":56,"column":7}},{"start":{},"end":{}}],"line":48},"2":{"loc":{"start":{"line":49,"column":8},"end":{"line":51,"column":57}},"type":"binary-expr","locations":[{"start":{"line":49,"column":8},"end":{"line":49,"column":15}},{"start":{"line":50,"column":8},"end":{"line":50,"column":34}},{"start":{"line":51,"column":8},"end":{"line":51,"column":57}}],"line":49},"3":{"loc":{"start":{"line":60,"column":6},"end":{"line":64,"column":7}},"type":"if","locations":[{"start":{"line":60,"column":6},"end":{"line":64,"column":7}},{"start":{},"end":{}}],"line":60},"4":{"loc":{"start":{"line":60,"column":10},"end":{"line":60,"column":47}},"type":"binary-expr","locations":[{"start":{"line":60,"column":10},"end":{"line":60,"column":18}},{"start":{"line":60,"column":22},"end":{"line":60,"column":47}}],"line":60}},"s":{"0":11,"1":11,"2":20,"3":18,"4":18,"5":1,"6":1,"7":17,"8":13,"9":4,"10":4,"11":1,"12":1,"13":1,"14":3,"15":1,"16":1,"17":1,"18":2,"19":2,"20":1,"21":1,"22":1,"23":1,"24":1119,"25":1119,"26":1,"27":1,"28":4,"29":4,"30":0},"f":{"0":20,"1":18,"2":1119,"3":1,"4":4},"b":{"0":[13,4],"1":[1,2],"2":[3,3,3],"3":[1,1],"4":[2,2]},"_coverageSchema":"1a1c01bbd47fc00a2c39e90264f33305004495a9","hash":"740d9aae1cca7786dc541cc13867f616b73f48ed"}
,"E:\\git-my\\finance-app\\src\\shared\\ui\\button.tsx": {"path":"E:\\git-my\\finance-app\\src\\shared\\ui\\button.tsx","statementMap":{"0":{"start":{"line":19,"column":32},"end":{"line":19,"column":54}},"1":{"start":{"line":20,"column":30},"end":{"line":20,"column":69}},"2":{"start":{"line":30,"column":15},"end":{"line":30,"column":40}},"3":{"start":{"line":31,"column":16},"end":{"line":31,"column":48}},"4":{"start":{"line":32,"column":17},"end":{"line":32,"column":44}},"5":{"start":{"line":33,"column":15},"end":{"line":33,"column":40}},"6":{"start":{"line":34,"column":17},"end":{"line":34,"column":44}},"7":{"start":{"line":37,"column":4},"end":{"line":43,"column":59}},"8":{"start":{"line":45,"column":21},"end":{"line":45,"column":116}},"9":{"start":{"line":47,"column":2},"end":{"line":62,"column":4}},"10":{"start":{"line":52,"column":30},"end":{"line":58,"column":7}},"11":{"start":{"line":65,"column":15},"end":{"line":94,"column":2}}},"fnMap":{"0":{"name":"Button","decl":{"start":{"line":22,"column":16},"end":{"line":22,"column":22}},"loc":{"start":{"line":29,"column":16},"end":{"line":63,"column":1}},"line":29},"1":{"name":"(anonymous_1)","decl":{"start":{"line":52,"column":13},"end":{"line":52,"column":14}},"loc":{"start":{"line":52,"column":30},"end":{"line":58,"column":7}},"line":52}},"branchMap":{"0":{"loc":{"start":{"line":25,"column":2},"end":{"line":25,"column":21}},"type":"default-arg","locations":[{"start":{"line":25,"column":12},"end":{"line":25,"column":21}}],"line":25},"1":{"loc":{"start":{"line":26,"column":2},"end":{"line":26,"column":18}},"type":"default-arg","locations":[{"start":{"line":26,"column":13},"end":{"line":26,"column":18}}],"line":26},"2":{"loc":{"start":{"line":37,"column":4},"end":{"line":43,"column":59}},"type":"cond-expr","locations":[{"start":{"line":38,"column":8},"end":{"line":38,"column":52}},{"start":{"line":39,"column":8},"end":{"line":43,"column":59}}],"line":37},"3":{"loc":{"start":{"line":39,"column":8},"end":{"line":43,"column":59}},"type":"cond-expr","locations":[{"start":{"line":40,"column":10},"end":{"line":40,"column":58}},{"start":{"line":41,"column":10},"end":{"line":43,"column":59}}],"line":39},"4":{"loc":{"start":{"line":41,"column":10},"end":{"line":43,"column":59}},"type":"cond-expr","locations":[{"start":{"line":42,"column":12},"end":{"line":42,"column":74}},{"start":{"line":43,"column":12},"end":{"line":43,"column":59}}],"line":41},"5":{"loc":{"start":{"line":45,"column":21},"end":{"line":45,"column":116}},"type":"cond-expr","locations":[{"start":{"line":45,"column":45},"end":{"line":45,"column":61}},{"start":{"line":45,"column":64},"end":{"line":45,"column":116}}],"line":45},"6":{"loc":{"start":{"line":45,"column":64},"end":{"line":45,"column":116}},"type":"cond-expr","locations":[{"start":{"line":45,"column":87},"end":{"line":45,"column":109}},{"start":{"line":45,"column":112},"end":{"line":45,"column":116}}],"line":45},"7":{"loc":{"start":{"line":55,"column":8},"end":{"line":55,"column":35}},"type":"binary-expr","locations":[{"start":{"line":55,"column":8},"end":{"line":55,"column":16}},{"start":{"line":55,"column":20},"end":{"line":55,"column":35}}],"line":55},"8":{"loc":{"start":{"line":56,"column":8},"end":{"line":56,"column":46}},"type":"binary-expr","locations":[{"start":{"line":56,"column":8},"end":{"line":56,"column":15}},{"start":{"line":56,"column":19},"end":{"line":56,"column":28}},{"start":{"line":56,"column":32},"end":{"line":56,"column":46}}],"line":56}},"s":{"0":4,"1":4,"2":7,"3":7,"4":7,"5":7,"6":7,"7":7,"8":7,"9":7,"10":7,"11":4},"f":{"0":7,"1":7},"b":{"0":[3],"1":[6],"2":[4,3],"3":[1,2],"4":[1,1],"5":[4,3],"6":[1,2],"7":[7,1],"8":[7,0,0]},"_coverageSchema":"1a1c01bbd47fc00a2c39e90264f33305004495a9","hash":"3a50f7c55db02d6d1d1211c2db09c1d12464be0f"}
,"E:\\git-my\\finance-app\\src\\shared\\ui\\card.tsx": {"path":"E:\\git-my\\finance-app\\src\\shared\\ui\\card.tsx","statementMap":{"0":{"start":{"line":12,"column":20},"end":{"line":12,"column":46}},"1":{"start":{"line":13,"column":16},"end":{"line":13,"column":55}},"2":{"start":{"line":16,"column":26},"end":{"line":16,"column":52}},"3":{"start":{"line":17,"column":22},"end":{"line":17,"column":49}},"4":{"start":{"line":19,"column":2},"end":{"line":19,"column":96}},"5":{"start":{"line":22,"column":15},"end":{"line":34,"column":2}}},"fnMap":{"0":{"name":"Card","decl":{"start":{"line":15,"column":16},"end":{"line":15,"column":20}},"loc":{"start":{"line":15,"column":53},"end":{"line":20,"column":1}},"line":15}},"branchMap":{},"s":{"0":3,"1":3,"2":6,"3":6,"4":6,"5":3},"f":{"0":6},"b":{},"_coverageSchema":"1a1c01bbd47fc00a2c39e90264f33305004495a9","hash":"cbf081a3810f67ed5ed9b32773a93794e7983e85"}
,"E:\\git-my\\finance-app\\src\\shared\\ui\\empty-state.tsx": {"path":"E:\\git-my\\finance-app\\src\\shared\\ui\\empty-state.tsx","statementMap":{"0":{"start":{"line":16,"column":2},"end":{"line":24,"column":4}},"1":{"start":{"line":27,"column":15},"end":{"line":31,"column":2}}},"fnMap":{"0":{"name":"EmptyState","decl":{"start":{"line":15,"column":16},"end":{"line":15,"column":26}},"loc":{"start":{"line":15,"column":91},"end":{"line":25,"column":1}},"line":15}},"branchMap":{"0":{"loc":{"start":{"line":22,"column":7},"end":{"line":22,"column":89}},"type":"cond-expr","locations":[{"start":{"line":22,"column":33},"end":{"line":22,"column":82}},{"start":{"line":22,"column":85},"end":{"line":22,"column":89}}],"line":22},"1":{"loc":{"start":{"line":22,"column":7},"end":{"line":22,"column":30}},"type":"binary-expr","locations":[{"start":{"line":22,"column":7},"end":{"line":22,"column":18}},{"start":{"line":22,"column":22},"end":{"line":22,"column":30}}],"line":22}},"s":{"0":1,"1":3},"f":{"0":1},"b":{"0":[1,0],"1":[1,1]},"_coverageSchema":"1a1c01bbd47fc00a2c39e90264f33305004495a9","hash":"f0f278fe81cb59127d67737dcef52136582080b0"}
,"E:\\git-my\\finance-app\\src\\shared\\ui\\error-boundary.tsx": {"path":"E:\\git-my\\finance-app\\src\\shared\\ui\\error-boundary.tsx","statementMap":{"0":{"start":{"line":16,"column":30},"end":{"line":16,"column":45}},"1":{"start":{"line":19,"column":4},"end":{"line":19,"column":21}},"2":{"start":{"line":23,"column":4},"end":{"line":26,"column":7}},"3":{"start":{"line":29,"column":16},"end":{"line":31,"column":3}},"4":{"start":{"line":30,"column":4},"end":{"line":30,"column":35}},"5":{"start":{"line":34,"column":22},"end":{"line":34,"column":32}},"6":{"start":{"line":36,"column":4},"end":{"line":38,"column":5}},"7":{"start":{"line":37,"column":6},"end":{"line":37,"column":33}},"8":{"start":{"line":40,"column":4},"end":{"line":53,"column":6}},"9":{"start":{"line":48,"column":34},"end":{"line":48,"column":82}},"10":{"start":{"line":57,"column":15},"end":{"line":93,"column":2}}},"fnMap":{"0":{"name":"(anonymous_0)","decl":{"start":{"line":18,"column":2},"end":{"line":18,"column":3}},"loc":{"start":{"line":18,"column":68},"end":{"line":20,"column":3}},"line":18},"1":{"name":"(anonymous_1)","decl":{"start":{"line":22,"column":2},"end":{"line":22,"column":3}},"loc":{"start":{"line":22,"column":57},"end":{"line":27,"column":3}},"line":22},"2":{"name":"(anonymous_2)","decl":{"start":{"line":29,"column":16},"end":{"line":29,"column":17}},"loc":{"start":{"line":29,"column":22},"end":{"line":31,"column":3}},"line":29},"3":{"name":"(anonymous_3)","decl":{"start":{"line":33,"column":2},"end":{"line":33,"column":3}},"loc":{"start":{"line":33,"column":11},"end":{"line":54,"column":3}},"line":33},"4":{"name":"(anonymous_4)","decl":{"start":{"line":48,"column":17},"end":{"line":48,"column":18}},"loc":{"start":{"line":48,"column":34},"end":{"line":48,"column":82}},"line":48}},"branchMap":{"0":{"loc":{"start":{"line":36,"column":4},"end":{"line":38,"column":5}},"type":"if","locations":[{"start":{"line":36,"column":4},"end":{"line":38,"column":5}},{"start":{},"end":{}}],"line":36},"1":{"loc":{"start":{"line":43,"column":38},"end":{"line":43,"column":92}},"type":"binary-expr","locations":[{"start":{"line":43,"column":38},"end":{"line":43,"column":51}},{"start":{"line":43,"column":55},"end":{"line":43,"column":92}}],"line":43},"2":{"loc":{"start":{"line":48,"column":50},"end":{"line":48,"column":81}},"type":"binary-expr","locations":[{"start":{"line":48,"column":50},"end":{"line":48,"column":57}},{"start":{"line":48,"column":61},"end":{"line":48,"column":81}}],"line":48}},"s":{"0":5,"1":4,"2":2,"3":5,"4":1,"5":11,"6":11,"7":6,"8":5,"9":5,"10":4},"f":{"0":4,"1":2,"2":1,"3":11,"4":5},"b":{"0":[6,5],"1":[5,0],"2":[5,0]},"_coverageSchema":"1a1c01bbd47fc00a2c39e90264f33305004495a9","hash":"88d4e3267e234fc8a7789fde2c22bea8e90e28a0"}
,"E:\\git-my\\finance-app\\src\\shared\\ui\\loading-state.tsx": {"path":"E:\\git-my\\finance-app\\src\\shared\\ui\\loading-state.tsx","statementMap":{"0":{"start":{"line":13,"column":15},"end":{"line":13,"column":40}},"1":{"start":{"line":15,"column":2},"end":{"line":22,"column":4}},"2":{"start":{"line":25,"column":15},"end":{"line":32,"column":2}}},"fnMap":{"0":{"name":"LoadingState","decl":{"start":{"line":12,"column":16},"end":{"line":12,"column":28}},"loc":{"start":{"line":12,"column":84},"end":{"line":23,"column":1}},"line":12}},"branchMap":{"0":{"loc":{"start":{"line":12,"column":31},"end":{"line":12,"column":61}},"type":"default-arg","locations":[{"start":{"line":12,"column":39},"end":{"line":12,"column":61}}],"line":12}},"s":{"0":5,"1":5,"2":3},"f":{"0":5},"b":{"0":[0]},"_coverageSchema":"1a1c01bbd47fc00a2c39e90264f33305004495a9","hash":"9753551d337e9d2a1f7c86c0db5743ee5f6255e2"}
,"E:\\git-my\\finance-app\\src\\shared\\ui\\screen.tsx": {"path":"E:\\git-my\\finance-app\\src\\shared\\ui\\screen.tsx","statementMap":{"0":{"start":{"line":15,"column":18},"end":{"line":15,"column":40}},"1":{"start":{"line":16,"column":30},"end":{"line":16,"column":39}},"2":{"start":{"line":17,"column":26},"end":{"line":17,"column":48}},"3":{"start":{"line":18,"column":23},"end":{"line":18,"column":49}},"4":{"start":{"line":21,"column":26},"end":{"line":21,"column":57}},"5":{"start":{"line":23,"column":2},"end":{"line":34,"column":3}},"6":{"start":{"line":24,"column":4},"end":{"line":33,"column":6}},"7":{"start":{"line":36,"column":2},"end":{"line":40,"column":4}},"8":{"start":{"line":43,"column":15},"end":{"line":56,"column":2}}},"fnMap":{"0":{"name":"Screen","decl":{"start":{"line":20,"column":16},"end":{"line":20,"column":22}},"loc":{"start":{"line":20,"column":95},"end":{"line":41,"column":1}},"line":20}},"branchMap":{"0":{"loc":{"start":{"line":20,"column":35},"end":{"line":20,"column":48}},"type":"default-arg","locations":[{"start":{"line":20,"column":44},"end":{"line":20,"column":48}}],"line":20},"1":{"loc":{"start":{"line":23,"column":2},"end":{"line":34,"column":3}},"type":"if","locations":[{"start":{"line":23,"column":2},"end":{"line":34,"column":3}},{"start":{},"end":{}}],"line":23}},"s":{"0":3,"1":3,"2":3,"3":3,"4":0,"5":0,"6":0,"7":0,"8":3},"f":{"0":0},"b":{"0":[0],"1":[0,0]},"_coverageSchema":"1a1c01bbd47fc00a2c39e90264f33305004495a9","hash":"475e9edb166f8a3db6d1a5b6669b13ffbe1dff6b"}
,"E:\\git-my\\finance-app\\src\\shared\\ui\\text-field.tsx": {"path":"E:\\git-my\\finance-app\\src\\shared\\ui\\text-field.tsx","statementMap":{"0":{"start":{"line":14,"column":26},"end":{"line":14,"column":52}},"1":{"start":{"line":15,"column":31},"end":{"line":15,"column":57}},"2":{"start":{"line":16,"column":29},"end":{"line":16,"column":68}},"3":{"start":{"line":19,"column":20},"end":{"line":19,"column":45}},"4":{"start":{"line":20,"column":22},"end":{"line":20,"column":49}},"5":{"start":{"line":21,"column":26},"end":{"line":21,"column":58}},"6":{"start":{"line":22,"column":27},"end":{"line":22,"column":53}},"7":{"start":{"line":23,"column":17},"end":{"line":23,"column":44}},"8":{"start":{"line":25,"column":2},"end":{"line":44,"column":4}},"9":{"start":{"line":47,"column":15},"end":{"line":68,"column":2}}},"fnMap":{"0":{"name":"TextField","decl":{"start":{"line":18,"column":16},"end":{"line":18,"column":25}},"loc":{"start":{"line":18,"column":83},"end":{"line":45,"column":1}},"line":18}},"branchMap":{"0":{"loc":{"start":{"line":34,"column":25},"end":{"line":34,"column":53}},"type":"cond-expr","locations":[{"start":{"line":34,"column":33},"end":{"line":34,"column":39}},{"start":{"line":34,"column":42},"end":{"line":34,"column":53}}],"line":34},"1":{"loc":{"start":{"line":41,"column":7},"end":{"line":41,"column":96}},"type":"cond-expr","locations":[{"start":{"line":41,"column":15},"end":{"line":41,"column":89}},{"start":{"line":41,"column":92},"end":{"line":41,"column":96}}],"line":41},"2":{"loc":{"start":{"line":42,"column":7},"end":{"line":42,"column":82}},"type":"cond-expr","locations":[{"start":{"line":42,"column":24},"end":{"line":42,"column":75}},{"start":{"line":42,"column":78},"end":{"line":42,"column":82}}],"line":42},"3":{"loc":{"start":{"line":42,"column":7},"end":{"line":42,"column":21}},"type":"binary-expr","locations":[{"start":{"line":42,"column":7},"end":{"line":42,"column":13}},{"start":{"line":42,"column":17},"end":{"line":42,"column":21}}],"line":42}},"s":{"0":4,"1":4,"2":4,"3":3,"4":3,"5":3,"6":3,"7":3,"8":3,"9":4},"f":{"0":3},"b":{"0":[1,2],"1":[1,2],"2":[1,2],"3":[3,2]},"_coverageSchema":"1a1c01bbd47fc00a2c39e90264f33305004495a9","hash":"55ed10891b2b4059d7db6d80df24b1fc1640af8d"}
,"E:\\git-my\\finance-app\\src\\shared\\ui\\themed-text.tsx": {"path":"E:\\git-my\\finance-app\\src\\shared\\ui\\themed-text.tsx","statementMap":{"0":{"start":{"line":19,"column":16},"end":{"line":19,"column":77}},"1":{"start":{"line":21,"column":2},"end":{"line":34,"column":4}},"2":{"start":{"line":37,"column":15},"end":{"line":69,"column":2}}},"fnMap":{"0":{"name":"ThemedText","decl":{"start":{"line":12,"column":16},"end":{"line":12,"column":26}},"loc":{"start":{"line":18,"column":20},"end":{"line":35,"column":1}},"line":18}},"branchMap":{"0":{"loc":{"start":{"line":16,"column":2},"end":{"line":16,"column":18}},"type":"default-arg","locations":[{"start":{"line":16,"column":9},"end":{"line":16,"column":18}}],"line":16},"1":{"loc":{"start":{"line":25,"column":8},"end":{"line":25,"column":55}},"type":"cond-expr","locations":[{"start":{"line":25,"column":29},"end":{"line":25,"column":43}},{"start":{"line":25,"column":46},"end":{"line":25,"column":55}}],"line":25},"2":{"loc":{"start":{"line":26,"column":8},"end":{"line":26,"column":51}},"type":"cond-expr","locations":[{"start":{"line":26,"column":27},"end":{"line":26,"column":39}},{"start":{"line":26,"column":42},"end":{"line":26,"column":51}}],"line":26},"3":{"loc":{"start":{"line":27,"column":8},"end":{"line":27,"column":71}},"type":"cond-expr","locations":[{"start":{"line":27,"column":37},"end":{"line":27,"column":59}},{"start":{"line":27,"column":62},"end":{"line":27,"column":71}}],"line":27},"4":{"loc":{"start":{"line":28,"column":8},"end":{"line":28,"column":57}},"type":"cond-expr","locations":[{"start":{"line":28,"column":30},"end":{"line":28,"column":45}},{"start":{"line":28,"column":48},"end":{"line":28,"column":57}}],"line":28},"5":{"loc":{"start":{"line":29,"column":8},"end":{"line":29,"column":49}},"type":"cond-expr","locations":[{"start":{"line":29,"column":26},"end":{"line":29,"column":37}},{"start":{"line":29,"column":40},"end":{"line":29,"column":49}}],"line":29}},"s":{"0":83,"1":83,"2":5},"f":{"0":83},"b":{"0":[79],"1":[79,4],"2":[0,83],"3":[3,80],"4":[1,82],"5":[0,83]},"_coverageSchema":"1a1c01bbd47fc00a2c39e90264f33305004495a9","hash":"36f9ef3bbe14d21bbe7b3ddea9c52aaeee2dea1e"}
,"E:\\git-my\\finance-app\\src\\shared\\ui\\themed-view.tsx": {"path":"E:\\git-my\\finance-app\\src\\shared\\ui\\themed-view.tsx","statementMap":{"0":{"start":{"line":11,"column":26},"end":{"line":11,"column":93}},"1":{"start":{"line":13,"column":2},"end":{"line":13,"column":71}}},"fnMap":{"0":{"name":"ThemedView","decl":{"start":{"line":10,"column":16},"end":{"line":10,"column":26}},"loc":{"start":{"line":10,"column":93},"end":{"line":14,"column":1}},"line":10}},"branchMap":{},"s":{"0":0,"1":0},"f":{"0":0},"b":{},"_coverageSchema":"1a1c01bbd47fc00a2c39e90264f33305004495a9","hash":"69740615410af83065094c1ba7883a865c8104d1"}
}
