TN:
SF:src\entities\category\model.ts
FNF:0
FNH:0
LF:0
LH:0
BRF:0
BRH:0
end_of_record
TN:
SF:src\entities\category\store.ts
FN:21,isPersistedCustomCategoryState
FN:27,isCustomCategory
FN:42,(anonymous_2)
FN:45,(anonymous_3)
FN:46,(anonymous_4)
FN:52,(anonymous_5)
FN:62,(anonymous_6)
FN:63,(anonymous_7)
FN:63,(anonymous_8)
FN:73,(anonymous_9)
FN:74,(anonymous_10)
FN:75,(anonymous_11)
FNF:12
FNH:9
FNDA:0,isPersistedCustomCategoryState
FNDA:0,isCustomCategory
FNDA:9,(anonymous_2)
FNDA:9,(anonymous_3)
FNDA:3,(anonymous_4)
FNDA:3,(anonymous_5)
FNDA:53,(anonymous_6)
FNDA:9,(anonymous_7)
FNDA:9,(anonymous_8)
FNDA:2,(anonymous_9)
FNDA:61,(anonymous_10)
FNDA:0,(anonymous_11)
DA:9,9
DA:10,9
DA:22,0
DA:23,0
DA:24,0
DA:28,0
DA:29,0
DA:30,0
DA:40,9
DA:42,9
DA:45,9
DA:47,3
DA:52,3
DA:56,3
DA:62,53
DA:63,9
DA:64,9
DA:65,0
DA:67,9
DA:73,9
DA:74,61
DA:75,9
LF:22
LH:15
BRDA:22,0,0,0
BRDA:22,0,1,0
BRDA:22,1,0,0
BRDA:22,1,1,0
BRDA:24,2,0,0
BRDA:24,2,1,0
BRDA:28,3,0,0
BRDA:28,3,1,0
BRDA:28,4,0,0
BRDA:28,4,1,0
BRDA:31,5,0,0
BRDA:31,5,1,0
BRDA:31,5,2,0
BRDA:31,5,3,0
BRDA:31,5,4,0
BRDA:31,5,5,0
BRDA:31,5,6,0
BRDA:64,6,0,0
BRDA:64,6,1,9
BRF:19
BRH:1
end_of_record
TN:
SF:src\entities\transaction\model.ts
FN:48,asTransactionCategory
FN:82,sortTransactionsByDateDesc
FN:83,(anonymous_2)
FN:86,getRecentTransactions
FN:90,calculateTransactionTotals
FN:92,(anonymous_5)
FN:107,groupTransactionsByDay
FN:130,calculateCategoryTotals
FN:155,(anonymous_8)
FNF:9
FNH:8
FNDA:0,asTransactionCategory
FNDA:6,sortTransactionsByDateDesc
FNDA:16,(anonymous_2)
FNDA:2,getRecentTransactions
FNDA:4,calculateTransactionTotals
FNDA:7,(anonymous_5)
FNDA:2,groupTransactionsByDay
FNDA:3,calculateCategoryTotals
FNDA:1,(anonymous_8)
DA:49,0
DA:83,16
DA:87,2
DA:91,4
DA:93,7
DA:94,3
DA:96,4
DA:99,7
DA:101,7
DA:108,2
DA:110,2
DA:111,3
DA:112,3
DA:114,3
DA:115,1
DA:116,1
DA:117,1
DA:120,2
DA:127,2
DA:134,3
DA:136,3
DA:137,6
DA:138,2
DA:141,4
DA:143,4
DA:144,1
DA:145,1
DA:148,3
DA:155,3
LF:29
LH:28
BRDA:86,0,0,1
BRDA:93,1,0,3
BRDA:93,1,1,4
BRDA:114,2,0,1
BRDA:114,2,1,2
BRDA:116,3,0,1
BRDA:116,3,1,0
BRDA:122,4,0,1
BRDA:122,4,1,1
BRDA:137,5,0,2
BRDA:137,5,1,4
BRDA:137,6,0,6
BRDA:137,6,1,3
BRDA:143,7,0,1
BRDA:143,7,1,3
BRF:15
BRH:14
end_of_record
TN:
SF:src\entities\transaction\store.ts
FN:26,isPersistedTransactionState
FN:32,isTransaction
FN:44,createTransactionId
FN:57,(anonymous_3)
FN:60,(anonymous_4)
FN:61,(anonymous_5)
FN:64,(anonymous_6)
FN:70,(anonymous_7)
FN:71,(anonymous_8)
FN:72,(anonymous_9)
FN:77,(anonymous_10)
FN:78,(anonymous_11)
FN:79,(anonymous_12)
FN:86,(anonymous_13)
FN:87,(anonymous_14)
FN:87,(anonymous_15)
FN:97,(anonymous_16)
FN:98,(anonymous_17)
FN:99,(anonymous_18)
FN:99,(anonymous_19)
FN:100,(anonymous_20)
FNF:21
FNH:19
FNDA:0,isPersistedTransactionState
FNDA:0,isTransaction
FNDA:1009,createTransactionId
FNDA:3,(anonymous_3)
FNDA:3,(anonymous_4)
FNDA:1009,(anonymous_5)
FNDA:1009,(anonymous_6)
FNDA:4,(anonymous_7)
FNDA:4,(anonymous_8)
FNDA:4,(anonymous_9)
FNDA:3,(anonymous_10)
FNDA:3,(anonymous_11)
FNDA:4,(anonymous_12)
FNDA:1064,(anonymous_13)
FNDA:3,(anonymous_14)
FNDA:3,(anonymous_15)
FNDA:8,(anonymous_16)
FNDA:12,(anonymous_17)
FNDA:3,(anonymous_18)
FNDA:3,(anonymous_19)
FNDA:1,(anonymous_20)
DA:12,3
DA:13,3
DA:27,0
DA:28,0
DA:29,0
DA:33,0
DA:34,0
DA:35,0
DA:45,1009
DA:46,1009
DA:47,1009
DA:51,0
DA:52,0
DA:55,3
DA:57,3
DA:60,3
DA:62,1009
DA:64,1009
DA:68,1009
DA:71,4
DA:73,4
DA:78,3
DA:79,4
DA:86,1064
DA:87,3
DA:88,3
DA:89,0
DA:91,3
DA:97,8
DA:98,12
DA:99,3
DA:100,3
LF:32
LH:23
BRDA:27,0,0,0
BRDA:27,0,1,0
BRDA:27,1,0,0
BRDA:27,1,1,0
BRDA:29,2,0,0
BRDA:29,2,1,0
BRDA:33,3,0,0
BRDA:33,3,1,0
BRDA:33,4,0,0
BRDA:33,4,1,0
BRDA:36,5,0,0
BRDA:36,5,1,0
BRDA:36,5,2,0
BRDA:36,5,3,0
BRDA:36,5,4,0
BRDA:36,5,5,0
BRDA:46,6,0,1009
BRDA:46,6,1,0
BRDA:73,7,0,3
BRDA:73,7,1,1
BRDA:88,8,0,0
BRDA:88,8,1,3
BRF:22
BRH:4
end_of_record
TN:
SF:src\features\add-transaction\model\category-selection.ts
FN:14,emitChange
FN:15,(anonymous_1)
FN:18,setPendingCategorySelection
FN:23,clearPendingCategorySelection
FN:27,usePendingCategorySelection
FN:29,(anonymous_5)
FN:32,(anonymous_6)
FN:34,(anonymous_7)
FN:35,(anonymous_8)
FNF:9
FNH:8
FNDA:9,emitChange
FNDA:3,(anonymous_1)
FNDA:9,setPendingCategorySelection
FNDA:5,clearPendingCategorySelection
FNDA:7,usePendingCategorySelection
FNDA:7,(anonymous_5)
FNDA:7,(anonymous_6)
FNDA:24,(anonymous_7)
FNDA:0,(anonymous_8)
DA:10,1
DA:12,1
DA:15,9
DA:19,9
DA:20,9
DA:24,5
DA:28,7
DA:30,7
DA:32,7
DA:34,24
DA:35,0
LF:11
LH:10
BRF:0
BRH:0
end_of_record
TN:
SF:src\features\add-transaction\model\use-transaction-form.ts
FN:44,createInitialValues
FN:66,normalizeAmount
FN:70,buildTransactionInput
FN:111,useTransactionForm
FN:112,(anonymous_4)
FN:113,(anonymous_5)
FN:114,(anonymous_6)
FN:115,(anonymous_7)
FN:124,(anonymous_8)
FN:128,(anonymous_9)
FN:130,(anonymous_10)
FN:136,setField
FN:137,(anonymous_12)
FN:145,handleSubmit
FN:164,(anonymous_14)
FN:192,handleAddPhoto
FN:221,handleRemovePhoto
FN:224,(anonymous_17)
FN:228,handleDelete
FN:238,(anonymous_19)
FN:250,(anonymous_20)
FNF:21
FNH:21
FNDA:115,createInitialValues
FNDA:97,normalizeAmount
FNDA:97,buildTransactionInput
FNDA:78,useTransactionForm
FNDA:83,(anonymous_4)
FNDA:83,(anonymous_5)
FNDA:83,(anonymous_6)
FNDA:21,(anonymous_7)
FNDA:21,(anonymous_8)
FNDA:32,(anonymous_9)
FNDA:1,(anonymous_10)
FNDA:35,setField
FNDA:35,(anonymous_12)
FNDA:13,handleSubmit
FNDA:4,(anonymous_14)
FNDA:4,handleAddPhoto
FNDA:1,handleRemovePhoto
FNDA:3,(anonymous_17)
FNDA:3,handleDelete
FNDA:1,(anonymous_19)
FNDA:26,(anonymous_20)
DA:21,1
DA:22,1
DA:23,1
DA:45,115
DA:46,97
DA:56,18
DA:67,97
DA:74,97
DA:75,97
DA:76,97
DA:78,97
DA:79,60
DA:80,37
DA:81,3
DA:84,97
DA:85,47
DA:88,97
DA:89,3
DA:90,94
DA:91,3
DA:94,97
DA:95,68
DA:98,29
DA:112,83
DA:113,83
DA:114,83
DA:115,78
DA:116,78
DA:117,78
DA:122,78
DA:124,78
DA:125,21
DA:128,78
DA:129,32
DA:130,1
DA:134,78
DA:137,35
DA:139,35
DA:140,6
DA:141,6
DA:146,13
DA:148,13
DA:149,13
DA:151,13
DA:152,7
DA:155,6
DA:156,6
DA:157,4
DA:162,4
DA:163,2
DA:164,4
DA:167,2
DA:170,2
DA:172,2
DA:177,4
DA:180,2
DA:185,2
DA:186,2
DA:187,1
DA:193,4
DA:194,1
DA:197,3
DA:199,3
DA:200,1
DA:204,1
DA:207,2
DA:214,2
DA:215,1
DA:218,1
DA:222,1
DA:224,3
DA:229,3
DA:230,1
DA:233,2
DA:239,1
DA:240,1
DA:241,1
DA:250,78
DA:251,26
DA:252,5
DA:257,78
DA:258,78
DA:260,78
LF:83
LH:83
BRDA:45,0,0,97
BRDA:45,0,1,18
BRDA:61,1,0,18
BRDA:61,1,1,18
BRDA:62,2,0,18
BRDA:62,2,1,0
BRDA:78,3,0,60
BRDA:78,3,1,37
BRDA:78,4,0,97
BRDA:78,4,1,51
BRDA:78,4,2,47
BRDA:80,5,0,3
BRDA:80,5,1,34
BRDA:84,6,0,47
BRDA:84,6,1,50
BRDA:88,7,0,3
BRDA:88,7,1,94
BRDA:90,8,0,3
BRDA:90,8,1,91
BRDA:94,9,0,68
BRDA:94,9,1,29
BRDA:94,10,0,97
BRDA:94,10,1,29
BRDA:94,10,2,29
BRDA:104,11,0,3
BRDA:104,11,1,26
BRDA:105,12,0,24
BRDA:105,12,1,5
BRDA:129,13,0,1
BRDA:129,13,1,31
BRDA:129,14,0,32
BRDA:129,14,1,14
BRDA:139,15,0,6
BRDA:139,15,1,29
BRDA:151,16,0,7
BRDA:151,16,1,6
BRDA:156,17,0,6
BRDA:156,17,1,1
BRDA:159,18,0,3
BRDA:159,18,1,1
BRDA:162,19,0,2
BRDA:162,19,1,2
BRDA:162,20,0,4
BRDA:162,20,1,2
BRDA:163,21,0,2
BRDA:163,21,1,0
BRDA:164,22,0,4
BRDA:164,22,1,0
BRDA:180,23,0,1
BRDA:180,23,1,1
BRDA:186,24,0,1
BRDA:186,24,1,1
BRDA:193,25,0,1
BRDA:193,25,1,3
BRDA:199,26,0,1
BRDA:199,26,1,2
BRDA:214,27,0,1
BRDA:214,27,1,1
BRDA:214,28,0,2
BRDA:214,28,1,1
BRDA:229,29,0,1
BRDA:229,29,1,2
BRDA:239,30,0,1
BRDA:239,30,1,0
BRDA:251,31,0,5
BRDA:251,31,1,21
BRDA:257,32,0,78
BRDA:257,32,1,73
BRF:68
BRH:64
end_of_record
TN:
SF:src\features\add-transaction\ui\category-picker.tsx
FN:30,CategoryPicker
FN:42,(anonymous_1)
FN:51,(anonymous_2)
FN:53,(anonymous_3)
FN:55,openCategoryScreen
FN:69,(anonymous_5)
FN:73,(anonymous_6)
FNF:7
FNH:7
FNDA:5,CategoryPicker
FNDA:22,(anonymous_1)
FNDA:21,(anonymous_2)
FNDA:1,(anonymous_3)
FNDA:1,openCategoryScreen
FNDA:18,(anonymous_5)
FNDA:1,(anonymous_6)
DA:28,1
DA:42,22
DA:49,5
DA:51,21
DA:52,5
DA:53,5
DA:56,1
DA:65,5
DA:70,18
DA:72,18
DA:73,1
DA:129,1
LF:12
LH:12
BRDA:35,0,0,5
BRDA:37,1,0,4
BRDA:38,2,0,4
BRDA:42,3,0,5
BRDA:42,3,1,3
BRDA:49,4,0,1
BRDA:49,4,1,4
BRDA:52,5,0,5
BRDA:52,5,1,4
BRDA:53,6,0,5
BRDA:53,6,1,1
BRDA:67,7,0,5
BRDA:67,7,1,0
BRDA:79,8,0,1
BRDA:79,8,1,17
BRDA:93,9,0,2
BRDA:93,9,1,3
BRDA:100,10,0,0
BRDA:100,10,1,2
BRDA:113,11,0,1
BRDA:113,11,1,4
BRDA:113,12,0,5
BRDA:113,12,1,1
BRDA:113,12,2,1
BRDA:124,13,0,1
BRDA:124,13,1,4
BRF:26
BRH:24
end_of_record
TN:
SF:src\features\add-transaction\ui\date-field.tsx
FN:20,shiftDay
FN:28,formatDateChip
FN:36,DateField
FN:39,(anonymous_3)
FN:42,(anonymous_4)
FN:44,handleNativeChange
FN:69,(anonymous_6)
FN:76,(anonymous_7)
FN:85,(anonymous_8)
FN:85,(anonymous_9)
FNF:10
FNH:0
FNDA:0,shiftDay
FNDA:0,formatDateChip
FNDA:0,DateField
FNDA:0,(anonymous_3)
FNDA:0,(anonymous_4)
FNDA:0,handleNativeChange
FNDA:0,(anonymous_6)
FNDA:0,(anonymous_7)
FNDA:0,(anonymous_8)
FNDA:0,(anonymous_9)
DA:16,0
DA:17,0
DA:18,0
DA:21,0
DA:22,0
DA:23,0
DA:25,0
DA:29,0
DA:30,0
DA:31,0
DA:33,0
DA:37,0
DA:38,0
DA:39,0
DA:42,0
DA:45,0
DA:46,0
DA:49,0
DA:50,0
DA:53,0
DA:63,0
DA:66,0
DA:70,0
DA:71,0
DA:73,0
DA:76,0
DA:85,0
DA:125,0
LF:28
LH:0
BRDA:21,0,0,0
BRDA:21,0,1,0
BRDA:42,1,0,0
BRDA:42,1,1,0
BRDA:45,2,0,0
BRDA:45,2,1,0
BRDA:49,3,0,0
BRDA:49,3,1,0
BRDA:49,4,0,0
BRDA:49,4,1,0
BRDA:77,5,0,0
BRDA:77,5,1,0
BRDA:78,6,0,0
BRDA:78,6,1,0
BRDA:90,7,0,0
BRDA:90,7,1,0
BRDA:91,8,0,0
BRDA:91,8,1,0
BRDA:110,9,0,0
BRDA:110,9,1,0
BRDA:120,10,0,0
BRDA:120,10,1,0
BRF:22
BRH:0
end_of_record
TN:
SF:src\features\add-transaction\ui\transaction-form.tsx
FN:34,TransactionForm
FN:51,(anonymous_1)
FN:60,(anonymous_2)
FN:68,(anonymous_3)
FN:87,(anonymous_4)
FN:87,(anonymous_5)
FN:108,(anonymous_6)
FN:115,(anonymous_7)
FN:128,(anonymous_8)
FN:137,(anonymous_9)
FN:145,(anonymous_10)
FN:156,(anonymous_11)
FN:159,(anonymous_12)
FN:165,(anonymous_13)
FN:177,(anonymous_14)
FNF:15
FNH:0
FNDA:0,TransactionForm
FNDA:0,(anonymous_1)
FNDA:0,(anonymous_2)
FNDA:0,(anonymous_3)
FNDA:0,(anonymous_4)
FNDA:0,(anonymous_5)
FNDA:0,(anonymous_6)
FNDA:0,(anonymous_7)
FNDA:0,(anonymous_8)
FNDA:0,(anonymous_9)
FNDA:0,(anonymous_10)
FNDA:0,(anonymous_11)
FNDA:0,(anonymous_12)
FNDA:0,(anonymous_13)
FNDA:0,(anonymous_14)
DA:29,0
DA:30,0
DA:31,0
DA:32,0
DA:47,0
DA:48,0
DA:49,0
DA:51,0
DA:52,0
DA:60,0
DA:66,0
DA:68,0
DA:69,0
DA:70,0
DA:73,0
DA:74,0
DA:77,0
DA:78,0
DA:81,0
DA:87,0
DA:89,0
DA:108,0
DA:115,0
DA:128,0
DA:137,0
DA:145,0
DA:157,0
DA:159,0
DA:166,0
DA:177,0
DA:192,0
LF:31
LH:0
BRDA:69,0,0,0
BRDA:69,0,1,0
BRDA:73,1,0,0
BRDA:73,1,1,0
BRDA:77,2,0,0
BRDA:77,2,1,0
BRDA:103,3,0,0
BRDA:103,3,1,0
BRDA:111,4,0,0
BRDA:111,4,1,0
BRDA:122,5,0,0
BRDA:122,5,1,0
BRDA:179,6,0,0
BRDA:179,6,1,0
BRDA:180,7,0,0
BRDA:180,7,1,0
BRDA:180,7,2,0
BRDA:182,8,0,0
BRDA:182,8,1,0
BRDA:185,9,0,0
BRDA:185,9,1,0
BRF:21
BRH:0
end_of_record
TN:
SF:src\features\add-transaction\ui\type-switch.tsx
FN:12,TypeSwitch
FN:15,(anonymous_1)
FN:21,(anonymous_2)
FNF:3
FNH:0
FNDA:0,TypeSwitch
FNDA:0,(anonymous_1)
FNDA:0,(anonymous_2)
DA:13,0
DA:16,0
DA:18,0
DA:21,0
DA:34,0
LF:5
LH:0
BRDA:23,0,0,0
BRDA:23,0,1,0
BRDA:24,1,0,0
BRDA:24,1,1,0
BRDA:26,2,0,0
BRDA:26,2,1,0
BRF:6
BRH:0
end_of_record
TN:
SF:src\features\transaction-list\ui\day-section-header.tsx
FN:13,DaySectionHeader
FNF:1
FNH:0
FNDA:0,DaySectionHeader
DA:14,0
DA:25,0
LF:2
LH:0
BRDA:17,0,0,0
BRDA:17,0,1,0
BRDA:18,1,0,0
BRDA:18,1,1,0
BRF:4
BRH:0
end_of_record
TN:
SF:src\features\transaction-list\ui\transaction-list.tsx
FN:23,TransactionList
FN:32,(anonymous_1)
FN:33,(anonymous_2)
FN:66,(anonymous_3)
FN:67,(anonymous_4)
FN:68,(anonymous_5)
FNF:6
FNH:6
FNDA:8,TransactionList
FNDA:8,(anonymous_1)
FNDA:4,(anonymous_2)
FNDA:5,(anonymous_3)
FNDA:3,(anonymous_4)
FNDA:1,(anonymous_5)
DA:29,8
DA:30,8
DA:31,8
DA:33,8
DA:34,4
DA:35,1
DA:38,3
DA:39,0
DA:42,3
DA:47,8
DA:48,5
DA:51,3
DA:52,1
DA:62,2
DA:66,5
DA:68,3
DA:75,1
LF:17
LH:16
BRDA:34,0,0,1
BRDA:34,0,1,3
BRDA:34,1,0,4
BRDA:34,1,1,2
BRDA:38,2,0,0
BRDA:38,2,1,3
BRDA:38,3,0,3
BRDA:38,3,1,0
BRDA:47,4,0,5
BRDA:47,4,1,3
BRDA:51,5,0,1
BRDA:51,5,1,2
BRF:12
BRH:10
end_of_record
TN:
SF:src\features\transaction-list\ui\transaction-row.tsx
FN:24,TransactionRow
FNF:1
FNH:1
FNDA:9,TransactionRow
DA:21,2
DA:22,2
DA:25,9
DA:26,9
DA:29,9
DA:31,9
DA:73,2
LF:7
LH:7
BRDA:29,0,0,9
BRDA:29,0,1,1
BRDA:29,1,0,1
BRDA:29,1,1,8
BRDA:40,2,0,9
BRDA:40,2,1,1
BRDA:43,3,0,9
BRDA:43,3,1,1
BRDA:48,4,0,9
BRDA:48,4,1,1
BRDA:61,5,0,1
BRDA:61,5,1,8
BRF:12
BRH:12
end_of_record
TN:
SF:src\screens\category.tsx
FN:20,CategoryScreen
FN:36,(anonymous_1)
FN:41,(anonymous_2)
FN:48,handleSelect
FN:53,handleCreate
FN:69,(anonymous_5)
FNF:6
FNH:0
FNDA:0,CategoryScreen
FNDA:0,(anonymous_1)
FNDA:0,(anonymous_2)
FNDA:0,handleSelect
FNDA:0,handleCreate
FNDA:0,(anonymous_5)
DA:21,0
DA:25,0
DA:28,0
DA:31,0
DA:32,0
DA:36,0
DA:37,0
DA:40,0
DA:42,0
DA:43,0
DA:49,0
DA:50,0
DA:54,0
DA:62,0
DA:69,0
DA:97,0
LF:16
LH:0
BRDA:26,0,0,0
BRDA:26,0,1,0
BRDA:28,1,0,0
BRDA:28,1,1,0
BRDA:42,2,0,0
BRDA:42,2,1,0
BRF:6
BRH:0
end_of_record
TN:
SF:src\screens\create-category.tsx
FN:80,slugifyCategoryLabel
FN:89,buildCustomCategoryId
FN:102,CreateCategoryScreen
FN:120,(anonymous_3)
FN:127,(anonymous_4)
FN:128,(anonymous_5)
FN:134,handleSubmit
FN:148,(anonymous_7)
FN:169,(anonymous_8)
FN:185,(anonymous_9)
FN:205,(anonymous_10)
FN:209,(anonymous_11)
FN:227,(anonymous_12)
FN:227,(anonymous_13)
FN:232,(anonymous_14)
FN:238,(anonymous_15)
FN:253,(anonymous_16)
FNF:17
FNH:0
FNDA:0,slugifyCategoryLabel
FNDA:0,buildCustomCategoryId
FNDA:0,CreateCategoryScreen
FNDA:0,(anonymous_3)
FNDA:0,(anonymous_4)
FNDA:0,(anonymous_5)
FNDA:0,handleSubmit
FNDA:0,(anonymous_7)
FNDA:0,(anonymous_8)
FNDA:0,(anonymous_9)
FNDA:0,(anonymous_10)
FNDA:0,(anonymous_11)
FNDA:0,(anonymous_12)
FNDA:0,(anonymous_13)
FNDA:0,(anonymous_14)
FNDA:0,(anonymous_15)
FNDA:0,(anonymous_16)
DA:14,0
DA:47,0
DA:76,0
DA:78,0
DA:81,0
DA:90,0
DA:91,0
DA:92,0
DA:94,0
DA:95,0
DA:96,0
DA:99,0
DA:103,0
DA:104,0
DA:107,0
DA:108,0
DA:111,0
DA:112,0
DA:113,0
DA:114,0
DA:115,0
DA:116,0
DA:117,0
DA:118,0
DA:120,0
DA:121,0
DA:122,0
DA:126,0
DA:128,0
DA:132,0
DA:135,0
DA:136,0
DA:137,0
DA:140,0
DA:141,0
DA:142,0
DA:145,0
DA:148,0
DA:151,0
DA:158,0
DA:159,0
DA:162,0
DA:169,0
DA:186,0
DA:187,0
DA:188,0
DA:206,0
DA:208,0
DA:209,0
DA:227,0
DA:233,0
DA:235,0
DA:238,0
DA:253,0
DA:265,0
LF:55
LH:0
BRDA:90,0,0,0
BRDA:90,0,1,0
BRDA:105,1,0,0
BRDA:105,1,1,0
BRDA:109,2,0,0
BRDA:109,2,1,0
BRDA:118,3,0,0
BRDA:118,3,1,0
BRDA:121,4,0,0
BRDA:121,4,1,0
BRDA:132,5,0,0
BRDA:132,5,1,0
BRDA:135,6,0,0
BRDA:135,6,1,0
BRDA:140,7,0,0
BRDA:140,7,1,0
BRDA:187,8,0,0
BRDA:187,8,1,0
BRDA:213,9,0,0
BRDA:213,9,1,0
BRDA:239,10,0,0
BRDA:239,10,1,0
BRDA:240,11,0,0
BRDA:240,11,1,0
BRDA:247,12,0,0
BRDA:247,12,1,0
BRDA:255,13,0,0
BRDA:255,13,1,0
BRDA:256,14,0,0
BRDA:256,14,1,0
BRDA:256,14,2,0
BRF:31
BRH:0
end_of_record
TN:
SF:src\screens\home.tsx
FN:42,formatDashboardDate
FN:49,DashboardDonut
FN:51,(anonymous_2)
FN:65,(anonymous_3)
FN:100,HomeScreen
FN:104,(anonymous_5)
FN:106,(anonymous_6)
FN:109,(anonymous_7)
FN:112,(anonymous_8)
FN:113,(anonymous_9)
FN:119,(anonymous_10)
FN:135,openCreateTransaction
FN:139,openTransactions
FN:182,(anonymous_13)
FN:193,(anonymous_14)
FN:204,(anonymous_15)
FN:246,(anonymous_16)
FNF:17
FNH:0
FNDA:0,formatDashboardDate
FNDA:0,DashboardDonut
FNDA:0,(anonymous_2)
FNDA:0,(anonymous_3)
FNDA:0,HomeScreen
FNDA:0,(anonymous_5)
FNDA:0,(anonymous_6)
FNDA:0,(anonymous_7)
FNDA:0,(anonymous_8)
FNDA:0,(anonymous_9)
FNDA:0,(anonymous_10)
FNDA:0,openCreateTransaction
FNDA:0,openTransactions
FNDA:0,(anonymous_13)
FNDA:0,(anonymous_14)
FNDA:0,(anonymous_15)
FNDA:0,(anonymous_16)
DA:25,0
DA:26,0
DA:27,0
DA:28,0
DA:29,0
DA:30,0
DA:31,0
DA:32,0
DA:33,0
DA:34,0
DA:35,0
DA:43,0
DA:50,0
DA:51,0
DA:52,0
DA:54,0
DA:66,0
DA:67,0
DA:68,0
DA:70,0
DA:72,0
DA:101,0
DA:102,0
DA:103,0
DA:104,0
DA:105,0
DA:106,0
DA:109,0
DA:111,0
DA:113,0
DA:117,0
DA:119,0
DA:121,0
DA:122,0
DA:128,0
DA:133,0
DA:136,0
DA:140,0
DA:143,0
DA:182,0
DA:193,0
DA:205,0
DA:247,0
DA:249,0
DA:281,0
LF:45
LH:0
BRDA:50,0,0,0
BRDA:50,0,1,0
BRDA:67,1,0,0
BRDA:67,1,1,0
BRDA:114,2,0,0
BRDA:114,2,1,0
BRDA:114,2,2,0
BRDA:121,3,0,0
BRDA:121,3,1,0
BRDA:123,4,0,0
BRDA:123,4,1,0
BRDA:133,5,0,0
BRDA:133,5,1,0
BRDA:185,6,0,0
BRDA:185,6,1,0
BRDA:196,7,0,0
BRDA:196,7,1,0
BRDA:205,8,0,0
BRDA:205,8,1,0
BRDA:206,9,0,0
BRDA:206,9,1,0
BRDA:223,10,0,0
BRDA:223,10,1,0
BRDA:225,11,0,0
BRDA:225,11,1,0
BRDA:244,12,0,0
BRDA:244,12,1,0
BRDA:244,13,0,0
BRDA:244,13,1,0
BRDA:256,14,0,0
BRDA:256,14,1,0
BRDA:260,15,0,0
BRDA:260,15,1,0
BRDA:265,16,0,0
BRDA:265,16,1,0
BRF:35
BRH:0
end_of_record
TN:
SF:src\screens\transaction.tsx
FN:8,TransactionScreen
FN:27,(anonymous_1)
FN:34,(anonymous_2)
FN:35,(anonymous_3)
FNF:4
FNH:0
FNDA:0,TransactionScreen
FNDA:0,(anonymous_1)
FNDA:0,(anonymous_2)
FNDA:0,(anonymous_3)
DA:9,0
DA:10,0
DA:11,0
DA:12,0
DA:14,0
DA:27,0
DA:34,0
DA:35,0
LF:8
LH:0
BRDA:12,0,0,0
BRDA:12,0,1,0
BRDA:18,1,0,0
BRDA:18,1,1,0
BRDA:22,2,0,0
BRDA:22,2,1,0
BRDA:22,3,0,0
BRDA:22,3,1,0
BRF:8
BRH:0
end_of_record
TN:
SF:src\screens\transactions.tsx
FN:14,TransactionsScreen
FN:17,(anonymous_1)
FN:17,(anonymous_2)
FN:27,(anonymous_3)
FN:28,(anonymous_4)
FN:40,(anonymous_5)
FN:54,(anonymous_6)
FN:67,(anonymous_7)
FN:80,(anonymous_8)
FN:84,(anonymous_9)
FN:97,(anonymous_10)
FN:108,(anonymous_11)
FN:118,(anonymous_12)
FN:119,(anonymous_13)
FNF:14
FNH:0
FNDA:0,TransactionsScreen
FNDA:0,(anonymous_1)
FNDA:0,(anonymous_2)
FNDA:0,(anonymous_3)
FNDA:0,(anonymous_4)
FNDA:0,(anonymous_5)
FNDA:0,(anonymous_6)
FNDA:0,(anonymous_7)
FNDA:0,(anonymous_8)
FNDA:0,(anonymous_9)
FNDA:0,(anonymous_10)
FNDA:0,(anonymous_11)
FNDA:0,(anonymous_12)
FNDA:0,(anonymous_13)
DA:12,0
DA:15,0
DA:16,0
DA:17,0
DA:20,0
DA:21,0
DA:22,0
DA:24,0
DA:25,0
DA:27,0
DA:28,0
DA:29,0
DA:30,0
DA:31,0
DA:35,0
DA:40,0
DA:54,0
DA:67,0
DA:81,0
DA:83,0
DA:84,0
DA:97,0
DA:108,0
DA:118,0
DA:120,0
DA:130,0
LF:26
LH:0
BRDA:59,0,0,0
BRDA:59,0,1,0
BRDA:72,1,0,0
BRDA:72,1,1,0
BRDA:84,2,0,0
BRDA:84,2,1,0
BRDA:85,3,0,0
BRDA:85,3,1,0
BRDA:122,4,0,0
BRDA:122,4,1,0
BRF:10
BRH:0
end_of_record
TN:
SF:src\shared\config\i18n.ts
FN:12,detectLocale
FNF:1
FNH:1
FNDA:10,detectLocale
DA:10,10
DA:13,10
DA:14,10
DA:15,10
DA:17,0
DA:22,10
DA:25,10
DA:28,10
LF:8
LH:7
BRDA:15,0,0,10
BRDA:15,0,1,0
BRF:2
BRH:1
end_of_record
TN:
SF:src\shared\config\strings.ts
FNF:0
FNH:0
DA:15,7
LF:1
LH:1
BRF:0
BRH:0
end_of_record
TN:
SF:src\shared\config\theme.ts
FNF:0
FNH:0
DA:4,8
DA:13,8
DA:39,8
DA:53,8
DA:64,8
DA:75,8
DA:83,8
DA:84,8
DA:85,8
DA:86,8
DA:87,8
DA:88,8
DA:89,8
DA:90,8
DA:91,8
DA:92,8
DA:94,8
DA:129,8
DA:142,8
LF:19
LH:19
BRF:0
BRH:0
end_of_record
TN:
SF:src\shared\config\transaction-categories.ts
FN:45,mapCustomCategory
FN:55,getBuiltinCategoriesByType
FN:56,(anonymous_2)
FN:59,mergeCategoriesByType
FN:60,(anonymous_4)
FN:63,getCustomCategories
FN:67,useCategoriesByType
FN:70,(anonymous_7)
FN:73,getCategoryLabel
FN:77,getCategoryDefinition
FN:81,(anonymous_10)
FN:83,(anonymous_11)
FN:86,isValidCategoryForType
FNF:13
FNH:13
FNDA:5,mapCustomCategory
FNDA:26,getBuiltinCategoriesByType
FNDA:390,(anonymous_2)
FNDA:26,mergeCategoriesByType
FNDA:4,(anonymous_4)
FNDA:35,getCustomCategories
FNDA:83,useCategoriesByType
FNDA:26,(anonymous_7)
FNDA:2,getCategoryLabel
FNDA:35,getCategoryDefinition
FNDA:3,(anonymous_10)
FNDA:116,(anonymous_11)
FNDA:20,isValidCategoryForType
DA:19,8
DA:31,8
DA:40,8
DA:43,8
DA:46,5
DA:56,390
DA:60,26
DA:64,35
DA:68,83
DA:70,83
DA:74,2
DA:81,35
DA:82,35
DA:83,116
DA:87,20
DA:88,20
LF:16
LH:16
BRDA:74,0,0,2
BRDA:74,0,1,1
BRDA:82,1,0,3
BRDA:82,1,1,32
BRF:4
BRH:4
end_of_record
TN:
SF:src\shared\hooks\use-color-scheme.ts
FNF:0
FNH:0
LF:0
LH:0
BRF:0
BRH:0
end_of_record
TN:
SF:src\shared\hooks\use-color-scheme.web.ts
FNF:0
FNH:0
LF:0
LH:0
BRF:0
BRH:0
end_of_record
TN:
SF:src\shared\hooks\use-theme-color.ts
FN:4,useThemeColor
FNF:1
FNH:1
FNDA:150,useThemeColor
DA:8,150
DA:9,150
DA:11,150
DA:12,0
DA:15,150
LF:5
LH:4
BRDA:8,0,0,150
BRDA:8,0,1,0
BRDA:11,1,0,0
BRDA:11,1,1,150
BRF:4
BRH:2
end_of_record
TN:
SF:src\shared\hooks\use-typed-search-params.ts
FN:8,pickParam
FN:23,useTypedSearchParams
FN:28,(anonymous_2)
FN:36,(anonymous_3)
FNF:4
FNH:4
FNDA:8,pickParam
FNDA:2,useTypedSearchParams
FNDA:2,(anonymous_2)
FNDA:3,(anonymous_3)
DA:9,8
DA:10,6
DA:11,6
DA:26,2
DA:28,2
DA:29,2
DA:30,2
DA:31,3
DA:33,2
DA:36,3
LF:10
LH:10
BRDA:9,0,0,2
BRDA:9,0,1,6
BRDA:10,1,0,3
BRDA:10,1,1,3
BRDA:11,2,0,4
BRDA:11,2,1,2
BRDA:11,3,0,6
BRDA:11,3,1,4
BRF:8
BRH:8
end_of_record
TN:
SF:src\shared\lib\crash-logger.ts
FN:25,logCrash
FNF:1
FNH:0
FNDA:0,logCrash
DA:26,0
DA:35,0
LF:2
LH:0
BRDA:28,0,0,0
BRDA:28,0,1,0
BRDA:29,1,0,0
BRDA:29,1,1,0
BRDA:30,2,0,0
BRDA:30,2,1,0
BRF:6
BRH:0
end_of_record
TN:
SF:src\shared\lib\currency.ts
FN:10,formatCurrency
FNF:1
FNH:1
FNDA:6,formatCurrency
DA:3,1
DA:11,6
LF:2
LH:2
BRF:0
BRH:0
end_of_record
TN:
SF:src\shared\lib\date.ts
FN:3,formatDateInput
FN:12,parseDateInput
FN:41,getDayKey
FN:45,formatDayLabel
FN:71,formatTransactionDate
FN:78,formatTransactionTime
FN:85,formatMonthDayLabel
FNF:7
FNH:5
FNDA:127,formatDateInput
FNDA:119,parseDateInput
FNDA:10,getDayKey
FNDA:4,formatDayLabel
FNDA:0,formatTransactionDate
FNDA:9,formatTransactionTime
FNDA:0,formatMonthDayLabel
DA:4,127
DA:5,127
DA:6,127
DA:7,127
DA:9,127
DA:13,119
DA:15,119
DA:16,9
DA:19,110
DA:20,110
DA:21,110
DA:22,110
DA:24,110
DA:25,4
DA:28,106
DA:30,106
DA:35,3
DA:38,103
DA:42,10
DA:46,4
DA:48,4
DA:49,1
DA:52,3
DA:53,3
DA:54,3
DA:56,3
DA:57,1
DA:60,2
DA:61,1
DA:64,1
DA:72,0
DA:79,9
DA:86,0
LF:33
LH:31
BRDA:15,0,0,9
BRDA:15,0,1,110
BRDA:24,1,0,4
BRDA:24,1,1,106
BRDA:24,2,0,110
BRDA:24,2,1,110
BRDA:24,2,2,109
BRDA:24,2,3,108
BRDA:24,2,4,107
BRDA:30,3,0,3
BRDA:30,3,1,103
BRDA:31,4,0,106
BRDA:31,4,1,106
BRDA:31,4,2,103
BRDA:48,5,0,1
BRDA:48,5,1,3
BRDA:56,6,0,1
BRDA:56,6,1,2
BRDA:60,7,0,1
BRDA:60,7,1,1
BRF:20
BRH:20
end_of_record
TN:
SF:src\shared\lib\receipt-storage.ts
FN:14,(anonymous_0)
FN:21,getFileExtension
FN:32,ensureReceiptsDirectory
FN:44,isPersistedReceiptUri
FN:48,persistReceiptPhotoAsync
FN:99,persistReceiptPhotosAsync
FN:108,(anonymous_6)
FN:112,(anonymous_7)
FN:113,(anonymous_8)
FN:119,deletePersistedReceiptPhotoAsync
FN:132,deletePersistedReceiptPhotosAsync
FN:133,(anonymous_11)
FN:136,describeError
FNF:13
FNH:13
FNDA:8,(anonymous_0)
FNDA:12,getFileExtension
FNDA:6,ensureReceiptsDirectory
FNDA:23,isPersistedReceiptUri
FNDA:14,persistReceiptPhotoAsync
FNDA:3,persistReceiptPhotosAsync
FNDA:2,(anonymous_6)
FNDA:2,(anonymous_7)
FNDA:1,(anonymous_8)
FNDA:6,deletePersistedReceiptPhotoAsync
FNDA:1,deletePersistedReceiptPhotosAsync
FNDA:2,(anonymous_11)
FNDA:3,describeError
DA:4,2
DA:8,2
DA:9,2
DA:15,8
DA:16,8
DA:17,8
DA:22,12
DA:23,12
DA:25,12
DA:26,0
DA:29,12
DA:33,6
DA:34,0
DA:37,6
DA:39,6
DA:40,1
DA:45,23
DA:49,14
DA:50,2
DA:53,12
DA:55,12
DA:56,2
DA:60,10
DA:61,10
DA:63,2
DA:66,8
DA:67,1
DA:70,7
DA:71,1
DA:77,6
DA:78,6
DA:80,0
DA:83,6
DA:85,6
DA:86,6
DA:88,1
DA:91,5
DA:100,3
DA:102,3
DA:103,3
DA:104,6
DA:105,4
DA:108,2
DA:110,2
DA:112,2
DA:113,1
DA:115,2
DA:120,6
DA:121,1
DA:124,5
DA:125,5
DA:128,2
DA:133,2
DA:137,3
DA:138,0
LF:55
LH:51
BRDA:4,0,0,2
BRDA:4,0,1,0
BRDA:22,1,0,12
BRDA:22,1,1,0
BRDA:25,2,0,0
BRDA:25,2,1,12
BRDA:25,3,0,12
BRDA:25,3,1,12
BRDA:33,4,0,0
BRDA:33,4,1,6
BRDA:33,5,0,6
BRDA:33,5,1,6
BRDA:39,6,0,1
BRDA:39,6,1,5
BRDA:45,7,0,23
BRDA:45,7,1,23
BRDA:49,8,0,2
BRDA:49,8,1,12
BRDA:49,9,0,14
BRDA:49,9,1,14
BRDA:49,9,2,14
BRDA:55,10,0,2
BRDA:55,10,1,10
BRDA:66,11,0,1
BRDA:66,11,1,7
BRDA:70,12,0,1
BRDA:70,12,1,6
BRDA:70,13,0,7
BRDA:70,13,1,7
BRDA:120,14,0,1
BRDA:120,14,1,5
BRDA:120,15,0,6
BRDA:120,15,1,5
BRDA:137,16,0,3
BRDA:137,16,1,0
BRF:35
BRH:30
end_of_record
TN:
SF:src\shared\lib\storage.ts
FN:22,createSafeStorage
FN:26,(anonymous_1)
FN:69,(anonymous_2)
FN:77,(anonymous_3)
FN:83,safeRemove
FNF:5
FNH:5
FNDA:20,createSafeStorage
FNDA:18,(anonymous_1)
FNDA:1119,(anonymous_2)
FNDA:1,(anonymous_3)
FNDA:4,safeRemove
DA:3,11
DA:4,11
DA:25,20
DA:28,18
DA:29,18
DA:31,1
DA:32,1
DA:35,17
DA:36,13
DA:40,4
DA:41,4
DA:43,1
DA:44,1
DA:45,1
DA:48,3
DA:53,1
DA:54,1
DA:55,1
DA:58,2
DA:60,2
DA:61,1
DA:62,1
DA:63,1
DA:66,1
DA:70,1119
DA:71,1119
DA:73,1
DA:78,1
DA:84,4
DA:85,4
DA:87,0
LF:31
LH:30
BRDA:35,0,0,13
BRDA:35,0,1,4
BRDA:48,1,0,1
BRDA:48,1,1,2
BRDA:49,2,0,3
BRDA:49,2,1,3
BRDA:49,2,2,3
BRDA:60,3,0,1
BRDA:60,3,1,1
BRDA:60,4,0,2
BRDA:60,4,1,2
BRF:11
BRH:11
end_of_record
TN:
SF:src\shared\ui\button.tsx
FN:22,Button
FN:52,(anonymous_1)
FNF:2
FNH:2
FNDA:7,Button
FNDA:7,(anonymous_1)
DA:19,4
DA:20,4
DA:30,7
DA:31,7
DA:32,7
DA:33,7
DA:34,7
DA:37,7
DA:45,7
DA:47,7
DA:52,7
DA:65,4
LF:12
LH:12
BRDA:25,0,0,3
BRDA:26,1,0,6
BRDA:37,2,0,4
BRDA:37,2,1,3
BRDA:39,3,0,1
BRDA:39,3,1,2
BRDA:41,4,0,1
BRDA:41,4,1,1
BRDA:45,5,0,4
BRDA:45,5,1,3
BRDA:45,6,0,1
BRDA:45,6,1,2
BRDA:55,7,0,7
BRDA:55,7,1,1
BRDA:56,8,0,7
BRDA:56,8,1,0
BRDA:56,8,2,0
BRF:17
BRH:15
end_of_record
TN:
SF:src\shared\ui\card.tsx
FN:15,Card
FNF:1
FNH:1
FNDA:6,Card
DA:12,3
DA:13,3
DA:16,6
DA:17,6
DA:19,6
DA:22,3
LF:6
LH:6
BRF:0
BRH:0
end_of_record
TN:
SF:src\shared\ui\empty-state.tsx
FN:15,EmptyState
FNF:1
FNH:1
FNDA:1,EmptyState
DA:16,1
DA:27,3
LF:2
LH:2
BRDA:22,0,0,1
BRDA:22,0,1,0
BRDA:22,1,0,1
BRDA:22,1,1,1
BRF:4
BRH:3
end_of_record
TN:
SF:src\shared\ui\error-boundary.tsx
FN:18,(anonymous_0)
FN:22,(anonymous_1)
FN:29,(anonymous_2)
FN:33,(anonymous_3)
FN:48,(anonymous_4)
FNF:5
FNH:5
FNDA:4,(anonymous_0)
FNDA:2,(anonymous_1)
FNDA:1,(anonymous_2)
FNDA:11,(anonymous_3)
FNDA:5,(anonymous_4)
DA:16,5
DA:19,4
DA:23,2
DA:29,5
DA:30,1
DA:34,11
DA:36,11
DA:37,6
DA:40,5
DA:48,5
DA:57,4
LF:11
LH:11
BRDA:36,0,0,6
BRDA:36,0,1,5
BRDA:43,1,0,5
BRDA:43,1,1,0
BRDA:48,2,0,5
BRDA:48,2,1,0
BRF:6
BRH:4
end_of_record
TN:
SF:src\shared\ui\loading-state.tsx
FN:12,LoadingState
FNF:1
FNH:1
FNDA:5,LoadingState
DA:13,5
DA:15,5
DA:25,3
LF:3
LH:3
BRDA:12,0,0,0
BRF:1
BRH:0
end_of_record
TN:
SF:src\shared\ui\screen.tsx
FN:20,Screen
FNF:1
FNH:0
FNDA:0,Screen
DA:15,3
DA:16,3
DA:17,3
DA:18,3
DA:21,0
DA:23,0
DA:24,0
DA:36,0
DA:43,3
LF:9
LH:5
BRDA:20,0,0,0
BRDA:23,1,0,0
BRDA:23,1,1,0
BRF:3
BRH:0
end_of_record
TN:
SF:src\shared\ui\text-field.tsx
FN:18,TextField
FNF:1
FNH:1
FNDA:3,TextField
DA:14,4
DA:15,4
DA:16,4
DA:19,3
DA:20,3
DA:21,3
DA:22,3
DA:23,3
DA:25,3
DA:47,4
LF:10
LH:10
BRDA:34,0,0,1
BRDA:34,0,1,2
BRDA:41,1,0,1
BRDA:41,1,1,2
BRDA:42,2,0,1
BRDA:42,2,1,2
BRDA:42,3,0,3
BRDA:42,3,1,2
BRF:8
BRH:8
end_of_record
TN:
SF:src\shared\ui\themed-text.tsx
FN:12,ThemedText
FNF:1
FNH:1
FNDA:83,ThemedText
DA:19,83
DA:21,83
DA:37,5
LF:3
LH:3
BRDA:16,0,0,79
BRDA:25,1,0,79
BRDA:25,1,1,4
BRDA:26,2,0,0
BRDA:26,2,1,83
BRDA:27,3,0,3
BRDA:27,3,1,80
BRDA:28,4,0,1
BRDA:28,4,1,82
BRDA:29,5,0,0
BRDA:29,5,1,83
BRF:11
BRH:9
end_of_record
TN:
SF:src\shared\ui\themed-view.tsx
FN:10,ThemedView
FNF:1
FNH:0
FNDA:0,ThemedView
DA:11,0
DA:13,0
LF:2
LH:0
BRF:0
BRH:0
end_of_record
